[0.018s] Invoking command in '/home/pc/US_Teleop_ws/Touch_Diana_Teleop/build/sri_interface': CMAKE_PREFIX_PATH=${CMAKE_PREFIX_PATH}:/opt/ros/humble /usr/bin/cmake /home/pc/US_Teleop_ws/Touch_Diana_Teleop/src/interfaces/sri_interface -DCMAKE_INSTALL_PREFIX=/home/pc/US_Teleop_ws/Touch_Diana_Teleop/install/sri_interface
[0.133s] -- The C compiler identification is GNU 11.4.0
[0.224s] -- The CXX compiler identification is GNU 11.4.0
[0.234s] -- Detecting C compiler ABI info
[0.349s] -- Detecting C compiler ABI info - done
[0.359s] -- Check for working C compiler: /usr/bin/cc - skipped
[0.359s] -- Detecting C compile features
[0.359s] -- Detecting C compile features - done
[0.363s] -- Detecting CXX compiler ABI info
[0.502s] -- Detecting CXX compiler ABI info - done
[0.511s] -- Check for working CXX compiler: /usr/bin/c++ - skipped
[0.511s] -- Detecting CXX compile features
[0.512s] -- Detecting CXX compile features - done
[0.518s] -- Found ament_cmake: 1.3.11 (/opt/ros/humble/share/ament_cmake/cmake)
[0.776s] -- Found Python3: /usr/bin/python3 (found version "3.10.12") found components: Interpreter 
[0.936s] -- Found rclcpp: 16.0.11 (/opt/ros/humble/share/rclcpp/cmake)
[1.007s] -- Found rosidl_generator_c: 3.1.6 (/opt/ros/humble/share/rosidl_generator_c/cmake)
[1.015s] -- Found rosidl_adapter: 3.1.6 (/opt/ros/humble/share/rosidl_adapter/cmake)
[1.026s] -- Found rosidl_generator_cpp: 3.1.6 (/opt/ros/humble/share/rosidl_generator_cpp/cmake)
[1.041s] -- Using all available rosidl_typesupport_c: rosidl_typesupport_fastrtps_c;rosidl_typesupport_introspection_c
[1.061s] -- Using all available rosidl_typesupport_cpp: rosidl_typesupport_fastrtps_cpp;rosidl_typesupport_introspection_cpp
[1.121s] -- Found rmw_implementation_cmake: 6.1.2 (/opt/ros/humble/share/rmw_implementation_cmake/cmake)
[1.125s] -- Found rmw_fastrtps_cpp: 6.2.7 (/opt/ros/humble/share/rmw_fastrtps_cpp/cmake)
[1.289s] -- Found OpenSSL: /usr/lib/x86_64-linux-gnu/libcrypto.so (found version "3.0.2")  
[1.332s] -- Found FastRTPS: /opt/ros/humble/include  
[1.385s] -- Using RMW implementation 'rmw_fastrtps_cpp' as default
[1.397s] -- Looking for pthread.h
[1.539s] -- Looking for pthread.h - found
[1.540s] -- Performing Test CMAKE_HAVE_LIBC_PTHREAD
[1.682s] -- Performing Test CMAKE_HAVE_LIBC_PTHREAD - Success
[1.684s] -- Found Threads: TRUE  
[1.747s] -- Found geometry_msgs: 4.2.4 (/opt/ros/humble/share/geometry_msgs/cmake)
[1.763s] -- Found rosidl_default_generators: 1.2.0 (/opt/ros/humble/share/rosidl_default_generators/cmake)
[2.238s] -- Found ament_cmake_ros: 0.10.0 (/opt/ros/humble/share/ament_cmake_ros/cmake)
[2.899s] -- Using all available rosidl_typesupport_c: rosidl_typesupport_fastrtps_c;rosidl_typesupport_introspection_c
[3.207s] -- Using all available rosidl_typesupport_cpp: rosidl_typesupport_fastrtps_cpp;rosidl_typesupport_introspection_cpp
[3.250s] -- Found PythonInterp: /usr/bin/python3 (found suitable version "3.10.12", minimum required is "3.6") 
[3.253s] -- Found python_cmake_module: 0.10.0 (/opt/ros/humble/share/python_cmake_module/cmake)
[3.298s] -- Found PythonLibs: /usr/lib/x86_64-linux-gnu/libpython3.10.so (found suitable version "3.10.12", minimum required is "3.5") 
[3.298s] -- Using PYTHON_EXECUTABLE: /usr/bin/python3
[3.298s] -- Using PYTHON_INCLUDE_DIRS: /usr/include/python3.10
[3.298s] -- Using PYTHON_LIBRARIES: /usr/lib/x86_64-linux-gnu/libpython3.10.so
[3.339s] -- Found PythonExtra: .so  
[3.448s] -- Found ament_lint_auto: 0.12.11 (/opt/ros/humble/share/ament_lint_auto/cmake)
[3.501s] -- Added test 'lint_cmake' to check CMake code style
[3.504s] -- Added test 'xmllint' to check XML markup files
[3.511s] -- Configuring done
[3.596s] -- Generating done
[3.619s] -- Build files have been written to: /home/pc/US_Teleop_ws/Touch_Diana_Teleop/build/sri_interface
[3.683s] Invoked command in '/home/pc/US_Teleop_ws/Touch_Diana_Teleop/build/sri_interface' returned '0': CMAKE_PREFIX_PATH=${CMAKE_PREFIX_PATH}:/opt/ros/humble /usr/bin/cmake /home/pc/US_Teleop_ws/Touch_Diana_Teleop/src/interfaces/sri_interface -DCMAKE_INSTALL_PREFIX=/home/pc/US_Teleop_ws/Touch_Diana_Teleop/install/sri_interface
[3.686s] Invoking command in '/home/pc/US_Teleop_ws/Touch_Diana_Teleop/build/sri_interface': CMAKE_PREFIX_PATH=${CMAKE_PREFIX_PATH}:/opt/ros/humble /usr/bin/cmake --build /home/pc/US_Teleop_ws/Touch_Diana_Teleop/build/sri_interface -- -j16 -l16
[3.790s] [  2%] [34m[1mGenerating C code for ROS interfaces[0m
[3.823s] [  5%] [34m[1mGenerating C++ code for ROS interfaces[0m
[3.854s] [  5%] Built target ament_cmake_python_copy_sri_interface
[4.310s] running egg_info
[4.311s] creating sri_interface.egg-info
[4.311s] writing sri_interface.egg-info/PKG-INFO
[4.311s] writing dependency_links to sri_interface.egg-info/dependency_links.txt
[4.312s] writing top-level names to sri_interface.egg-info/top_level.txt
[4.315s] writing manifest file 'sri_interface.egg-info/SOURCES.txt'
[4.319s] reading manifest file 'sri_interface.egg-info/SOURCES.txt'
[4.324s] writing manifest file 'sri_interface.egg-info/SOURCES.txt'
[4.612s] [  5%] Built target ament_cmake_python_build_sri_interface_egg
[4.613s] [  5%] Built target sri_interface__cpp
[4.639s] [  7%] [32mBuilding C object CMakeFiles/sri_interface__rosidl_generator_c.dir/rosidl_generator_c/sri_interface/msg/detail/six_axis_fts__functions.c.o[0m
[4.641s] [ 10%] [32mBuilding C object CMakeFiles/sri_interface__rosidl_generator_c.dir/rosidl_generator_c/sri_interface/msg/detail/omni_feedback__functions.c.o[0m
[4.689s] [ 12%] [34m[1mGenerating C++ type support for eProsima Fast-RTPS[0m
[4.703s] [ 15%] [34m[1mGenerating C++ introspection for ROS interfaces[0m
[4.707s] [ 17%] [34m[1mGenerating C++ type support dispatch for ROS interfaces[0m
[4.964s] [ 20%] [32m[1mLinking C shared library libsri_interface__rosidl_generator_c.so[0m
[5.282s] [ 20%] Built target sri_interface__rosidl_generator_c
[5.340s] [ 23%] [34m[1mGenerating C introspection for ROS interfaces[0m
[5.363s] [ 25%] [34m[1mGenerating C type support dispatch for ROS interfaces[0m
[5.375s] [ 28%] [34m[1mGenerating C type support for eProsima Fast-RTPS[0m
[5.860s] [ 30%] [32mBuilding CXX object CMakeFiles/sri_interface__rosidl_typesupport_cpp.dir/rosidl_typesupport_cpp/sri_interface/msg/omni_feedback__type_support.cpp.o[0m
[5.868s] [ 33%] [32mBuilding CXX object CMakeFiles/sri_interface__rosidl_typesupport_cpp.dir/rosidl_typesupport_cpp/sri_interface/msg/six_axis_fts__type_support.cpp.o[0m
[5.935s] [ 35%] [32mBuilding CXX object CMakeFiles/sri_interface__rosidl_typesupport_introspection_cpp.dir/rosidl_typesupport_introspection_cpp/sri_interface/msg/detail/six_axis_fts__type_support.cpp.o[0m
[5.937s] [ 38%] [32mBuilding CXX object CMakeFiles/sri_interface__rosidl_typesupport_introspection_cpp.dir/rosidl_typesupport_introspection_cpp/sri_interface/msg/detail/omni_feedback__type_support.cpp.o[0m
[6.284s] [ 41%] [32mBuilding CXX object CMakeFiles/sri_interface__rosidl_typesupport_fastrtps_cpp.dir/rosidl_typesupport_fastrtps_cpp/sri_interface/msg/detail/dds_fastrtps/six_axis_fts__type_support.cpp.o[0m
[6.295s] [ 43%] [32mBuilding CXX object CMakeFiles/sri_interface__rosidl_typesupport_fastrtps_cpp.dir/rosidl_typesupport_fastrtps_cpp/sri_interface/msg/detail/dds_fastrtps/omni_feedback__type_support.cpp.o[0m
[6.452s] [ 46%] [32mBuilding C object CMakeFiles/sri_interface__rosidl_typesupport_introspection_c.dir/rosidl_typesupport_introspection_c/sri_interface/msg/detail/six_axis_fts__type_support.c.o[0m
[6.457s] [ 48%] [32mBuilding C object CMakeFiles/sri_interface__rosidl_typesupport_introspection_c.dir/rosidl_typesupport_introspection_c/sri_interface/msg/detail/omni_feedback__type_support.c.o[0m
[6.504s] [ 51%] [32mBuilding CXX object CMakeFiles/sri_interface__rosidl_typesupport_c.dir/rosidl_typesupport_c/sri_interface/msg/six_axis_fts__type_support.cpp.o[0m
[6.529s] [ 53%] [32mBuilding CXX object CMakeFiles/sri_interface__rosidl_typesupport_c.dir/rosidl_typesupport_c/sri_interface/msg/omni_feedback__type_support.cpp.o[0m
[6.622s] [ 56%] [32m[1mLinking C shared library libsri_interface__rosidl_typesupport_introspection_c.so[0m
[6.652s] [ 58%] [32m[1mLinking CXX shared library libsri_interface__rosidl_typesupport_c.so[0m
[6.733s] [ 61%] [32mBuilding CXX object CMakeFiles/sri_interface__rosidl_typesupport_fastrtps_c.dir/rosidl_typesupport_fastrtps_c/sri_interface/msg/detail/six_axis_fts__type_support_c.cpp.o[0m
[6.744s] [ 64%] [32mBuilding CXX object CMakeFiles/sri_interface__rosidl_typesupport_fastrtps_c.dir/rosidl_typesupport_fastrtps_c/sri_interface/msg/detail/omni_feedback__type_support_c.cpp.o[0m
[6.762s] [ 64%] Built target sri_interface__rosidl_typesupport_introspection_c
[6.851s] [ 64%] Built target sri_interface__rosidl_typesupport_c
[6.912s] [ 66%] [32m[1mLinking CXX shared library libsri_interface__rosidl_typesupport_cpp.so[0m
[7.071s] [ 66%] Built target sri_interface__rosidl_typesupport_cpp
[7.160s] [ 69%] [32m[1mLinking CXX shared library libsri_interface__rosidl_typesupport_introspection_cpp.so[0m
[7.343s] [ 71%] [32m[1mLinking CXX shared library libsri_interface__rosidl_typesupport_fastrtps_cpp.so[0m
[7.433s] [ 71%] Built target sri_interface__rosidl_typesupport_introspection_cpp
[7.469s] [ 74%] [32m[1mLinking CXX shared library libsri_interface__rosidl_typesupport_fastrtps_c.so[0m
[7.591s] [ 74%] Built target sri_interface__rosidl_typesupport_fastrtps_cpp
[7.671s] [ 74%] Built target sri_interface__rosidl_typesupport_fastrtps_c
[7.710s] [ 74%] Built target sri_interface
[7.747s] [ 76%] [34m[1mGenerating Python code for ROS interfaces[0m
[8.281s] [ 76%] Built target sri_interface__py
[8.327s] [ 82%] [32mBuilding C object CMakeFiles/sri_interface__rosidl_generator_py.dir/rosidl_generator_py/sri_interface/msg/_omni_feedback_s.c.o[0m
[8.327s] [ 82%] [32mBuilding C object CMakeFiles/sri_interface__rosidl_generator_py.dir/rosidl_generator_py/sri_interface/msg/_six_axis_fts_s.c.o[0m
[8.503s] [ 84%] [32m[1mLinking C shared library rosidl_generator_py/sri_interface/libsri_interface__rosidl_generator_py.so[0m
[8.577s] [ 84%] Built target sri_interface__rosidl_generator_py
[8.614s] [ 92%] [32mBuilding C object CMakeFiles/sri_interface__rosidl_typesupport_introspection_c__pyext.dir/rosidl_generator_py/sri_interface/_sri_interface_s.ep.rosidl_typesupport_introspection_c.c.o[0m
[8.614s] [ 92%] [32mBuilding C object CMakeFiles/sri_interface__rosidl_typesupport_fastrtps_c__pyext.dir/rosidl_generator_py/sri_interface/_sri_interface_s.ep.rosidl_typesupport_fastrtps_c.c.o[0m
[8.614s] [ 92%] [32mBuilding C object CMakeFiles/sri_interface__rosidl_typesupport_c__pyext.dir/rosidl_generator_py/sri_interface/_sri_interface_s.ep.rosidl_typesupport_c.c.o[0m
[8.774s] [ 94%] [32m[1mLinking C shared library rosidl_generator_py/sri_interface/sri_interface_s__rosidl_typesupport_fastrtps_c.cpython-310-x86_64-linux-gnu.so[0m
[8.778s] [100%] [32m[1mLinking C shared library rosidl_generator_py/sri_interface/sri_interface_s__rosidl_typesupport_c.cpython-310-x86_64-linux-gnu.so[0m
[8.778s] [100%] [32m[1mLinking C shared library rosidl_generator_py/sri_interface/sri_interface_s__rosidl_typesupport_introspection_c.cpython-310-x86_64-linux-gnu.so[0m
[8.851s] [100%] Built target sri_interface__rosidl_typesupport_fastrtps_c__pyext
[8.852s] [100%] Built target sri_interface__rosidl_typesupport_introspection_c__pyext
[8.852s] [100%] Built target sri_interface__rosidl_typesupport_c__pyext
[8.876s] Invoked command in '/home/pc/US_Teleop_ws/Touch_Diana_Teleop/build/sri_interface' returned '0': CMAKE_PREFIX_PATH=${CMAKE_PREFIX_PATH}:/opt/ros/humble /usr/bin/cmake --build /home/pc/US_Teleop_ws/Touch_Diana_Teleop/build/sri_interface -- -j16 -l16
[8.879s] Invoking command in '/home/pc/US_Teleop_ws/Touch_Diana_Teleop/build/sri_interface': CMAKE_PREFIX_PATH=${CMAKE_PREFIX_PATH}:/opt/ros/humble /usr/bin/cmake --install /home/pc/US_Teleop_ws/Touch_Diana_Teleop/build/sri_interface
[8.892s] -- Install configuration: ""
[8.893s] -- Installing: /home/pc/US_Teleop_ws/Touch_Diana_Teleop/install/sri_interface/share/ament_index/resource_index/rosidl_interfaces/sri_interface
[8.893s] -- Installing: /home/pc/US_Teleop_ws/Touch_Diana_Teleop/install/sri_interface/include/sri_interface/sri_interface
[8.893s] -- Installing: /home/pc/US_Teleop_ws/Touch_Diana_Teleop/install/sri_interface/include/sri_interface/sri_interface/msg
[8.893s] -- Installing: /home/pc/US_Teleop_ws/Touch_Diana_Teleop/install/sri_interface/include/sri_interface/sri_interface/msg/omni_feedback.h
[8.893s] -- Installing: /home/pc/US_Teleop_ws/Touch_Diana_Teleop/install/sri_interface/include/sri_interface/sri_interface/msg/six_axis_fts.h
[8.893s] -- Installing: /home/pc/US_Teleop_ws/Touch_Diana_Teleop/install/sri_interface/include/sri_interface/sri_interface/msg/rosidl_generator_c__visibility_control.h
[8.893s] -- Installing: /home/pc/US_Teleop_ws/Touch_Diana_Teleop/install/sri_interface/include/sri_interface/sri_interface/msg/detail
[8.893s] -- Installing: /home/pc/US_Teleop_ws/Touch_Diana_Teleop/install/sri_interface/include/sri_interface/sri_interface/msg/detail/omni_feedback__type_support.h
[8.894s] -- Installing: /home/pc/US_Teleop_ws/Touch_Diana_Teleop/install/sri_interface/include/sri_interface/sri_interface/msg/detail/omni_feedback__struct.h
[8.894s] -- Installing: /home/pc/US_Teleop_ws/Touch_Diana_Teleop/install/sri_interface/include/sri_interface/sri_interface/msg/detail/six_axis_fts__functions.c
[8.894s] -- Installing: /home/pc/US_Teleop_ws/Touch_Diana_Teleop/install/sri_interface/include/sri_interface/sri_interface/msg/detail/omni_feedback__functions.h
[8.894s] -- Installing: /home/pc/US_Teleop_ws/Touch_Diana_Teleop/install/sri_interface/include/sri_interface/sri_interface/msg/detail/six_axis_fts__functions.h
[8.894s] -- Installing: /home/pc/US_Teleop_ws/Touch_Diana_Teleop/install/sri_interface/include/sri_interface/sri_interface/msg/detail/omni_feedback__functions.c
[8.894s] -- Installing: /home/pc/US_Teleop_ws/Touch_Diana_Teleop/install/sri_interface/include/sri_interface/sri_interface/msg/detail/six_axis_fts__type_support.h
[8.894s] -- Installing: /home/pc/US_Teleop_ws/Touch_Diana_Teleop/install/sri_interface/include/sri_interface/sri_interface/msg/detail/six_axis_fts__struct.h
[8.894s] -- Installing: /home/pc/US_Teleop_ws/Touch_Diana_Teleop/install/sri_interface/share/sri_interface/environment/library_path.sh
[8.894s] -- Installing: /home/pc/US_Teleop_ws/Touch_Diana_Teleop/install/sri_interface/share/sri_interface/environment/library_path.dsv
[8.895s] -- Installing: /home/pc/US_Teleop_ws/Touch_Diana_Teleop/install/sri_interface/lib/libsri_interface__rosidl_generator_c.so
[8.895s] -- Set runtime path of "/home/pc/US_Teleop_ws/Touch_Diana_Teleop/install/sri_interface/lib/libsri_interface__rosidl_generator_c.so" to ""
[8.895s] -- Up-to-date: /home/pc/US_Teleop_ws/Touch_Diana_Teleop/install/sri_interface/include/sri_interface/sri_interface
[8.895s] -- Up-to-date: /home/pc/US_Teleop_ws/Touch_Diana_Teleop/install/sri_interface/include/sri_interface/sri_interface/msg
[8.895s] -- Installing: /home/pc/US_Teleop_ws/Touch_Diana_Teleop/install/sri_interface/include/sri_interface/sri_interface/msg/rosidl_typesupport_fastrtps_c__visibility_control.h
[8.896s] -- Up-to-date: /home/pc/US_Teleop_ws/Touch_Diana_Teleop/install/sri_interface/include/sri_interface/sri_interface/msg/detail
[8.896s] -- Installing: /home/pc/US_Teleop_ws/Touch_Diana_Teleop/install/sri_interface/include/sri_interface/sri_interface/msg/detail/six_axis_fts__rosidl_typesupport_fastrtps_c.h
[8.896s] -- Installing: /home/pc/US_Teleop_ws/Touch_Diana_Teleop/install/sri_interface/include/sri_interface/sri_interface/msg/detail/omni_feedback__rosidl_typesupport_fastrtps_c.h
[8.896s] -- Installing: /home/pc/US_Teleop_ws/Touch_Diana_Teleop/install/sri_interface/lib/libsri_interface__rosidl_typesupport_fastrtps_c.so
[8.896s] -- Set runtime path of "/home/pc/US_Teleop_ws/Touch_Diana_Teleop/install/sri_interface/lib/libsri_interface__rosidl_typesupport_fastrtps_c.so" to ""
[8.896s] -- Up-to-date: /home/pc/US_Teleop_ws/Touch_Diana_Teleop/install/sri_interface/include/sri_interface/sri_interface
[8.896s] -- Up-to-date: /home/pc/US_Teleop_ws/Touch_Diana_Teleop/install/sri_interface/include/sri_interface/sri_interface/msg
[8.897s] -- Installing: /home/pc/US_Teleop_ws/Touch_Diana_Teleop/install/sri_interface/include/sri_interface/sri_interface/msg/six_axis_fts.hpp
[8.897s] -- Up-to-date: /home/pc/US_Teleop_ws/Touch_Diana_Teleop/install/sri_interface/include/sri_interface/sri_interface/msg/detail
[8.897s] -- Installing: /home/pc/US_Teleop_ws/Touch_Diana_Teleop/install/sri_interface/include/sri_interface/sri_interface/msg/detail/six_axis_fts__struct.hpp
[8.897s] -- Installing: /home/pc/US_Teleop_ws/Touch_Diana_Teleop/install/sri_interface/include/sri_interface/sri_interface/msg/detail/omni_feedback__builder.hpp
[8.897s] -- Installing: /home/pc/US_Teleop_ws/Touch_Diana_Teleop/install/sri_interface/include/sri_interface/sri_interface/msg/detail/six_axis_fts__traits.hpp
[8.897s] -- Installing: /home/pc/US_Teleop_ws/Touch_Diana_Teleop/install/sri_interface/include/sri_interface/sri_interface/msg/detail/six_axis_fts__builder.hpp
[8.897s] -- Installing: /home/pc/US_Teleop_ws/Touch_Diana_Teleop/install/sri_interface/include/sri_interface/sri_interface/msg/detail/omni_feedback__struct.hpp
[8.897s] -- Installing: /home/pc/US_Teleop_ws/Touch_Diana_Teleop/install/sri_interface/include/sri_interface/sri_interface/msg/detail/six_axis_fts__type_support.hpp
[8.897s] -- Installing: /home/pc/US_Teleop_ws/Touch_Diana_Teleop/install/sri_interface/include/sri_interface/sri_interface/msg/detail/omni_feedback__type_support.hpp
[8.898s] -- Installing: /home/pc/US_Teleop_ws/Touch_Diana_Teleop/install/sri_interface/include/sri_interface/sri_interface/msg/detail/omni_feedback__traits.hpp
[8.898s] -- Installing: /home/pc/US_Teleop_ws/Touch_Diana_Teleop/install/sri_interface/include/sri_interface/sri_interface/msg/omni_feedback.hpp
[8.898s] -- Installing: /home/pc/US_Teleop_ws/Touch_Diana_Teleop/install/sri_interface/include/sri_interface/sri_interface/msg/rosidl_generator_cpp__visibility_control.hpp
[8.898s] -- Up-to-date: /home/pc/US_Teleop_ws/Touch_Diana_Teleop/install/sri_interface/include/sri_interface/sri_interface
[8.898s] -- Up-to-date: /home/pc/US_Teleop_ws/Touch_Diana_Teleop/install/sri_interface/include/sri_interface/sri_interface/msg
[8.898s] -- Up-to-date: /home/pc/US_Teleop_ws/Touch_Diana_Teleop/install/sri_interface/include/sri_interface/sri_interface/msg/detail
[8.898s] -- Installing: /home/pc/US_Teleop_ws/Touch_Diana_Teleop/install/sri_interface/include/sri_interface/sri_interface/msg/detail/omni_feedback__rosidl_typesupport_fastrtps_cpp.hpp
[8.898s] -- Installing: /home/pc/US_Teleop_ws/Touch_Diana_Teleop/install/sri_interface/include/sri_interface/sri_interface/msg/detail/six_axis_fts__rosidl_typesupport_fastrtps_cpp.hpp
[8.898s] -- Installing: /home/pc/US_Teleop_ws/Touch_Diana_Teleop/install/sri_interface/include/sri_interface/sri_interface/msg/detail/dds_fastrtps
[8.899s] -- Installing: /home/pc/US_Teleop_ws/Touch_Diana_Teleop/install/sri_interface/include/sri_interface/sri_interface/msg/rosidl_typesupport_fastrtps_cpp__visibility_control.h
[8.899s] -- Installing: /home/pc/US_Teleop_ws/Touch_Diana_Teleop/install/sri_interface/lib/libsri_interface__rosidl_typesupport_fastrtps_cpp.so
[8.899s] -- Set runtime path of "/home/pc/US_Teleop_ws/Touch_Diana_Teleop/install/sri_interface/lib/libsri_interface__rosidl_typesupport_fastrtps_cpp.so" to ""
[8.899s] -- Up-to-date: /home/pc/US_Teleop_ws/Touch_Diana_Teleop/install/sri_interface/include/sri_interface/sri_interface
[8.899s] -- Up-to-date: /home/pc/US_Teleop_ws/Touch_Diana_Teleop/install/sri_interface/include/sri_interface/sri_interface/msg
[8.900s] -- Installing: /home/pc/US_Teleop_ws/Touch_Diana_Teleop/install/sri_interface/include/sri_interface/sri_interface/msg/rosidl_typesupport_introspection_c__visibility_control.h
[8.900s] -- Up-to-date: /home/pc/US_Teleop_ws/Touch_Diana_Teleop/install/sri_interface/include/sri_interface/sri_interface/msg/detail
[8.900s] -- Installing: /home/pc/US_Teleop_ws/Touch_Diana_Teleop/install/sri_interface/include/sri_interface/sri_interface/msg/detail/omni_feedback__type_support.c
[8.900s] -- Installing: /home/pc/US_Teleop_ws/Touch_Diana_Teleop/install/sri_interface/include/sri_interface/sri_interface/msg/detail/six_axis_fts__rosidl_typesupport_introspection_c.h
[8.900s] -- Installing: /home/pc/US_Teleop_ws/Touch_Diana_Teleop/install/sri_interface/include/sri_interface/sri_interface/msg/detail/omni_feedback__rosidl_typesupport_introspection_c.h
[8.900s] -- Installing: /home/pc/US_Teleop_ws/Touch_Diana_Teleop/install/sri_interface/include/sri_interface/sri_interface/msg/detail/six_axis_fts__type_support.c
[8.901s] -- Installing: /home/pc/US_Teleop_ws/Touch_Diana_Teleop/install/sri_interface/lib/libsri_interface__rosidl_typesupport_introspection_c.so
[8.901s] -- Set runtime path of "/home/pc/US_Teleop_ws/Touch_Diana_Teleop/install/sri_interface/lib/libsri_interface__rosidl_typesupport_introspection_c.so" to ""
[8.901s] -- Installing: /home/pc/US_Teleop_ws/Touch_Diana_Teleop/install/sri_interface/lib/libsri_interface__rosidl_typesupport_c.so
[8.902s] -- Set runtime path of "/home/pc/US_Teleop_ws/Touch_Diana_Teleop/install/sri_interface/lib/libsri_interface__rosidl_typesupport_c.so" to ""
[8.902s] -- Up-to-date: /home/pc/US_Teleop_ws/Touch_Diana_Teleop/install/sri_interface/include/sri_interface/sri_interface
[8.902s] -- Up-to-date: /home/pc/US_Teleop_ws/Touch_Diana_Teleop/install/sri_interface/include/sri_interface/sri_interface/msg
[8.902s] -- Up-to-date: /home/pc/US_Teleop_ws/Touch_Diana_Teleop/install/sri_interface/include/sri_interface/sri_interface/msg/detail
[8.902s] -- Installing: /home/pc/US_Teleop_ws/Touch_Diana_Teleop/install/sri_interface/include/sri_interface/sri_interface/msg/detail/omni_feedback__type_support.cpp
[8.902s] -- Installing: /home/pc/US_Teleop_ws/Touch_Diana_Teleop/install/sri_interface/include/sri_interface/sri_interface/msg/detail/omni_feedback__rosidl_typesupport_introspection_cpp.hpp
[8.902s] -- Installing: /home/pc/US_Teleop_ws/Touch_Diana_Teleop/install/sri_interface/include/sri_interface/sri_interface/msg/detail/six_axis_fts__type_support.cpp
[8.902s] -- Installing: /home/pc/US_Teleop_ws/Touch_Diana_Teleop/install/sri_interface/include/sri_interface/sri_interface/msg/detail/six_axis_fts__rosidl_typesupport_introspection_cpp.hpp
[8.903s] -- Installing: /home/pc/US_Teleop_ws/Touch_Diana_Teleop/install/sri_interface/lib/libsri_interface__rosidl_typesupport_introspection_cpp.so
[8.903s] -- Set runtime path of "/home/pc/US_Teleop_ws/Touch_Diana_Teleop/install/sri_interface/lib/libsri_interface__rosidl_typesupport_introspection_cpp.so" to ""
[8.903s] -- Installing: /home/pc/US_Teleop_ws/Touch_Diana_Teleop/install/sri_interface/lib/libsri_interface__rosidl_typesupport_cpp.so
[8.904s] -- Set runtime path of "/home/pc/US_Teleop_ws/Touch_Diana_Teleop/install/sri_interface/lib/libsri_interface__rosidl_typesupport_cpp.so" to ""
[8.904s] -- Installing: /home/pc/US_Teleop_ws/Touch_Diana_Teleop/install/sri_interface/share/sri_interface/environment/pythonpath.sh
[8.904s] -- Installing: /home/pc/US_Teleop_ws/Touch_Diana_Teleop/install/sri_interface/share/sri_interface/environment/pythonpath.dsv
[8.904s] -- Installing: /home/pc/US_Teleop_ws/Touch_Diana_Teleop/install/sri_interface/local/lib/python3.10/dist-packages/sri_interface-0.0.0-py3.10.egg-info
[8.904s] -- Installing: /home/pc/US_Teleop_ws/Touch_Diana_Teleop/install/sri_interface/local/lib/python3.10/dist-packages/sri_interface-0.0.0-py3.10.egg-info/top_level.txt
[8.904s] -- Installing: /home/pc/US_Teleop_ws/Touch_Diana_Teleop/install/sri_interface/local/lib/python3.10/dist-packages/sri_interface-0.0.0-py3.10.egg-info/PKG-INFO
[8.904s] -- Installing: /home/pc/US_Teleop_ws/Touch_Diana_Teleop/install/sri_interface/local/lib/python3.10/dist-packages/sri_interface-0.0.0-py3.10.egg-info/dependency_links.txt
[8.905s] -- Installing: /home/pc/US_Teleop_ws/Touch_Diana_Teleop/install/sri_interface/local/lib/python3.10/dist-packages/sri_interface-0.0.0-py3.10.egg-info/SOURCES.txt
[8.905s] -- Installing: /home/pc/US_Teleop_ws/Touch_Diana_Teleop/install/sri_interface/local/lib/python3.10/dist-packages/sri_interface
[8.905s] -- Installing: /home/pc/US_Teleop_ws/Touch_Diana_Teleop/install/sri_interface/local/lib/python3.10/dist-packages/sri_interface/libsri_interface__rosidl_generator_py.so
[8.905s] -- Installing: /home/pc/US_Teleop_ws/Touch_Diana_Teleop/install/sri_interface/local/lib/python3.10/dist-packages/sri_interface/sri_interface_s__rosidl_typesupport_c.cpython-310-x86_64-linux-gnu.so
[8.907s] -- Installing: /home/pc/US_Teleop_ws/Touch_Diana_Teleop/install/sri_interface/local/lib/python3.10/dist-packages/sri_interface/__init__.py
[8.907s] -- Installing: /home/pc/US_Teleop_ws/Touch_Diana_Teleop/install/sri_interface/local/lib/python3.10/dist-packages/sri_interface/_sri_interface_s.ep.rosidl_typesupport_c.c
[8.907s] -- Installing: /home/pc/US_Teleop_ws/Touch_Diana_Teleop/install/sri_interface/local/lib/python3.10/dist-packages/sri_interface/sri_interface_s__rosidl_typesupport_fastrtps_c.cpython-310-x86_64-linux-gnu.so
[8.907s] -- Installing: /home/pc/US_Teleop_ws/Touch_Diana_Teleop/install/sri_interface/local/lib/python3.10/dist-packages/sri_interface/sri_interface_s__rosidl_typesupport_introspection_c.cpython-310-x86_64-linux-gnu.so
[8.908s] -- Installing: /home/pc/US_Teleop_ws/Touch_Diana_Teleop/install/sri_interface/local/lib/python3.10/dist-packages/sri_interface/_sri_interface_s.ep.rosidl_typesupport_fastrtps_c.c
[8.908s] -- Installing: /home/pc/US_Teleop_ws/Touch_Diana_Teleop/install/sri_interface/local/lib/python3.10/dist-packages/sri_interface/_sri_interface_s.ep.rosidl_typesupport_introspection_c.c
[8.908s] -- Installing: /home/pc/US_Teleop_ws/Touch_Diana_Teleop/install/sri_interface/local/lib/python3.10/dist-packages/sri_interface/msg
[8.908s] -- Installing: /home/pc/US_Teleop_ws/Touch_Diana_Teleop/install/sri_interface/local/lib/python3.10/dist-packages/sri_interface/msg/_six_axis_fts_s.c
[8.908s] -- Installing: /home/pc/US_Teleop_ws/Touch_Diana_Teleop/install/sri_interface/local/lib/python3.10/dist-packages/sri_interface/msg/_six_axis_fts.py
[8.908s] -- Installing: /home/pc/US_Teleop_ws/Touch_Diana_Teleop/install/sri_interface/local/lib/python3.10/dist-packages/sri_interface/msg/__init__.py
[8.909s] -- Installing: /home/pc/US_Teleop_ws/Touch_Diana_Teleop/install/sri_interface/local/lib/python3.10/dist-packages/sri_interface/msg/_omni_feedback_s.c
[8.909s] -- Installing: /home/pc/US_Teleop_ws/Touch_Diana_Teleop/install/sri_interface/local/lib/python3.10/dist-packages/sri_interface/msg/_omni_feedback.py
[8.965s] Listing '/home/pc/US_Teleop_ws/Touch_Diana_Teleop/install/sri_interface/local/lib/python3.10/dist-packages/sri_interface'...
[8.965s] Compiling '/home/pc/US_Teleop_ws/Touch_Diana_Teleop/install/sri_interface/local/lib/python3.10/dist-packages/sri_interface/__init__.py'...
[8.965s] Listing '/home/pc/US_Teleop_ws/Touch_Diana_Teleop/install/sri_interface/local/lib/python3.10/dist-packages/sri_interface/msg'...
[8.965s] Compiling '/home/pc/US_Teleop_ws/Touch_Diana_Teleop/install/sri_interface/local/lib/python3.10/dist-packages/sri_interface/msg/__init__.py'...
[8.965s] Compiling '/home/pc/US_Teleop_ws/Touch_Diana_Teleop/install/sri_interface/local/lib/python3.10/dist-packages/sri_interface/msg/_omni_feedback.py'...
[8.965s] Compiling '/home/pc/US_Teleop_ws/Touch_Diana_Teleop/install/sri_interface/local/lib/python3.10/dist-packages/sri_interface/msg/_six_axis_fts.py'...
[8.977s] -- Installing: /home/pc/US_Teleop_ws/Touch_Diana_Teleop/install/sri_interface/local/lib/python3.10/dist-packages/sri_interface/sri_interface_s__rosidl_typesupport_fastrtps_c.cpython-310-x86_64-linux-gnu.so
[8.978s] -- Set runtime path of "/home/pc/US_Teleop_ws/Touch_Diana_Teleop/install/sri_interface/local/lib/python3.10/dist-packages/sri_interface/sri_interface_s__rosidl_typesupport_fastrtps_c.cpython-310-x86_64-linux-gnu.so" to ""
[8.978s] -- Installing: /home/pc/US_Teleop_ws/Touch_Diana_Teleop/install/sri_interface/local/lib/python3.10/dist-packages/sri_interface/sri_interface_s__rosidl_typesupport_introspection_c.cpython-310-x86_64-linux-gnu.so
[8.979s] -- Set runtime path of "/home/pc/US_Teleop_ws/Touch_Diana_Teleop/install/sri_interface/local/lib/python3.10/dist-packages/sri_interface/sri_interface_s__rosidl_typesupport_introspection_c.cpython-310-x86_64-linux-gnu.so" to ""
[8.980s] -- Installing: /home/pc/US_Teleop_ws/Touch_Diana_Teleop/install/sri_interface/local/lib/python3.10/dist-packages/sri_interface/sri_interface_s__rosidl_typesupport_c.cpython-310-x86_64-linux-gnu.so
[8.981s] -- Set runtime path of "/home/pc/US_Teleop_ws/Touch_Diana_Teleop/install/sri_interface/local/lib/python3.10/dist-packages/sri_interface/sri_interface_s__rosidl_typesupport_c.cpython-310-x86_64-linux-gnu.so" to ""
[8.982s] -- Installing: /home/pc/US_Teleop_ws/Touch_Diana_Teleop/install/sri_interface/lib/libsri_interface__rosidl_generator_py.so
[8.983s] -- Set runtime path of "/home/pc/US_Teleop_ws/Touch_Diana_Teleop/install/sri_interface/lib/libsri_interface__rosidl_generator_py.so" to ""
[8.983s] -- Installing: /home/pc/US_Teleop_ws/Touch_Diana_Teleop/install/sri_interface/share/sri_interface/msg/SixAxisFTS.idl
[8.984s] -- Installing: /home/pc/US_Teleop_ws/Touch_Diana_Teleop/install/sri_interface/share/sri_interface/msg/OmniFeedback.idl
[8.984s] -- Installing: /home/pc/US_Teleop_ws/Touch_Diana_Teleop/install/sri_interface/share/sri_interface/msg/SixAxisFTS.msg
[8.984s] -- Installing: /home/pc/US_Teleop_ws/Touch_Diana_Teleop/install/sri_interface/share/sri_interface/msg/OmniFeedback.msg
[8.984s] -- Installing: /home/pc/US_Teleop_ws/Touch_Diana_Teleop/install/sri_interface/share/ament_index/resource_index/package_run_dependencies/sri_interface
[8.984s] -- Installing: /home/pc/US_Teleop_ws/Touch_Diana_Teleop/install/sri_interface/share/ament_index/resource_index/parent_prefix_path/sri_interface
[8.985s] -- Installing: /home/pc/US_Teleop_ws/Touch_Diana_Teleop/install/sri_interface/share/sri_interface/environment/ament_prefix_path.sh
[8.985s] -- Installing: /home/pc/US_Teleop_ws/Touch_Diana_Teleop/install/sri_interface/share/sri_interface/environment/ament_prefix_path.dsv
[8.985s] -- Installing: /home/pc/US_Teleop_ws/Touch_Diana_Teleop/install/sri_interface/share/sri_interface/environment/path.sh
[8.985s] -- Installing: /home/pc/US_Teleop_ws/Touch_Diana_Teleop/install/sri_interface/share/sri_interface/environment/path.dsv
[8.985s] -- Installing: /home/pc/US_Teleop_ws/Touch_Diana_Teleop/install/sri_interface/share/sri_interface/local_setup.bash
[8.986s] -- Installing: /home/pc/US_Teleop_ws/Touch_Diana_Teleop/install/sri_interface/share/sri_interface/local_setup.sh
[8.986s] -- Installing: /home/pc/US_Teleop_ws/Touch_Diana_Teleop/install/sri_interface/share/sri_interface/local_setup.zsh
[8.986s] -- Installing: /home/pc/US_Teleop_ws/Touch_Diana_Teleop/install/sri_interface/share/sri_interface/local_setup.dsv
[8.986s] -- Installing: /home/pc/US_Teleop_ws/Touch_Diana_Teleop/install/sri_interface/share/sri_interface/package.dsv
[8.987s] -- Installing: /home/pc/US_Teleop_ws/Touch_Diana_Teleop/install/sri_interface/share/ament_index/resource_index/packages/sri_interface
[8.987s] -- Installing: /home/pc/US_Teleop_ws/Touch_Diana_Teleop/install/sri_interface/share/sri_interface/cmake/export_sri_interface__rosidl_generator_cExport.cmake
[8.987s] -- Installing: /home/pc/US_Teleop_ws/Touch_Diana_Teleop/install/sri_interface/share/sri_interface/cmake/export_sri_interface__rosidl_generator_cExport-noconfig.cmake
[8.988s] -- Installing: /home/pc/US_Teleop_ws/Touch_Diana_Teleop/install/sri_interface/share/sri_interface/cmake/export_sri_interface__rosidl_typesupport_fastrtps_cExport.cmake
[8.988s] -- Installing: /home/pc/US_Teleop_ws/Touch_Diana_Teleop/install/sri_interface/share/sri_interface/cmake/export_sri_interface__rosidl_typesupport_fastrtps_cExport-noconfig.cmake
[8.989s] -- Installing: /home/pc/US_Teleop_ws/Touch_Diana_Teleop/install/sri_interface/share/sri_interface/cmake/export_sri_interface__rosidl_generator_cppExport.cmake
[8.989s] -- Installing: /home/pc/US_Teleop_ws/Touch_Diana_Teleop/install/sri_interface/share/sri_interface/cmake/export_sri_interface__rosidl_typesupport_fastrtps_cppExport.cmake
[8.989s] -- Installing: /home/pc/US_Teleop_ws/Touch_Diana_Teleop/install/sri_interface/share/sri_interface/cmake/export_sri_interface__rosidl_typesupport_fastrtps_cppExport-noconfig.cmake
[8.989s] -- Installing: /home/pc/US_Teleop_ws/Touch_Diana_Teleop/install/sri_interface/share/sri_interface/cmake/sri_interface__rosidl_typesupport_introspection_cExport.cmake
[8.989s] -- Installing: /home/pc/US_Teleop_ws/Touch_Diana_Teleop/install/sri_interface/share/sri_interface/cmake/sri_interface__rosidl_typesupport_introspection_cExport-noconfig.cmake
[8.990s] -- Installing: /home/pc/US_Teleop_ws/Touch_Diana_Teleop/install/sri_interface/share/sri_interface/cmake/sri_interface__rosidl_typesupport_cExport.cmake
[8.990s] -- Installing: /home/pc/US_Teleop_ws/Touch_Diana_Teleop/install/sri_interface/share/sri_interface/cmake/sri_interface__rosidl_typesupport_cExport-noconfig.cmake
[8.990s] -- Installing: /home/pc/US_Teleop_ws/Touch_Diana_Teleop/install/sri_interface/share/sri_interface/cmake/sri_interface__rosidl_typesupport_introspection_cppExport.cmake
[8.990s] -- Installing: /home/pc/US_Teleop_ws/Touch_Diana_Teleop/install/sri_interface/share/sri_interface/cmake/sri_interface__rosidl_typesupport_introspection_cppExport-noconfig.cmake
[8.990s] -- Installing: /home/pc/US_Teleop_ws/Touch_Diana_Teleop/install/sri_interface/share/sri_interface/cmake/sri_interface__rosidl_typesupport_cppExport.cmake
[8.991s] -- Installing: /home/pc/US_Teleop_ws/Touch_Diana_Teleop/install/sri_interface/share/sri_interface/cmake/sri_interface__rosidl_typesupport_cppExport-noconfig.cmake
[8.991s] -- Installing: /home/pc/US_Teleop_ws/Touch_Diana_Teleop/install/sri_interface/share/sri_interface/cmake/export_sri_interface__rosidl_generator_pyExport.cmake
[8.991s] -- Installing: /home/pc/US_Teleop_ws/Touch_Diana_Teleop/install/sri_interface/share/sri_interface/cmake/export_sri_interface__rosidl_generator_pyExport-noconfig.cmake
[8.991s] -- Installing: /home/pc/US_Teleop_ws/Touch_Diana_Teleop/install/sri_interface/share/sri_interface/cmake/rosidl_cmake-extras.cmake
[8.991s] -- Installing: /home/pc/US_Teleop_ws/Touch_Diana_Teleop/install/sri_interface/share/sri_interface/cmake/ament_cmake_export_dependencies-extras.cmake
[8.992s] -- Installing: /home/pc/US_Teleop_ws/Touch_Diana_Teleop/install/sri_interface/share/sri_interface/cmake/ament_cmake_export_include_directories-extras.cmake
[8.992s] -- Installing: /home/pc/US_Teleop_ws/Touch_Diana_Teleop/install/sri_interface/share/sri_interface/cmake/ament_cmake_export_libraries-extras.cmake
[8.992s] -- Installing: /home/pc/US_Teleop_ws/Touch_Diana_Teleop/install/sri_interface/share/sri_interface/cmake/ament_cmake_export_targets-extras.cmake
[8.992s] -- Installing: /home/pc/US_Teleop_ws/Touch_Diana_Teleop/install/sri_interface/share/sri_interface/cmake/rosidl_cmake_export_typesupport_targets-extras.cmake
[8.992s] -- Installing: /home/pc/US_Teleop_ws/Touch_Diana_Teleop/install/sri_interface/share/sri_interface/cmake/rosidl_cmake_export_typesupport_libraries-extras.cmake
[8.992s] -- Installing: /home/pc/US_Teleop_ws/Touch_Diana_Teleop/install/sri_interface/share/sri_interface/cmake/sri_interfaceConfig.cmake
[8.993s] -- Installing: /home/pc/US_Teleop_ws/Touch_Diana_Teleop/install/sri_interface/share/sri_interface/cmake/sri_interfaceConfig-version.cmake
[8.993s] -- Installing: /home/pc/US_Teleop_ws/Touch_Diana_Teleop/install/sri_interface/share/sri_interface/package.xml
[8.998s] Invoked command in '/home/pc/US_Teleop_ws/Touch_Diana_Teleop/build/sri_interface' returned '0': CMAKE_PREFIX_PATH=${CMAKE_PREFIX_PATH}:/opt/ros/humble /usr/bin/cmake --install /home/pc/US_Teleop_ws/Touch_Diana_Teleop/build/sri_interface
