[35m[1mConsolidate compiler generated dependencies of target sri_interface__rosidl_generator_c[0m
[  2%] Built target sri_interface__cpp
[ 12%] Built target sri_interface__rosidl_generator_c
[35m[1mConsolidate compiler generated dependencies of target sri_interface__rosidl_typesupport_introspection_cpp[0m
[35m[1mConsolidate compiler generated dependencies of target sri_interface__rosidl_typesupport_cpp[0m
[35m[1mConsolidate compiler generated dependencies of target sri_interface__rosidl_typesupport_fastrtps_cpp[0m
[35m[1mConsolidate compiler generated dependencies of target sri_interface__rosidl_typesupport_fastrtps_c[0m
[ 12%] Built target ament_cmake_python_copy_sri_interface
[35m[1mConsolidate compiler generated dependencies of target sri_interface__rosidl_typesupport_introspection_c[0m
[35m[1mConsolidate compiler generated dependencies of target sri_interface__rosidl_typesupport_c[0m
[ 33%] Built target sri_interface__rosidl_typesupport_introspection_cpp
[ 33%] Built target sri_interface__rosidl_typesupport_cpp
[ 43%] Built target sri_interface__rosidl_typesupport_fastrtps_cpp
[ 53%] Built target sri_interface__rosidl_typesupport_fastrtps_c
[ 74%] Built target sri_interface__rosidl_typesupport_c
[ 74%] Built target sri_interface__rosidl_typesupport_introspection_c
[ 74%] Built target sri_interface
[ 76%] Built target sri_interface__py
[35m[1mConsolidate compiler generated dependencies of target sri_interface__rosidl_generator_py[0m
[ 84%] Built target sri_interface__rosidl_generator_py
[35m[1mConsolidate compiler generated dependencies of target sri_interface__rosidl_typesupport_c__pyext[0m
[35m[1mConsolidate compiler generated dependencies of target sri_interface__rosidl_typesupport_introspection_c__pyext[0m
[35m[1mConsolidate compiler generated dependencies of target sri_interface__rosidl_typesupport_fastrtps_c__pyext[0m
[ 97%] Built target sri_interface__rosidl_typesupport_fastrtps_c__pyext
[ 97%] Built target sri_interface__rosidl_typesupport_introspection_c__pyext
[100%] Built target sri_interface__rosidl_typesupport_c__pyext
running egg_info
writing sri_interface.egg-info/PKG-INFO
writing dependency_links to sri_interface.egg-info/dependency_links.txt
writing top-level names to sri_interface.egg-info/top_level.txt
reading manifest file 'sri_interface.egg-info/SOURCES.txt'
writing manifest file 'sri_interface.egg-info/SOURCES.txt'
[100%] Built target ament_cmake_python_build_sri_interface_egg
-- Install configuration: ""
-- Up-to-date: /home/pc/US_Teleop_ws/Touch_Diana_Teleop/install/sri_interface/share/ament_index/resource_index/rosidl_interfaces/sri_interface
-- Up-to-date: /home/pc/US_Teleop_ws/Touch_Diana_Teleop/install/sri_interface/include/sri_interface/sri_interface
-- Up-to-date: /home/pc/US_Teleop_ws/Touch_Diana_Teleop/install/sri_interface/include/sri_interface/sri_interface/msg
-- Up-to-date: /home/pc/US_Teleop_ws/Touch_Diana_Teleop/install/sri_interface/include/sri_interface/sri_interface/msg/omni_feedback.h
-- Up-to-date: /home/pc/US_Teleop_ws/Touch_Diana_Teleop/install/sri_interface/include/sri_interface/sri_interface/msg/six_axis_fts.h
-- Up-to-date: /home/pc/US_Teleop_ws/Touch_Diana_Teleop/install/sri_interface/include/sri_interface/sri_interface/msg/rosidl_generator_c__visibility_control.h
-- Up-to-date: /home/pc/US_Teleop_ws/Touch_Diana_Teleop/install/sri_interface/include/sri_interface/sri_interface/msg/detail
-- Up-to-date: /home/pc/US_Teleop_ws/Touch_Diana_Teleop/install/sri_interface/include/sri_interface/sri_interface/msg/detail/omni_feedback__type_support.h
-- Up-to-date: /home/pc/US_Teleop_ws/Touch_Diana_Teleop/install/sri_interface/include/sri_interface/sri_interface/msg/detail/omni_feedback__struct.h
-- Up-to-date: /home/pc/US_Teleop_ws/Touch_Diana_Teleop/install/sri_interface/include/sri_interface/sri_interface/msg/detail/six_axis_fts__functions.c
-- Up-to-date: /home/pc/US_Teleop_ws/Touch_Diana_Teleop/install/sri_interface/include/sri_interface/sri_interface/msg/detail/omni_feedback__functions.h
-- Up-to-date: /home/pc/US_Teleop_ws/Touch_Diana_Teleop/install/sri_interface/include/sri_interface/sri_interface/msg/detail/six_axis_fts__functions.h
-- Up-to-date: /home/pc/US_Teleop_ws/Touch_Diana_Teleop/install/sri_interface/include/sri_interface/sri_interface/msg/detail/omni_feedback__functions.c
-- Up-to-date: /home/pc/US_Teleop_ws/Touch_Diana_Teleop/install/sri_interface/include/sri_interface/sri_interface/msg/detail/six_axis_fts__type_support.h
-- Up-to-date: /home/pc/US_Teleop_ws/Touch_Diana_Teleop/install/sri_interface/include/sri_interface/sri_interface/msg/detail/six_axis_fts__struct.h
-- Up-to-date: /home/pc/US_Teleop_ws/Touch_Diana_Teleop/install/sri_interface/share/sri_interface/environment/library_path.sh
-- Up-to-date: /home/pc/US_Teleop_ws/Touch_Diana_Teleop/install/sri_interface/share/sri_interface/environment/library_path.dsv
-- Up-to-date: /home/pc/US_Teleop_ws/Touch_Diana_Teleop/install/sri_interface/lib/libsri_interface__rosidl_generator_c.so
-- Up-to-date: /home/pc/US_Teleop_ws/Touch_Diana_Teleop/install/sri_interface/include/sri_interface/sri_interface
-- Up-to-date: /home/pc/US_Teleop_ws/Touch_Diana_Teleop/install/sri_interface/include/sri_interface/sri_interface/msg
-- Up-to-date: /home/pc/US_Teleop_ws/Touch_Diana_Teleop/install/sri_interface/include/sri_interface/sri_interface/msg/rosidl_typesupport_fastrtps_c__visibility_control.h
-- Up-to-date: /home/pc/US_Teleop_ws/Touch_Diana_Teleop/install/sri_interface/include/sri_interface/sri_interface/msg/detail
-- Up-to-date: /home/pc/US_Teleop_ws/Touch_Diana_Teleop/install/sri_interface/include/sri_interface/sri_interface/msg/detail/six_axis_fts__rosidl_typesupport_fastrtps_c.h
-- Up-to-date: /home/pc/US_Teleop_ws/Touch_Diana_Teleop/install/sri_interface/include/sri_interface/sri_interface/msg/detail/omni_feedback__rosidl_typesupport_fastrtps_c.h
-- Up-to-date: /home/pc/US_Teleop_ws/Touch_Diana_Teleop/install/sri_interface/lib/libsri_interface__rosidl_typesupport_fastrtps_c.so
-- Up-to-date: /home/pc/US_Teleop_ws/Touch_Diana_Teleop/install/sri_interface/include/sri_interface/sri_interface
-- Up-to-date: /home/pc/US_Teleop_ws/Touch_Diana_Teleop/install/sri_interface/include/sri_interface/sri_interface/msg
-- Up-to-date: /home/pc/US_Teleop_ws/Touch_Diana_Teleop/install/sri_interface/include/sri_interface/sri_interface/msg/six_axis_fts.hpp
-- Up-to-date: /home/pc/US_Teleop_ws/Touch_Diana_Teleop/install/sri_interface/include/sri_interface/sri_interface/msg/detail
-- Up-to-date: /home/pc/US_Teleop_ws/Touch_Diana_Teleop/install/sri_interface/include/sri_interface/sri_interface/msg/detail/six_axis_fts__struct.hpp
-- Up-to-date: /home/pc/US_Teleop_ws/Touch_Diana_Teleop/install/sri_interface/include/sri_interface/sri_interface/msg/detail/omni_feedback__builder.hpp
-- Up-to-date: /home/pc/US_Teleop_ws/Touch_Diana_Teleop/install/sri_interface/include/sri_interface/sri_interface/msg/detail/six_axis_fts__traits.hpp
-- Up-to-date: /home/pc/US_Teleop_ws/Touch_Diana_Teleop/install/sri_interface/include/sri_interface/sri_interface/msg/detail/six_axis_fts__builder.hpp
-- Up-to-date: /home/pc/US_Teleop_ws/Touch_Diana_Teleop/install/sri_interface/include/sri_interface/sri_interface/msg/detail/omni_feedback__struct.hpp
-- Up-to-date: /home/pc/US_Teleop_ws/Touch_Diana_Teleop/install/sri_interface/include/sri_interface/sri_interface/msg/detail/six_axis_fts__type_support.hpp
-- Up-to-date: /home/pc/US_Teleop_ws/Touch_Diana_Teleop/install/sri_interface/include/sri_interface/sri_interface/msg/detail/omni_feedback__type_support.hpp
-- Up-to-date: /home/pc/US_Teleop_ws/Touch_Diana_Teleop/install/sri_interface/include/sri_interface/sri_interface/msg/detail/omni_feedback__traits.hpp
-- Up-to-date: /home/pc/US_Teleop_ws/Touch_Diana_Teleop/install/sri_interface/include/sri_interface/sri_interface/msg/omni_feedback.hpp
-- Up-to-date: /home/pc/US_Teleop_ws/Touch_Diana_Teleop/install/sri_interface/include/sri_interface/sri_interface/msg/rosidl_generator_cpp__visibility_control.hpp
-- Up-to-date: /home/pc/US_Teleop_ws/Touch_Diana_Teleop/install/sri_interface/include/sri_interface/sri_interface
-- Up-to-date: /home/pc/US_Teleop_ws/Touch_Diana_Teleop/install/sri_interface/include/sri_interface/sri_interface/msg
-- Up-to-date: /home/pc/US_Teleop_ws/Touch_Diana_Teleop/install/sri_interface/include/sri_interface/sri_interface/msg/detail
-- Up-to-date: /home/pc/US_Teleop_ws/Touch_Diana_Teleop/install/sri_interface/include/sri_interface/sri_interface/msg/detail/omni_feedback__rosidl_typesupport_fastrtps_cpp.hpp
-- Up-to-date: /home/pc/US_Teleop_ws/Touch_Diana_Teleop/install/sri_interface/include/sri_interface/sri_interface/msg/detail/six_axis_fts__rosidl_typesupport_fastrtps_cpp.hpp
-- Up-to-date: /home/pc/US_Teleop_ws/Touch_Diana_Teleop/install/sri_interface/include/sri_interface/sri_interface/msg/detail/dds_fastrtps
-- Up-to-date: /home/pc/US_Teleop_ws/Touch_Diana_Teleop/install/sri_interface/include/sri_interface/sri_interface/msg/rosidl_typesupport_fastrtps_cpp__visibility_control.h
-- Up-to-date: /home/pc/US_Teleop_ws/Touch_Diana_Teleop/install/sri_interface/lib/libsri_interface__rosidl_typesupport_fastrtps_cpp.so
-- Up-to-date: /home/pc/US_Teleop_ws/Touch_Diana_Teleop/install/sri_interface/include/sri_interface/sri_interface
-- Up-to-date: /home/pc/US_Teleop_ws/Touch_Diana_Teleop/install/sri_interface/include/sri_interface/sri_interface/msg
-- Up-to-date: /home/pc/US_Teleop_ws/Touch_Diana_Teleop/install/sri_interface/include/sri_interface/sri_interface/msg/rosidl_typesupport_introspection_c__visibility_control.h
-- Up-to-date: /home/pc/US_Teleop_ws/Touch_Diana_Teleop/install/sri_interface/include/sri_interface/sri_interface/msg/detail
-- Up-to-date: /home/pc/US_Teleop_ws/Touch_Diana_Teleop/install/sri_interface/include/sri_interface/sri_interface/msg/detail/omni_feedback__type_support.c
-- Up-to-date: /home/pc/US_Teleop_ws/Touch_Diana_Teleop/install/sri_interface/include/sri_interface/sri_interface/msg/detail/six_axis_fts__rosidl_typesupport_introspection_c.h
-- Up-to-date: /home/pc/US_Teleop_ws/Touch_Diana_Teleop/install/sri_interface/include/sri_interface/sri_interface/msg/detail/omni_feedback__rosidl_typesupport_introspection_c.h
-- Up-to-date: /home/pc/US_Teleop_ws/Touch_Diana_Teleop/install/sri_interface/include/sri_interface/sri_interface/msg/detail/six_axis_fts__type_support.c
-- Up-to-date: /home/pc/US_Teleop_ws/Touch_Diana_Teleop/install/sri_interface/lib/libsri_interface__rosidl_typesupport_introspection_c.so
-- Up-to-date: /home/pc/US_Teleop_ws/Touch_Diana_Teleop/install/sri_interface/lib/libsri_interface__rosidl_typesupport_c.so
-- Up-to-date: /home/pc/US_Teleop_ws/Touch_Diana_Teleop/install/sri_interface/include/sri_interface/sri_interface
-- Up-to-date: /home/pc/US_Teleop_ws/Touch_Diana_Teleop/install/sri_interface/include/sri_interface/sri_interface/msg
-- Up-to-date: /home/pc/US_Teleop_ws/Touch_Diana_Teleop/install/sri_interface/include/sri_interface/sri_interface/msg/detail
-- Up-to-date: /home/pc/US_Teleop_ws/Touch_Diana_Teleop/install/sri_interface/include/sri_interface/sri_interface/msg/detail/omni_feedback__type_support.cpp
-- Up-to-date: /home/pc/US_Teleop_ws/Touch_Diana_Teleop/install/sri_interface/include/sri_interface/sri_interface/msg/detail/omni_feedback__rosidl_typesupport_introspection_cpp.hpp
-- Up-to-date: /home/pc/US_Teleop_ws/Touch_Diana_Teleop/install/sri_interface/include/sri_interface/sri_interface/msg/detail/six_axis_fts__type_support.cpp
-- Up-to-date: /home/pc/US_Teleop_ws/Touch_Diana_Teleop/install/sri_interface/include/sri_interface/sri_interface/msg/detail/six_axis_fts__rosidl_typesupport_introspection_cpp.hpp
-- Up-to-date: /home/pc/US_Teleop_ws/Touch_Diana_Teleop/install/sri_interface/lib/libsri_interface__rosidl_typesupport_introspection_cpp.so
-- Up-to-date: /home/pc/US_Teleop_ws/Touch_Diana_Teleop/install/sri_interface/lib/libsri_interface__rosidl_typesupport_cpp.so
-- Up-to-date: /home/pc/US_Teleop_ws/Touch_Diana_Teleop/install/sri_interface/share/sri_interface/environment/pythonpath.sh
-- Up-to-date: /home/pc/US_Teleop_ws/Touch_Diana_Teleop/install/sri_interface/share/sri_interface/environment/pythonpath.dsv
-- Up-to-date: /home/pc/US_Teleop_ws/Touch_Diana_Teleop/install/sri_interface/local/lib/python3.10/dist-packages/sri_interface-0.0.0-py3.10.egg-info
-- Installing: /home/pc/US_Teleop_ws/Touch_Diana_Teleop/install/sri_interface/local/lib/python3.10/dist-packages/sri_interface-0.0.0-py3.10.egg-info/top_level.txt
-- Installing: /home/pc/US_Teleop_ws/Touch_Diana_Teleop/install/sri_interface/local/lib/python3.10/dist-packages/sri_interface-0.0.0-py3.10.egg-info/PKG-INFO
-- Installing: /home/pc/US_Teleop_ws/Touch_Diana_Teleop/install/sri_interface/local/lib/python3.10/dist-packages/sri_interface-0.0.0-py3.10.egg-info/dependency_links.txt
-- Installing: /home/pc/US_Teleop_ws/Touch_Diana_Teleop/install/sri_interface/local/lib/python3.10/dist-packages/sri_interface-0.0.0-py3.10.egg-info/SOURCES.txt
-- Up-to-date: /home/pc/US_Teleop_ws/Touch_Diana_Teleop/install/sri_interface/local/lib/python3.10/dist-packages/sri_interface
-- Up-to-date: /home/pc/US_Teleop_ws/Touch_Diana_Teleop/install/sri_interface/local/lib/python3.10/dist-packages/sri_interface/libsri_interface__rosidl_generator_py.so
-- Up-to-date: /home/pc/US_Teleop_ws/Touch_Diana_Teleop/install/sri_interface/local/lib/python3.10/dist-packages/sri_interface/sri_interface_s__rosidl_typesupport_c.cpython-310-x86_64-linux-gnu.so
-- Up-to-date: /home/pc/US_Teleop_ws/Touch_Diana_Teleop/install/sri_interface/local/lib/python3.10/dist-packages/sri_interface/__init__.py
-- Up-to-date: /home/pc/US_Teleop_ws/Touch_Diana_Teleop/install/sri_interface/local/lib/python3.10/dist-packages/sri_interface/_sri_interface_s.ep.rosidl_typesupport_c.c
-- Up-to-date: /home/pc/US_Teleop_ws/Touch_Diana_Teleop/install/sri_interface/local/lib/python3.10/dist-packages/sri_interface/sri_interface_s__rosidl_typesupport_fastrtps_c.cpython-310-x86_64-linux-gnu.so
-- Up-to-date: /home/pc/US_Teleop_ws/Touch_Diana_Teleop/install/sri_interface/local/lib/python3.10/dist-packages/sri_interface/sri_interface_s__rosidl_typesupport_introspection_c.cpython-310-x86_64-linux-gnu.so
-- Up-to-date: /home/pc/US_Teleop_ws/Touch_Diana_Teleop/install/sri_interface/local/lib/python3.10/dist-packages/sri_interface/_sri_interface_s.ep.rosidl_typesupport_fastrtps_c.c
-- Up-to-date: /home/pc/US_Teleop_ws/Touch_Diana_Teleop/install/sri_interface/local/lib/python3.10/dist-packages/sri_interface/_sri_interface_s.ep.rosidl_typesupport_introspection_c.c
-- Up-to-date: /home/pc/US_Teleop_ws/Touch_Diana_Teleop/install/sri_interface/local/lib/python3.10/dist-packages/sri_interface/msg
-- Up-to-date: /home/pc/US_Teleop_ws/Touch_Diana_Teleop/install/sri_interface/local/lib/python3.10/dist-packages/sri_interface/msg/_six_axis_fts_s.c
-- Up-to-date: /home/pc/US_Teleop_ws/Touch_Diana_Teleop/install/sri_interface/local/lib/python3.10/dist-packages/sri_interface/msg/_six_axis_fts.py
-- Up-to-date: /home/pc/US_Teleop_ws/Touch_Diana_Teleop/install/sri_interface/local/lib/python3.10/dist-packages/sri_interface/msg/__init__.py
-- Up-to-date: /home/pc/US_Teleop_ws/Touch_Diana_Teleop/install/sri_interface/local/lib/python3.10/dist-packages/sri_interface/msg/_omni_feedback_s.c
-- Up-to-date: /home/pc/US_Teleop_ws/Touch_Diana_Teleop/install/sri_interface/local/lib/python3.10/dist-packages/sri_interface/msg/_omni_feedback.py
Listing '/home/pc/US_Teleop_ws/Touch_Diana_Teleop/install/sri_interface/local/lib/python3.10/dist-packages/sri_interface'...
Listing '/home/pc/US_Teleop_ws/Touch_Diana_Teleop/install/sri_interface/local/lib/python3.10/dist-packages/sri_interface/msg'...
-- Up-to-date: /home/pc/US_Teleop_ws/Touch_Diana_Teleop/install/sri_interface/local/lib/python3.10/dist-packages/sri_interface/sri_interface_s__rosidl_typesupport_fastrtps_c.cpython-310-x86_64-linux-gnu.so
-- Up-to-date: /home/pc/US_Teleop_ws/Touch_Diana_Teleop/install/sri_interface/local/lib/python3.10/dist-packages/sri_interface/sri_interface_s__rosidl_typesupport_introspection_c.cpython-310-x86_64-linux-gnu.so
-- Up-to-date: /home/pc/US_Teleop_ws/Touch_Diana_Teleop/install/sri_interface/local/lib/python3.10/dist-packages/sri_interface/sri_interface_s__rosidl_typesupport_c.cpython-310-x86_64-linux-gnu.so
-- Up-to-date: /home/pc/US_Teleop_ws/Touch_Diana_Teleop/install/sri_interface/lib/libsri_interface__rosidl_generator_py.so
-- Up-to-date: /home/pc/US_Teleop_ws/Touch_Diana_Teleop/install/sri_interface/share/sri_interface/msg/SixAxisFTS.idl
-- Up-to-date: /home/pc/US_Teleop_ws/Touch_Diana_Teleop/install/sri_interface/share/sri_interface/msg/OmniFeedback.idl
-- Up-to-date: /home/pc/US_Teleop_ws/Touch_Diana_Teleop/install/sri_interface/share/sri_interface/msg/SixAxisFTS.msg
-- Up-to-date: /home/pc/US_Teleop_ws/Touch_Diana_Teleop/install/sri_interface/share/sri_interface/msg/OmniFeedback.msg
-- Up-to-date: /home/pc/US_Teleop_ws/Touch_Diana_Teleop/install/sri_interface/share/ament_index/resource_index/package_run_dependencies/sri_interface
-- Up-to-date: /home/pc/US_Teleop_ws/Touch_Diana_Teleop/install/sri_interface/share/ament_index/resource_index/parent_prefix_path/sri_interface
-- Up-to-date: /home/pc/US_Teleop_ws/Touch_Diana_Teleop/install/sri_interface/share/sri_interface/environment/ament_prefix_path.sh
-- Up-to-date: /home/pc/US_Teleop_ws/Touch_Diana_Teleop/install/sri_interface/share/sri_interface/environment/ament_prefix_path.dsv
-- Up-to-date: /home/pc/US_Teleop_ws/Touch_Diana_Teleop/install/sri_interface/share/sri_interface/environment/path.sh
-- Up-to-date: /home/pc/US_Teleop_ws/Touch_Diana_Teleop/install/sri_interface/share/sri_interface/environment/path.dsv
-- Up-to-date: /home/pc/US_Teleop_ws/Touch_Diana_Teleop/install/sri_interface/share/sri_interface/local_setup.bash
-- Up-to-date: /home/pc/US_Teleop_ws/Touch_Diana_Teleop/install/sri_interface/share/sri_interface/local_setup.sh
-- Up-to-date: /home/pc/US_Teleop_ws/Touch_Diana_Teleop/install/sri_interface/share/sri_interface/local_setup.zsh
-- Up-to-date: /home/pc/US_Teleop_ws/Touch_Diana_Teleop/install/sri_interface/share/sri_interface/local_setup.dsv
-- Installing: /home/pc/US_Teleop_ws/Touch_Diana_Teleop/install/sri_interface/share/sri_interface/package.dsv
-- Up-to-date: /home/pc/US_Teleop_ws/Touch_Diana_Teleop/install/sri_interface/share/ament_index/resource_index/packages/sri_interface
-- Up-to-date: /home/pc/US_Teleop_ws/Touch_Diana_Teleop/install/sri_interface/share/sri_interface/cmake/export_sri_interface__rosidl_generator_cExport.cmake
-- Up-to-date: /home/pc/US_Teleop_ws/Touch_Diana_Teleop/install/sri_interface/share/sri_interface/cmake/export_sri_interface__rosidl_generator_cExport-noconfig.cmake
-- Up-to-date: /home/pc/US_Teleop_ws/Touch_Diana_Teleop/install/sri_interface/share/sri_interface/cmake/export_sri_interface__rosidl_typesupport_fastrtps_cExport.cmake
-- Up-to-date: /home/pc/US_Teleop_ws/Touch_Diana_Teleop/install/sri_interface/share/sri_interface/cmake/export_sri_interface__rosidl_typesupport_fastrtps_cExport-noconfig.cmake
-- Up-to-date: /home/pc/US_Teleop_ws/Touch_Diana_Teleop/install/sri_interface/share/sri_interface/cmake/export_sri_interface__rosidl_generator_cppExport.cmake
-- Up-to-date: /home/pc/US_Teleop_ws/Touch_Diana_Teleop/install/sri_interface/share/sri_interface/cmake/export_sri_interface__rosidl_typesupport_fastrtps_cppExport.cmake
-- Up-to-date: /home/pc/US_Teleop_ws/Touch_Diana_Teleop/install/sri_interface/share/sri_interface/cmake/export_sri_interface__rosidl_typesupport_fastrtps_cppExport-noconfig.cmake
-- Up-to-date: /home/pc/US_Teleop_ws/Touch_Diana_Teleop/install/sri_interface/share/sri_interface/cmake/sri_interface__rosidl_typesupport_introspection_cExport.cmake
-- Up-to-date: /home/pc/US_Teleop_ws/Touch_Diana_Teleop/install/sri_interface/share/sri_interface/cmake/sri_interface__rosidl_typesupport_introspection_cExport-noconfig.cmake
-- Up-to-date: /home/pc/US_Teleop_ws/Touch_Diana_Teleop/install/sri_interface/share/sri_interface/cmake/sri_interface__rosidl_typesupport_cExport.cmake
-- Up-to-date: /home/pc/US_Teleop_ws/Touch_Diana_Teleop/install/sri_interface/share/sri_interface/cmake/sri_interface__rosidl_typesupport_cExport-noconfig.cmake
-- Up-to-date: /home/pc/US_Teleop_ws/Touch_Diana_Teleop/install/sri_interface/share/sri_interface/cmake/sri_interface__rosidl_typesupport_introspection_cppExport.cmake
-- Up-to-date: /home/pc/US_Teleop_ws/Touch_Diana_Teleop/install/sri_interface/share/sri_interface/cmake/sri_interface__rosidl_typesupport_introspection_cppExport-noconfig.cmake
-- Up-to-date: /home/pc/US_Teleop_ws/Touch_Diana_Teleop/install/sri_interface/share/sri_interface/cmake/sri_interface__rosidl_typesupport_cppExport.cmake
-- Up-to-date: /home/pc/US_Teleop_ws/Touch_Diana_Teleop/install/sri_interface/share/sri_interface/cmake/sri_interface__rosidl_typesupport_cppExport-noconfig.cmake
-- Up-to-date: /home/pc/US_Teleop_ws/Touch_Diana_Teleop/install/sri_interface/share/sri_interface/cmake/export_sri_interface__rosidl_generator_pyExport.cmake
-- Up-to-date: /home/pc/US_Teleop_ws/Touch_Diana_Teleop/install/sri_interface/share/sri_interface/cmake/export_sri_interface__rosidl_generator_pyExport-noconfig.cmake
-- Up-to-date: /home/pc/US_Teleop_ws/Touch_Diana_Teleop/install/sri_interface/share/sri_interface/cmake/rosidl_cmake-extras.cmake
-- Up-to-date: /home/pc/US_Teleop_ws/Touch_Diana_Teleop/install/sri_interface/share/sri_interface/cmake/ament_cmake_export_dependencies-extras.cmake
-- Up-to-date: /home/pc/US_Teleop_ws/Touch_Diana_Teleop/install/sri_interface/share/sri_interface/cmake/ament_cmake_export_include_directories-extras.cmake
-- Up-to-date: /home/pc/US_Teleop_ws/Touch_Diana_Teleop/install/sri_interface/share/sri_interface/cmake/ament_cmake_export_libraries-extras.cmake
-- Up-to-date: /home/pc/US_Teleop_ws/Touch_Diana_Teleop/install/sri_interface/share/sri_interface/cmake/ament_cmake_export_targets-extras.cmake
-- Up-to-date: /home/pc/US_Teleop_ws/Touch_Diana_Teleop/install/sri_interface/share/sri_interface/cmake/rosidl_cmake_export_typesupport_targets-extras.cmake
-- Up-to-date: /home/pc/US_Teleop_ws/Touch_Diana_Teleop/install/sri_interface/share/sri_interface/cmake/rosidl_cmake_export_typesupport_libraries-extras.cmake
-- Up-to-date: /home/pc/US_Teleop_ws/Touch_Diana_Teleop/install/sri_interface/share/sri_interface/cmake/sri_interfaceConfig.cmake
-- Up-to-date: /home/pc/US_Teleop_ws/Touch_Diana_Teleop/install/sri_interface/share/sri_interface/cmake/sri_interfaceConfig-version.cmake
-- Up-to-date: /home/pc/US_Teleop_ws/Touch_Diana_Teleop/install/sri_interface/share/sri_interface/package.xml
