[0.039s] Invoking command in '/home/pc/US_Teleop_ws/Touch_Diana_Teleop/build/sri_interface': CMAKE_PREFIX_PATH=${CMAKE_PREFIX_PATH}:/opt/ros/humble /usr/bin/cmake --build /home/pc/US_Teleop_ws/Touch_Diana_Teleop/build/sri_interface -- -j16 -l16
[0.139s] [35m[1mConsolidate compiler generated dependencies of target sri_interface__rosidl_generator_c[0m
[0.171s] [  2%] Built target sri_interface__cpp
[0.183s] [ 12%] Built target sri_interface__rosidl_generator_c
[0.215s] [35m[1mConsolidate compiler generated dependencies of target sri_interface__rosidl_typesupport_introspection_cpp[0m
[0.215s] [35m[1mConsolidate compiler generated dependencies of target sri_interface__rosidl_typesupport_cpp[0m
[0.221s] [35m[1mConsolidate compiler generated dependencies of target sri_interface__rosidl_typesupport_fastrtps_cpp[0m
[0.224s] [35m[1mConsolidate compiler generated dependencies of target sri_interface__rosidl_typesupport_fastrtps_c[0m
[0.233s] [ 12%] Built target ament_cmake_python_copy_sri_interface
[0.244s] [35m[1mConsolidate compiler generated dependencies of target sri_interface__rosidl_typesupport_introspection_c[0m
[0.248s] [35m[1mConsolidate compiler generated dependencies of target sri_interface__rosidl_typesupport_c[0m
[0.282s] [ 33%] Built target sri_interface__rosidl_typesupport_introspection_cpp
[0.283s] [ 33%] Built target sri_interface__rosidl_typesupport_cpp
[0.290s] [ 43%] Built target sri_interface__rosidl_typesupport_fastrtps_cpp
[0.295s] [ 53%] Built target sri_interface__rosidl_typesupport_fastrtps_c
[0.298s] [ 74%] Built target sri_interface__rosidl_typesupport_c
[0.299s] [ 74%] Built target sri_interface__rosidl_typesupport_introspection_c
[0.366s] [ 74%] Built target sri_interface
[0.432s] [ 76%] Built target sri_interface__py
[0.461s] [35m[1mConsolidate compiler generated dependencies of target sri_interface__rosidl_generator_py[0m
[0.498s] [ 84%] Built target sri_interface__rosidl_generator_py
[0.530s] [35m[1mConsolidate compiler generated dependencies of target sri_interface__rosidl_typesupport_c__pyext[0m
[0.531s] [35m[1mConsolidate compiler generated dependencies of target sri_interface__rosidl_typesupport_introspection_c__pyext[0m
[0.531s] [35m[1mConsolidate compiler generated dependencies of target sri_interface__rosidl_typesupport_fastrtps_c__pyext[0m
[0.563s] [ 97%] Built target sri_interface__rosidl_typesupport_fastrtps_c__pyext
[0.563s] [ 97%] Built target sri_interface__rosidl_typesupport_introspection_c__pyext
[0.564s] [100%] Built target sri_interface__rosidl_typesupport_c__pyext
[0.709s] running egg_info
[0.711s] writing sri_interface.egg-info/PKG-INFO
[0.712s] writing dependency_links to sri_interface.egg-info/dependency_links.txt
[0.712s] writing top-level names to sri_interface.egg-info/top_level.txt
[0.717s] reading manifest file 'sri_interface.egg-info/SOURCES.txt'
[0.717s] writing manifest file 'sri_interface.egg-info/SOURCES.txt'
[0.839s] [100%] Built target ament_cmake_python_build_sri_interface_egg
[0.870s] Invoked command in '/home/pc/US_Teleop_ws/Touch_Diana_Teleop/build/sri_interface' returned '0': CMAKE_PREFIX_PATH=${CMAKE_PREFIX_PATH}:/opt/ros/humble /usr/bin/cmake --build /home/pc/US_Teleop_ws/Touch_Diana_Teleop/build/sri_interface -- -j16 -l16
[0.894s] Invoking command in '/home/pc/US_Teleop_ws/Touch_Diana_Teleop/build/sri_interface': CMAKE_PREFIX_PATH=${CMAKE_PREFIX_PATH}:/opt/ros/humble /usr/bin/cmake --install /home/pc/US_Teleop_ws/Touch_Diana_Teleop/build/sri_interface
[0.911s] -- Install configuration: ""
[0.911s] -- Up-to-date: /home/pc/US_Teleop_ws/Touch_Diana_Teleop/install/sri_interface/share/ament_index/resource_index/rosidl_interfaces/sri_interface
[0.911s] -- Up-to-date: /home/pc/US_Teleop_ws/Touch_Diana_Teleop/install/sri_interface/include/sri_interface/sri_interface
[0.911s] -- Up-to-date: /home/pc/US_Teleop_ws/Touch_Diana_Teleop/install/sri_interface/include/sri_interface/sri_interface/msg
[0.912s] -- Up-to-date: /home/pc/US_Teleop_ws/Touch_Diana_Teleop/install/sri_interface/include/sri_interface/sri_interface/msg/omni_feedback.h
[0.912s] -- Up-to-date: /home/pc/US_Teleop_ws/Touch_Diana_Teleop/install/sri_interface/include/sri_interface/sri_interface/msg/six_axis_fts.h
[0.912s] -- Up-to-date: /home/pc/US_Teleop_ws/Touch_Diana_Teleop/install/sri_interface/include/sri_interface/sri_interface/msg/rosidl_generator_c__visibility_control.h
[0.912s] -- Up-to-date: /home/pc/US_Teleop_ws/Touch_Diana_Teleop/install/sri_interface/include/sri_interface/sri_interface/msg/detail
[0.912s] -- Up-to-date: /home/pc/US_Teleop_ws/Touch_Diana_Teleop/install/sri_interface/include/sri_interface/sri_interface/msg/detail/omni_feedback__type_support.h
[0.912s] -- Up-to-date: /home/pc/US_Teleop_ws/Touch_Diana_Teleop/install/sri_interface/include/sri_interface/sri_interface/msg/detail/omni_feedback__struct.h
[0.912s] -- Up-to-date: /home/pc/US_Teleop_ws/Touch_Diana_Teleop/install/sri_interface/include/sri_interface/sri_interface/msg/detail/six_axis_fts__functions.c
[0.913s] -- Up-to-date: /home/pc/US_Teleop_ws/Touch_Diana_Teleop/install/sri_interface/include/sri_interface/sri_interface/msg/detail/omni_feedback__functions.h
[0.913s] -- Up-to-date: /home/pc/US_Teleop_ws/Touch_Diana_Teleop/install/sri_interface/include/sri_interface/sri_interface/msg/detail/six_axis_fts__functions.h
[0.913s] -- Up-to-date: /home/pc/US_Teleop_ws/Touch_Diana_Teleop/install/sri_interface/include/sri_interface/sri_interface/msg/detail/omni_feedback__functions.c
[0.913s] -- Up-to-date: /home/pc/US_Teleop_ws/Touch_Diana_Teleop/install/sri_interface/include/sri_interface/sri_interface/msg/detail/six_axis_fts__type_support.h
[0.913s] -- Up-to-date: /home/pc/US_Teleop_ws/Touch_Diana_Teleop/install/sri_interface/include/sri_interface/sri_interface/msg/detail/six_axis_fts__struct.h
[0.913s] -- Up-to-date: /home/pc/US_Teleop_ws/Touch_Diana_Teleop/install/sri_interface/share/sri_interface/environment/library_path.sh
[0.913s] -- Up-to-date: /home/pc/US_Teleop_ws/Touch_Diana_Teleop/install/sri_interface/share/sri_interface/environment/library_path.dsv
[0.913s] -- Up-to-date: /home/pc/US_Teleop_ws/Touch_Diana_Teleop/install/sri_interface/lib/libsri_interface__rosidl_generator_c.so
[0.913s] -- Up-to-date: /home/pc/US_Teleop_ws/Touch_Diana_Teleop/install/sri_interface/include/sri_interface/sri_interface
[0.914s] -- Up-to-date: /home/pc/US_Teleop_ws/Touch_Diana_Teleop/install/sri_interface/include/sri_interface/sri_interface/msg
[0.914s] -- Up-to-date: /home/pc/US_Teleop_ws/Touch_Diana_Teleop/install/sri_interface/include/sri_interface/sri_interface/msg/rosidl_typesupport_fastrtps_c__visibility_control.h
[0.914s] -- Up-to-date: /home/pc/US_Teleop_ws/Touch_Diana_Teleop/install/sri_interface/include/sri_interface/sri_interface/msg/detail
[0.914s] -- Up-to-date: /home/pc/US_Teleop_ws/Touch_Diana_Teleop/install/sri_interface/include/sri_interface/sri_interface/msg/detail/six_axis_fts__rosidl_typesupport_fastrtps_c.h
[0.914s] -- Up-to-date: /home/pc/US_Teleop_ws/Touch_Diana_Teleop/install/sri_interface/include/sri_interface/sri_interface/msg/detail/omni_feedback__rosidl_typesupport_fastrtps_c.h
[0.914s] -- Up-to-date: /home/pc/US_Teleop_ws/Touch_Diana_Teleop/install/sri_interface/lib/libsri_interface__rosidl_typesupport_fastrtps_c.so
[0.914s] -- Up-to-date: /home/pc/US_Teleop_ws/Touch_Diana_Teleop/install/sri_interface/include/sri_interface/sri_interface
[0.914s] -- Up-to-date: /home/pc/US_Teleop_ws/Touch_Diana_Teleop/install/sri_interface/include/sri_interface/sri_interface/msg
[0.915s] -- Up-to-date: /home/pc/US_Teleop_ws/Touch_Diana_Teleop/install/sri_interface/include/sri_interface/sri_interface/msg/six_axis_fts.hpp
[0.915s] -- Up-to-date: /home/pc/US_Teleop_ws/Touch_Diana_Teleop/install/sri_interface/include/sri_interface/sri_interface/msg/detail
[0.915s] -- Up-to-date: /home/pc/US_Teleop_ws/Touch_Diana_Teleop/install/sri_interface/include/sri_interface/sri_interface/msg/detail/six_axis_fts__struct.hpp
[0.915s] -- Up-to-date: /home/pc/US_Teleop_ws/Touch_Diana_Teleop/install/sri_interface/include/sri_interface/sri_interface/msg/detail/omni_feedback__builder.hpp
[0.915s] -- Up-to-date: /home/pc/US_Teleop_ws/Touch_Diana_Teleop/install/sri_interface/include/sri_interface/sri_interface/msg/detail/six_axis_fts__traits.hpp
[0.915s] -- Up-to-date: /home/pc/US_Teleop_ws/Touch_Diana_Teleop/install/sri_interface/include/sri_interface/sri_interface/msg/detail/six_axis_fts__builder.hpp
[0.915s] -- Up-to-date: /home/pc/US_Teleop_ws/Touch_Diana_Teleop/install/sri_interface/include/sri_interface/sri_interface/msg/detail/omni_feedback__struct.hpp
[0.915s] -- Up-to-date: /home/pc/US_Teleop_ws/Touch_Diana_Teleop/install/sri_interface/include/sri_interface/sri_interface/msg/detail/six_axis_fts__type_support.hpp
[0.915s] -- Up-to-date: /home/pc/US_Teleop_ws/Touch_Diana_Teleop/install/sri_interface/include/sri_interface/sri_interface/msg/detail/omni_feedback__type_support.hpp
[0.916s] -- Up-to-date: /home/pc/US_Teleop_ws/Touch_Diana_Teleop/install/sri_interface/include/sri_interface/sri_interface/msg/detail/omni_feedback__traits.hpp
[0.916s] -- Up-to-date: /home/pc/US_Teleop_ws/Touch_Diana_Teleop/install/sri_interface/include/sri_interface/sri_interface/msg/omni_feedback.hpp
[0.916s] -- Up-to-date: /home/pc/US_Teleop_ws/Touch_Diana_Teleop/install/sri_interface/include/sri_interface/sri_interface/msg/rosidl_generator_cpp__visibility_control.hpp
[0.916s] -- Up-to-date: /home/pc/US_Teleop_ws/Touch_Diana_Teleop/install/sri_interface/include/sri_interface/sri_interface
[0.916s] -- Up-to-date: /home/pc/US_Teleop_ws/Touch_Diana_Teleop/install/sri_interface/include/sri_interface/sri_interface/msg
[0.916s] -- Up-to-date: /home/pc/US_Teleop_ws/Touch_Diana_Teleop/install/sri_interface/include/sri_interface/sri_interface/msg/detail
[0.916s] -- Up-to-date: /home/pc/US_Teleop_ws/Touch_Diana_Teleop/install/sri_interface/include/sri_interface/sri_interface/msg/detail/omni_feedback__rosidl_typesupport_fastrtps_cpp.hpp
[0.916s] -- Up-to-date: /home/pc/US_Teleop_ws/Touch_Diana_Teleop/install/sri_interface/include/sri_interface/sri_interface/msg/detail/six_axis_fts__rosidl_typesupport_fastrtps_cpp.hpp
[0.916s] -- Up-to-date: /home/pc/US_Teleop_ws/Touch_Diana_Teleop/install/sri_interface/include/sri_interface/sri_interface/msg/detail/dds_fastrtps
[0.917s] -- Up-to-date: /home/pc/US_Teleop_ws/Touch_Diana_Teleop/install/sri_interface/include/sri_interface/sri_interface/msg/rosidl_typesupport_fastrtps_cpp__visibility_control.h
[0.917s] -- Up-to-date: /home/pc/US_Teleop_ws/Touch_Diana_Teleop/install/sri_interface/lib/libsri_interface__rosidl_typesupport_fastrtps_cpp.so
[0.917s] -- Up-to-date: /home/pc/US_Teleop_ws/Touch_Diana_Teleop/install/sri_interface/include/sri_interface/sri_interface
[0.917s] -- Up-to-date: /home/pc/US_Teleop_ws/Touch_Diana_Teleop/install/sri_interface/include/sri_interface/sri_interface/msg
[0.917s] -- Up-to-date: /home/pc/US_Teleop_ws/Touch_Diana_Teleop/install/sri_interface/include/sri_interface/sri_interface/msg/rosidl_typesupport_introspection_c__visibility_control.h
[0.917s] -- Up-to-date: /home/pc/US_Teleop_ws/Touch_Diana_Teleop/install/sri_interface/include/sri_interface/sri_interface/msg/detail
[0.918s] -- Up-to-date: /home/pc/US_Teleop_ws/Touch_Diana_Teleop/install/sri_interface/include/sri_interface/sri_interface/msg/detail/omni_feedback__type_support.c
[0.918s] -- Up-to-date: /home/pc/US_Teleop_ws/Touch_Diana_Teleop/install/sri_interface/include/sri_interface/sri_interface/msg/detail/six_axis_fts__rosidl_typesupport_introspection_c.h
[0.918s] -- Up-to-date: /home/pc/US_Teleop_ws/Touch_Diana_Teleop/install/sri_interface/include/sri_interface/sri_interface/msg/detail/omni_feedback__rosidl_typesupport_introspection_c.h
[0.918s] -- Up-to-date: /home/pc/US_Teleop_ws/Touch_Diana_Teleop/install/sri_interface/include/sri_interface/sri_interface/msg/detail/six_axis_fts__type_support.c
[0.918s] -- Up-to-date: /home/pc/US_Teleop_ws/Touch_Diana_Teleop/install/sri_interface/lib/libsri_interface__rosidl_typesupport_introspection_c.so
[0.918s] -- Up-to-date: /home/pc/US_Teleop_ws/Touch_Diana_Teleop/install/sri_interface/lib/libsri_interface__rosidl_typesupport_c.so
[0.918s] -- Up-to-date: /home/pc/US_Teleop_ws/Touch_Diana_Teleop/install/sri_interface/include/sri_interface/sri_interface
[0.918s] -- Up-to-date: /home/pc/US_Teleop_ws/Touch_Diana_Teleop/install/sri_interface/include/sri_interface/sri_interface/msg
[0.919s] -- Up-to-date: /home/pc/US_Teleop_ws/Touch_Diana_Teleop/install/sri_interface/include/sri_interface/sri_interface/msg/detail
[0.919s] -- Up-to-date: /home/pc/US_Teleop_ws/Touch_Diana_Teleop/install/sri_interface/include/sri_interface/sri_interface/msg/detail/omni_feedback__type_support.cpp
[0.919s] -- Up-to-date: /home/pc/US_Teleop_ws/Touch_Diana_Teleop/install/sri_interface/include/sri_interface/sri_interface/msg/detail/omni_feedback__rosidl_typesupport_introspection_cpp.hpp
[0.919s] -- Up-to-date: /home/pc/US_Teleop_ws/Touch_Diana_Teleop/install/sri_interface/include/sri_interface/sri_interface/msg/detail/six_axis_fts__type_support.cpp
[0.919s] -- Up-to-date: /home/pc/US_Teleop_ws/Touch_Diana_Teleop/install/sri_interface/include/sri_interface/sri_interface/msg/detail/six_axis_fts__rosidl_typesupport_introspection_cpp.hpp
[0.919s] -- Up-to-date: /home/pc/US_Teleop_ws/Touch_Diana_Teleop/install/sri_interface/lib/libsri_interface__rosidl_typesupport_introspection_cpp.so
[0.919s] -- Up-to-date: /home/pc/US_Teleop_ws/Touch_Diana_Teleop/install/sri_interface/lib/libsri_interface__rosidl_typesupport_cpp.so
[0.919s] -- Up-to-date: /home/pc/US_Teleop_ws/Touch_Diana_Teleop/install/sri_interface/share/sri_interface/environment/pythonpath.sh
[0.919s] -- Up-to-date: /home/pc/US_Teleop_ws/Touch_Diana_Teleop/install/sri_interface/share/sri_interface/environment/pythonpath.dsv
[0.919s] -- Up-to-date: /home/pc/US_Teleop_ws/Touch_Diana_Teleop/install/sri_interface/local/lib/python3.10/dist-packages/sri_interface-0.0.0-py3.10.egg-info
[0.920s] -- Installing: /home/pc/US_Teleop_ws/Touch_Diana_Teleop/install/sri_interface/local/lib/python3.10/dist-packages/sri_interface-0.0.0-py3.10.egg-info/top_level.txt
[0.920s] -- Installing: /home/pc/US_Teleop_ws/Touch_Diana_Teleop/install/sri_interface/local/lib/python3.10/dist-packages/sri_interface-0.0.0-py3.10.egg-info/PKG-INFO
[0.920s] -- Installing: /home/pc/US_Teleop_ws/Touch_Diana_Teleop/install/sri_interface/local/lib/python3.10/dist-packages/sri_interface-0.0.0-py3.10.egg-info/dependency_links.txt
[0.920s] -- Installing: /home/pc/US_Teleop_ws/Touch_Diana_Teleop/install/sri_interface/local/lib/python3.10/dist-packages/sri_interface-0.0.0-py3.10.egg-info/SOURCES.txt
[0.920s] -- Up-to-date: /home/pc/US_Teleop_ws/Touch_Diana_Teleop/install/sri_interface/local/lib/python3.10/dist-packages/sri_interface
[0.920s] -- Up-to-date: /home/pc/US_Teleop_ws/Touch_Diana_Teleop/install/sri_interface/local/lib/python3.10/dist-packages/sri_interface/libsri_interface__rosidl_generator_py.so
[0.920s] -- Up-to-date: /home/pc/US_Teleop_ws/Touch_Diana_Teleop/install/sri_interface/local/lib/python3.10/dist-packages/sri_interface/sri_interface_s__rosidl_typesupport_c.cpython-310-x86_64-linux-gnu.so
[0.922s] -- Up-to-date: /home/pc/US_Teleop_ws/Touch_Diana_Teleop/install/sri_interface/local/lib/python3.10/dist-packages/sri_interface/__init__.py
[0.923s] -- Up-to-date: /home/pc/US_Teleop_ws/Touch_Diana_Teleop/install/sri_interface/local/lib/python3.10/dist-packages/sri_interface/_sri_interface_s.ep.rosidl_typesupport_c.c
[0.923s] -- Up-to-date: /home/pc/US_Teleop_ws/Touch_Diana_Teleop/install/sri_interface/local/lib/python3.10/dist-packages/sri_interface/sri_interface_s__rosidl_typesupport_fastrtps_c.cpython-310-x86_64-linux-gnu.so
[0.923s] -- Up-to-date: /home/pc/US_Teleop_ws/Touch_Diana_Teleop/install/sri_interface/local/lib/python3.10/dist-packages/sri_interface/sri_interface_s__rosidl_typesupport_introspection_c.cpython-310-x86_64-linux-gnu.so
[0.923s] -- Up-to-date: /home/pc/US_Teleop_ws/Touch_Diana_Teleop/install/sri_interface/local/lib/python3.10/dist-packages/sri_interface/_sri_interface_s.ep.rosidl_typesupport_fastrtps_c.c
[0.923s] -- Up-to-date: /home/pc/US_Teleop_ws/Touch_Diana_Teleop/install/sri_interface/local/lib/python3.10/dist-packages/sri_interface/_sri_interface_s.ep.rosidl_typesupport_introspection_c.c
[0.923s] -- Up-to-date: /home/pc/US_Teleop_ws/Touch_Diana_Teleop/install/sri_interface/local/lib/python3.10/dist-packages/sri_interface/msg
[0.923s] -- Up-to-date: /home/pc/US_Teleop_ws/Touch_Diana_Teleop/install/sri_interface/local/lib/python3.10/dist-packages/sri_interface/msg/_six_axis_fts_s.c
[0.923s] -- Up-to-date: /home/pc/US_Teleop_ws/Touch_Diana_Teleop/install/sri_interface/local/lib/python3.10/dist-packages/sri_interface/msg/_six_axis_fts.py
[0.923s] -- Up-to-date: /home/pc/US_Teleop_ws/Touch_Diana_Teleop/install/sri_interface/local/lib/python3.10/dist-packages/sri_interface/msg/__init__.py
[0.923s] -- Up-to-date: /home/pc/US_Teleop_ws/Touch_Diana_Teleop/install/sri_interface/local/lib/python3.10/dist-packages/sri_interface/msg/_omni_feedback_s.c
[0.923s] -- Up-to-date: /home/pc/US_Teleop_ws/Touch_Diana_Teleop/install/sri_interface/local/lib/python3.10/dist-packages/sri_interface/msg/_omni_feedback.py
[0.981s] Listing '/home/pc/US_Teleop_ws/Touch_Diana_Teleop/install/sri_interface/local/lib/python3.10/dist-packages/sri_interface'...
[0.981s] Listing '/home/pc/US_Teleop_ws/Touch_Diana_Teleop/install/sri_interface/local/lib/python3.10/dist-packages/sri_interface/msg'...
[0.996s] -- Up-to-date: /home/pc/US_Teleop_ws/Touch_Diana_Teleop/install/sri_interface/local/lib/python3.10/dist-packages/sri_interface/sri_interface_s__rosidl_typesupport_fastrtps_c.cpython-310-x86_64-linux-gnu.so
[0.996s] -- Up-to-date: /home/pc/US_Teleop_ws/Touch_Diana_Teleop/install/sri_interface/local/lib/python3.10/dist-packages/sri_interface/sri_interface_s__rosidl_typesupport_introspection_c.cpython-310-x86_64-linux-gnu.so
[0.997s] -- Up-to-date: /home/pc/US_Teleop_ws/Touch_Diana_Teleop/install/sri_interface/local/lib/python3.10/dist-packages/sri_interface/sri_interface_s__rosidl_typesupport_c.cpython-310-x86_64-linux-gnu.so
[0.998s] -- Up-to-date: /home/pc/US_Teleop_ws/Touch_Diana_Teleop/install/sri_interface/lib/libsri_interface__rosidl_generator_py.so
[0.999s] -- Up-to-date: /home/pc/US_Teleop_ws/Touch_Diana_Teleop/install/sri_interface/share/sri_interface/msg/SixAxisFTS.idl
[0.999s] -- Up-to-date: /home/pc/US_Teleop_ws/Touch_Diana_Teleop/install/sri_interface/share/sri_interface/msg/OmniFeedback.idl
[0.999s] -- Up-to-date: /home/pc/US_Teleop_ws/Touch_Diana_Teleop/install/sri_interface/share/sri_interface/msg/SixAxisFTS.msg
[0.999s] -- Up-to-date: /home/pc/US_Teleop_ws/Touch_Diana_Teleop/install/sri_interface/share/sri_interface/msg/OmniFeedback.msg
[1.000s] -- Up-to-date: /home/pc/US_Teleop_ws/Touch_Diana_Teleop/install/sri_interface/share/ament_index/resource_index/package_run_dependencies/sri_interface
[1.000s] -- Up-to-date: /home/pc/US_Teleop_ws/Touch_Diana_Teleop/install/sri_interface/share/ament_index/resource_index/parent_prefix_path/sri_interface
[1.000s] -- Up-to-date: /home/pc/US_Teleop_ws/Touch_Diana_Teleop/install/sri_interface/share/sri_interface/environment/ament_prefix_path.sh
[1.000s] -- Up-to-date: /home/pc/US_Teleop_ws/Touch_Diana_Teleop/install/sri_interface/share/sri_interface/environment/ament_prefix_path.dsv
[1.000s] -- Up-to-date: /home/pc/US_Teleop_ws/Touch_Diana_Teleop/install/sri_interface/share/sri_interface/environment/path.sh
[1.000s] -- Up-to-date: /home/pc/US_Teleop_ws/Touch_Diana_Teleop/install/sri_interface/share/sri_interface/environment/path.dsv
[1.000s] -- Up-to-date: /home/pc/US_Teleop_ws/Touch_Diana_Teleop/install/sri_interface/share/sri_interface/local_setup.bash
[1.000s] -- Up-to-date: /home/pc/US_Teleop_ws/Touch_Diana_Teleop/install/sri_interface/share/sri_interface/local_setup.sh
[1.001s] -- Up-to-date: /home/pc/US_Teleop_ws/Touch_Diana_Teleop/install/sri_interface/share/sri_interface/local_setup.zsh
[1.001s] -- Up-to-date: /home/pc/US_Teleop_ws/Touch_Diana_Teleop/install/sri_interface/share/sri_interface/local_setup.dsv
[1.001s] -- Installing: /home/pc/US_Teleop_ws/Touch_Diana_Teleop/install/sri_interface/share/sri_interface/package.dsv
[1.001s] -- Up-to-date: /home/pc/US_Teleop_ws/Touch_Diana_Teleop/install/sri_interface/share/ament_index/resource_index/packages/sri_interface
[1.001s] -- Up-to-date: /home/pc/US_Teleop_ws/Touch_Diana_Teleop/install/sri_interface/share/sri_interface/cmake/export_sri_interface__rosidl_generator_cExport.cmake
[1.002s] -- Up-to-date: /home/pc/US_Teleop_ws/Touch_Diana_Teleop/install/sri_interface/share/sri_interface/cmake/export_sri_interface__rosidl_generator_cExport-noconfig.cmake
[1.002s] -- Up-to-date: /home/pc/US_Teleop_ws/Touch_Diana_Teleop/install/sri_interface/share/sri_interface/cmake/export_sri_interface__rosidl_typesupport_fastrtps_cExport.cmake
[1.002s] -- Up-to-date: /home/pc/US_Teleop_ws/Touch_Diana_Teleop/install/sri_interface/share/sri_interface/cmake/export_sri_interface__rosidl_typesupport_fastrtps_cExport-noconfig.cmake
[1.002s] -- Up-to-date: /home/pc/US_Teleop_ws/Touch_Diana_Teleop/install/sri_interface/share/sri_interface/cmake/export_sri_interface__rosidl_generator_cppExport.cmake
[1.002s] -- Up-to-date: /home/pc/US_Teleop_ws/Touch_Diana_Teleop/install/sri_interface/share/sri_interface/cmake/export_sri_interface__rosidl_typesupport_fastrtps_cppExport.cmake
[1.002s] -- Up-to-date: /home/pc/US_Teleop_ws/Touch_Diana_Teleop/install/sri_interface/share/sri_interface/cmake/export_sri_interface__rosidl_typesupport_fastrtps_cppExport-noconfig.cmake
[1.003s] -- Up-to-date: /home/pc/US_Teleop_ws/Touch_Diana_Teleop/install/sri_interface/share/sri_interface/cmake/sri_interface__rosidl_typesupport_introspection_cExport.cmake
[1.003s] -- Up-to-date: /home/pc/US_Teleop_ws/Touch_Diana_Teleop/install/sri_interface/share/sri_interface/cmake/sri_interface__rosidl_typesupport_introspection_cExport-noconfig.cmake
[1.003s] -- Up-to-date: /home/pc/US_Teleop_ws/Touch_Diana_Teleop/install/sri_interface/share/sri_interface/cmake/sri_interface__rosidl_typesupport_cExport.cmake
[1.003s] -- Up-to-date: /home/pc/US_Teleop_ws/Touch_Diana_Teleop/install/sri_interface/share/sri_interface/cmake/sri_interface__rosidl_typesupport_cExport-noconfig.cmake
[1.003s] -- Up-to-date: /home/pc/US_Teleop_ws/Touch_Diana_Teleop/install/sri_interface/share/sri_interface/cmake/sri_interface__rosidl_typesupport_introspection_cppExport.cmake
[1.003s] -- Up-to-date: /home/pc/US_Teleop_ws/Touch_Diana_Teleop/install/sri_interface/share/sri_interface/cmake/sri_interface__rosidl_typesupport_introspection_cppExport-noconfig.cmake
[1.003s] -- Up-to-date: /home/pc/US_Teleop_ws/Touch_Diana_Teleop/install/sri_interface/share/sri_interface/cmake/sri_interface__rosidl_typesupport_cppExport.cmake
[1.003s] -- Up-to-date: /home/pc/US_Teleop_ws/Touch_Diana_Teleop/install/sri_interface/share/sri_interface/cmake/sri_interface__rosidl_typesupport_cppExport-noconfig.cmake
[1.003s] -- Up-to-date: /home/pc/US_Teleop_ws/Touch_Diana_Teleop/install/sri_interface/share/sri_interface/cmake/export_sri_interface__rosidl_generator_pyExport.cmake
[1.003s] -- Up-to-date: /home/pc/US_Teleop_ws/Touch_Diana_Teleop/install/sri_interface/share/sri_interface/cmake/export_sri_interface__rosidl_generator_pyExport-noconfig.cmake
[1.005s] -- Up-to-date: /home/pc/US_Teleop_ws/Touch_Diana_Teleop/install/sri_interface/share/sri_interface/cmake/rosidl_cmake-extras.cmake
[1.005s] -- Up-to-date: /home/pc/US_Teleop_ws/Touch_Diana_Teleop/install/sri_interface/share/sri_interface/cmake/ament_cmake_export_dependencies-extras.cmake
[1.005s] -- Up-to-date: /home/pc/US_Teleop_ws/Touch_Diana_Teleop/install/sri_interface/share/sri_interface/cmake/ament_cmake_export_include_directories-extras.cmake
[1.005s] -- Up-to-date: /home/pc/US_Teleop_ws/Touch_Diana_Teleop/install/sri_interface/share/sri_interface/cmake/ament_cmake_export_libraries-extras.cmake
[1.005s] -- Up-to-date: /home/pc/US_Teleop_ws/Touch_Diana_Teleop/install/sri_interface/share/sri_interface/cmake/ament_cmake_export_targets-extras.cmake
[1.005s] -- Up-to-date: /home/pc/US_Teleop_ws/Touch_Diana_Teleop/install/sri_interface/share/sri_interface/cmake/rosidl_cmake_export_typesupport_targets-extras.cmake
[1.005s] -- Up-to-date: /home/pc/US_Teleop_ws/Touch_Diana_Teleop/install/sri_interface/share/sri_interface/cmake/rosidl_cmake_export_typesupport_libraries-extras.cmake
[1.005s] -- Up-to-date: /home/pc/US_Teleop_ws/Touch_Diana_Teleop/install/sri_interface/share/sri_interface/cmake/sri_interfaceConfig.cmake
[1.005s] -- Up-to-date: /home/pc/US_Teleop_ws/Touch_Diana_Teleop/install/sri_interface/share/sri_interface/cmake/sri_interfaceConfig-version.cmake
[1.005s] -- Up-to-date: /home/pc/US_Teleop_ws/Touch_Diana_Teleop/install/sri_interface/share/sri_interface/package.xml
[1.008s] Invoked command in '/home/pc/US_Teleop_ws/Touch_Diana_Teleop/build/sri_interface' returned '0': CMAKE_PREFIX_PATH=${CMAKE_PREFIX_PATH}:/opt/ros/humble /usr/bin/cmake --install /home/pc/US_Teleop_ws/Touch_Diana_Teleop/build/sri_interface
