[0.038s] Invoking command in '/home/pc/US_Teleop_ws/Touch_Diana_Teleop/build/master_slave_map': CMAKE_PREFIX_PATH=${CMAKE_PREFIX_PATH}:/opt/ros/humble /usr/bin/cmake /home/pc/US_Teleop_ws/Touch_Diana_Teleop/src/touch_ros2/master_slave_map -DCMAKE_INSTALL_PREFIX=/home/pc/US_Teleop_ws/Touch_Diana_Teleop/install/master_slave_map
[0.239s] -- The C compiler identification is GNU 11.4.0
[0.410s] -- The CXX compiler identification is GNU 11.4.0
[0.425s] -- Detecting C compiler ABI info
[0.598s] -- Detecting C compiler ABI info - done
[0.608s] -- Check for working C compiler: /usr/bin/cc - skipped
[0.608s] -- Detecting C compile features
[0.608s] -- Detecting C compile features - done
[0.613s] -- Detecting CXX compiler ABI info
[0.785s] -- Detecting CXX compiler ABI info - done
[0.793s] -- Check for working CXX compiler: /usr/bin/c++ - skipped
[0.793s] -- Detecting CXX compile features
[0.794s] -- Detecting CXX compile features - done
[0.799s] -- Found ament_cmake: 1.3.11 (/opt/ros/humble/share/ament_cmake/cmake)
[1.200s] -- Found Python3: /usr/bin/python3 (found version "3.10.12") found components: Interpreter 
[1.404s] -- Found rclcpp: 16.0.11 (/opt/ros/humble/share/rclcpp/cmake)
[1.485s] -- Found rosidl_generator_c: 3.1.6 (/opt/ros/humble/share/rosidl_generator_c/cmake)
[1.497s] -- Found rosidl_adapter: 3.1.6 (/opt/ros/humble/share/rosidl_adapter/cmake)
[1.517s] -- Found rosidl_generator_cpp: 3.1.6 (/opt/ros/humble/share/rosidl_generator_cpp/cmake)
[1.545s] -- Using all available rosidl_typesupport_c: rosidl_typesupport_fastrtps_c;rosidl_typesupport_introspection_c
[1.573s] -- Using all available rosidl_typesupport_cpp: rosidl_typesupport_fastrtps_cpp;rosidl_typesupport_introspection_cpp
[1.648s] -- Found rmw_implementation_cmake: 6.1.2 (/opt/ros/humble/share/rmw_implementation_cmake/cmake)
[1.652s] -- Found rmw_fastrtps_cpp: 6.2.7 (/opt/ros/humble/share/rmw_fastrtps_cpp/cmake)
[1.843s] -- Found OpenSSL: /usr/lib/x86_64-linux-gnu/libcrypto.so (found version "3.0.2")  
[1.893s] -- Found FastRTPS: /opt/ros/humble/include  
[1.972s] -- Using RMW implementation 'rmw_fastrtps_cpp' as default
[1.996s] -- Looking for pthread.h
[2.237s] -- Looking for pthread.h - found
[2.238s] -- Performing Test CMAKE_HAVE_LIBC_PTHREAD
[2.430s] -- Performing Test CMAKE_HAVE_LIBC_PTHREAD - Success
[2.432s] -- Found Threads: TRUE  
[2.499s] -- Found geometry_msgs: 4.2.4 (/opt/ros/humble/share/geometry_msgs/cmake)
[2.529s] -- Found ament_lint_auto: 0.12.11 (/opt/ros/humble/share/ament_lint_auto/cmake)
[2.695s] -- Added test 'cppcheck' to perform static code analysis on C / C++ code
[2.695s] -- Configured cppcheck include dirs: 
[2.695s] -- Configured cppcheck exclude dirs and/or files: 
[2.697s] -- Added test 'lint_cmake' to check CMake code style
[2.699s] -- Added test 'uncrustify' to check C / C++ code style
[2.699s] -- Configured uncrustify additional arguments: 
[2.700s] -- Added test 'xmllint' to check XML markup files
[2.703s] -- Configuring done
[2.725s] -- Generating done
[2.732s] -- Build files have been written to: /home/pc/US_Teleop_ws/Touch_Diana_Teleop/build/master_slave_map
[2.760s] Invoked command in '/home/pc/US_Teleop_ws/Touch_Diana_Teleop/build/master_slave_map' returned '0': CMAKE_PREFIX_PATH=${CMAKE_PREFIX_PATH}:/opt/ros/humble /usr/bin/cmake /home/pc/US_Teleop_ws/Touch_Diana_Teleop/src/touch_ros2/master_slave_map -DCMAKE_INSTALL_PREFIX=/home/pc/US_Teleop_ws/Touch_Diana_Teleop/install/master_slave_map
[2.764s] Invoking command in '/home/pc/US_Teleop_ws/Touch_Diana_Teleop/build/master_slave_map': CMAKE_PREFIX_PATH=${CMAKE_PREFIX_PATH}:/opt/ros/humble /usr/bin/cmake --build /home/pc/US_Teleop_ws/Touch_Diana_Teleop/build/master_slave_map -- -j16 -l16
[2.892s] [ 50%] [32mBuilding CXX object CMakeFiles/omni_diana_pose.dir/src/omni_diana_pose.cpp.o[0m
[24.443s] [100%] [32m[1mLinking CXX executable omni_diana_pose[0m
[26.516s] [100%] Built target omni_diana_pose
[26.550s] Invoked command in '/home/pc/US_Teleop_ws/Touch_Diana_Teleop/build/master_slave_map' returned '0': CMAKE_PREFIX_PATH=${CMAKE_PREFIX_PATH}:/opt/ros/humble /usr/bin/cmake --build /home/pc/US_Teleop_ws/Touch_Diana_Teleop/build/master_slave_map -- -j16 -l16
[26.556s] Invoking command in '/home/pc/US_Teleop_ws/Touch_Diana_Teleop/build/master_slave_map': CMAKE_PREFIX_PATH=${CMAKE_PREFIX_PATH}:/opt/ros/humble /usr/bin/cmake --install /home/pc/US_Teleop_ws/Touch_Diana_Teleop/build/master_slave_map
[26.577s] -- Install configuration: ""
[26.577s] -- Installing: /home/pc/US_Teleop_ws/Touch_Diana_Teleop/install/master_slave_map/lib/master_slave_map/omni_diana_pose
[26.589s] -- Set runtime path of "/home/pc/US_Teleop_ws/Touch_Diana_Teleop/install/master_slave_map/lib/master_slave_map/omni_diana_pose" to ""
[26.589s] -- Installing: /home/pc/US_Teleop_ws/Touch_Diana_Teleop/install/master_slave_map/share/ament_index/resource_index/package_run_dependencies/master_slave_map
[26.589s] -- Installing: /home/pc/US_Teleop_ws/Touch_Diana_Teleop/install/master_slave_map/share/ament_index/resource_index/parent_prefix_path/master_slave_map
[26.590s] -- Installing: /home/pc/US_Teleop_ws/Touch_Diana_Teleop/install/master_slave_map/share/master_slave_map/environment/ament_prefix_path.sh
[26.590s] -- Installing: /home/pc/US_Teleop_ws/Touch_Diana_Teleop/install/master_slave_map/share/master_slave_map/environment/ament_prefix_path.dsv
[26.590s] -- Installing: /home/pc/US_Teleop_ws/Touch_Diana_Teleop/install/master_slave_map/share/master_slave_map/environment/path.sh
[26.591s] -- Installing: /home/pc/US_Teleop_ws/Touch_Diana_Teleop/install/master_slave_map/share/master_slave_map/environment/path.dsv
[26.591s] -- Installing: /home/pc/US_Teleop_ws/Touch_Diana_Teleop/install/master_slave_map/share/master_slave_map/local_setup.bash
[26.591s] -- Installing: /home/pc/US_Teleop_ws/Touch_Diana_Teleop/install/master_slave_map/share/master_slave_map/local_setup.sh
[26.591s] -- Installing: /home/pc/US_Teleop_ws/Touch_Diana_Teleop/install/master_slave_map/share/master_slave_map/local_setup.zsh
[26.591s] -- Installing: /home/pc/US_Teleop_ws/Touch_Diana_Teleop/install/master_slave_map/share/master_slave_map/local_setup.dsv
[26.591s] -- Installing: /home/pc/US_Teleop_ws/Touch_Diana_Teleop/install/master_slave_map/share/master_slave_map/package.dsv
[26.591s] -- Installing: /home/pc/US_Teleop_ws/Touch_Diana_Teleop/install/master_slave_map/share/ament_index/resource_index/packages/master_slave_map
[26.592s] -- Installing: /home/pc/US_Teleop_ws/Touch_Diana_Teleop/install/master_slave_map/share/master_slave_map/cmake/master_slave_mapConfig.cmake
[26.592s] -- Installing: /home/pc/US_Teleop_ws/Touch_Diana_Teleop/install/master_slave_map/share/master_slave_map/cmake/master_slave_mapConfig-version.cmake
[26.592s] -- Installing: /home/pc/US_Teleop_ws/Touch_Diana_Teleop/install/master_slave_map/share/master_slave_map/package.xml
[26.599s] Invoked command in '/home/pc/US_Teleop_ws/Touch_Diana_Teleop/build/master_slave_map' returned '0': CMAKE_PREFIX_PATH=${CMAKE_PREFIX_PATH}:/opt/ros/humble /usr/bin/cmake --install /home/pc/US_Teleop_ws/Touch_Diana_Teleop/build/master_slave_map
