-- The C compiler identification is GNU 11.4.0
-- The CXX compiler identification is GNU 11.4.0
-- Detecting C compiler ABI info
-- Detecting C compiler ABI info - done
-- Check for working C compiler: /usr/bin/cc - skipped
-- Detecting C compile features
-- Detecting C compile features - done
-- Detecting CXX compiler ABI info
-- Detecting CXX compiler ABI info - done
-- Check for working CXX compiler: /usr/bin/c++ - skipped
-- Detecting CXX compile features
-- Detecting CXX compile features - done
-- Found ament_cmake: 1.3.11 (/opt/ros/humble/share/ament_cmake/cmake)
-- Found Python3: /usr/bin/python3 (found version "3.10.12") found components: Interpreter 
-- Found rclcpp: 16.0.11 (/opt/ros/humble/share/rclcpp/cmake)
-- Found rosidl_generator_c: 3.1.6 (/opt/ros/humble/share/rosidl_generator_c/cmake)
-- Found rosidl_adapter: 3.1.6 (/opt/ros/humble/share/rosidl_adapter/cmake)
-- Found rosidl_generator_cpp: 3.1.6 (/opt/ros/humble/share/rosidl_generator_cpp/cmake)
-- Using all available rosidl_typesupport_c: rosidl_typesupport_fastrtps_c;rosidl_typesupport_introspection_c
-- Using all available rosidl_typesupport_cpp: rosidl_typesupport_fastrtps_cpp;rosidl_typesupport_introspection_cpp
-- Found rmw_implementation_cmake: 6.1.2 (/opt/ros/humble/share/rmw_implementation_cmake/cmake)
-- Found rmw_fastrtps_cpp: 6.2.7 (/opt/ros/humble/share/rmw_fastrtps_cpp/cmake)
-- Found OpenSSL: /usr/lib/x86_64-linux-gnu/libcrypto.so (found version "3.0.2")  
-- Found FastRTPS: /opt/ros/humble/include  
-- Using RMW implementation 'rmw_fastrtps_cpp' as default
-- Looking for pthread.h
-- Looking for pthread.h - found
-- Performing Test CMAKE_HAVE_LIBC_PTHREAD
-- Performing Test CMAKE_HAVE_LIBC_PTHREAD - Success
-- Found Threads: TRUE  
-- Found geometry_msgs: 4.2.4 (/opt/ros/humble/share/geometry_msgs/cmake)
-- Found sensor_msgs: 4.2.4 (/opt/ros/humble/share/sensor_msgs/cmake)
-- Found sri_interface: 0.0.0 (/home/pc/US_Teleop_ws/Touch_Diana_Teleop/install/sri_interface/share/sri_interface/cmake)
-- Found omni_msgs: 0.0.0 (/home/pc/US_Teleop_ws/Touch_Diana_Teleop/install/omni_msgs/share/omni_msgs/cmake)
-- Found serial: 1.2.1 (/usr/local/share/serial/cmake)
-- Found ament_lint_auto: 0.12.11 (/opt/ros/humble/share/ament_lint_auto/cmake)
-- Added test 'cppcheck' to perform static code analysis on C / C++ code
-- Configured cppcheck include dirs: /home/pc/US_Teleop_ws/Touch_Diana_Teleop/src/fts_ros2/srifts/include;/home/pc/US_Teleop_ws/Touch_Diana_Teleop/src/fts_ros2/srifts/include/srifts;/home/pc/US_Teleop_ws/Touch_Diana_Teleop/src/fts_ros2/srifts/install/sri_interface/include/sri_interface;/home/pc/US_Teleop_ws/Touch_Diana_Teleop/src/fts_ros2/srifts/install/omni_msgs/include/omni_msgs
-- Configured cppcheck exclude dirs and/or files: 
-- Added test 'lint_cmake' to check CMake code style
-- Added test 'uncrustify' to check C / C++ code style
-- Configured uncrustify additional arguments: 
-- Added test 'xmllint' to check XML markup files
-- Configuring done
-- Generating done
-- Build files have been written to: /home/pc/US_Teleop_ws/Touch_Diana_Teleop/build/srifts
[ 25%] [32mBuilding CXX object CMakeFiles/forcesensor.dir/src/M8128_data.cpp.o[0m
[ 50%] [32mBuilding CXX object CMakeFiles/kalman.dir/src/kalman.cpp.o[0m
[ 75%] [32m[1mLinking CXX executable forcesensor[0m
[ 75%] Built target forcesensor
[100%] [32m[1mLinking CXX executable kalman[0m
[100%] Built target kalman
-- Install configuration: ""
-- Installing: /home/pc/US_Teleop_ws/Touch_Diana_Teleop/install/srifts/lib/srifts/forcesensor
-- Set runtime path of "/home/pc/US_Teleop_ws/Touch_Diana_Teleop/install/srifts/lib/srifts/forcesensor" to ""
-- Installing: /home/pc/US_Teleop_ws/Touch_Diana_Teleop/install/srifts/lib/srifts/kalman
-- Set runtime path of "/home/pc/US_Teleop_ws/Touch_Diana_Teleop/install/srifts/lib/srifts/kalman" to ""
-- Installing: /home/pc/US_Teleop_ws/Touch_Diana_Teleop/install/srifts/share/ament_index/resource_index/package_run_dependencies/srifts
-- Installing: /home/pc/US_Teleop_ws/Touch_Diana_Teleop/install/srifts/share/ament_index/resource_index/parent_prefix_path/srifts
-- Installing: /home/pc/US_Teleop_ws/Touch_Diana_Teleop/install/srifts/share/srifts/environment/ament_prefix_path.sh
-- Installing: /home/pc/US_Teleop_ws/Touch_Diana_Teleop/install/srifts/share/srifts/environment/ament_prefix_path.dsv
-- Installing: /home/pc/US_Teleop_ws/Touch_Diana_Teleop/install/srifts/share/srifts/environment/path.sh
-- Installing: /home/pc/US_Teleop_ws/Touch_Diana_Teleop/install/srifts/share/srifts/environment/path.dsv
-- Installing: /home/pc/US_Teleop_ws/Touch_Diana_Teleop/install/srifts/share/srifts/local_setup.bash
-- Installing: /home/pc/US_Teleop_ws/Touch_Diana_Teleop/install/srifts/share/srifts/local_setup.sh
-- Installing: /home/pc/US_Teleop_ws/Touch_Diana_Teleop/install/srifts/share/srifts/local_setup.zsh
-- Installing: /home/pc/US_Teleop_ws/Touch_Diana_Teleop/install/srifts/share/srifts/local_setup.dsv
-- Installing: /home/pc/US_Teleop_ws/Touch_Diana_Teleop/install/srifts/share/srifts/package.dsv
-- Installing: /home/pc/US_Teleop_ws/Touch_Diana_Teleop/install/srifts/share/ament_index/resource_index/packages/srifts
-- Installing: /home/pc/US_Teleop_ws/Touch_Diana_Teleop/install/srifts/share/srifts/cmake/sriftsConfig.cmake
-- Installing: /home/pc/US_Teleop_ws/Touch_Diana_Teleop/install/srifts/share/srifts/cmake/sriftsConfig-version.cmake
-- Installing: /home/pc/US_Teleop_ws/Touch_Diana_Teleop/install/srifts/share/srifts/package.xml
