[0.035s] Invoking command in '/home/pc/US_Teleop_ws/Touch_Diana_Teleop/build/srifts': CMAKE_PREFIX_PATH=${CMAKE_PREFIX_PATH}:/opt/ros/humble LD_LIBRARY_PATH=/home/pc/US_Teleop_ws/Touch_Diana_Teleop/install/sri_interface/lib:/home/pc/US_Teleop_ws/Touch_Diana_Teleop/install/omni_msgs/lib:/usr/local/lib:/usr/local/lib:/home/pc/zyh/ultrasound/Diana_omni_ws/install/sri_interface/lib:/home/pc/zyh/ultrasound/Diana_omni_ws/install/omni_msgs/lib:/opt/ros/humble/opt/rviz_ogre_vendor/lib:/opt/ros/humble/lib/x86_64-linux-gnu:/opt/ros/humble/lib:/home/pc/TeachUI/Dianamed/TeachPendantUI:/home/pc/adm_ws/src/diana_manipulator/lib/dianamedlib:/home/pc/TeachUI/Dianamed/TeachPendantUI:/home/pc/adm_ws/src/diana_manipulator/lib/dianamedlib /usr/bin/cmake /home/pc/US_Teleop_ws/Touch_Diana_Teleop/src/fts_ros2/srifts -DCMAKE_INSTALL_PREFIX=/home/pc/US_Teleop_ws/Touch_Diana_Teleop/install/srifts
[0.153s] -- The C compiler identification is GNU 11.4.0
[0.267s] -- The CXX compiler identification is GNU 11.4.0
[0.278s] -- Detecting C compiler ABI info
[0.467s] -- Detecting C compiler ABI info - done
[0.480s] -- Check for working C compiler: /usr/bin/cc - skipped
[0.480s] -- Detecting C compile features
[0.482s] -- Detecting C compile features - done
[0.487s] -- Detecting CXX compiler ABI info
[0.679s] -- Detecting CXX compiler ABI info - done
[0.689s] -- Check for working CXX compiler: /usr/bin/c++ - skipped
[0.690s] -- Detecting CXX compile features
[0.690s] -- Detecting CXX compile features - done
[0.696s] -- Found ament_cmake: 1.3.11 (/opt/ros/humble/share/ament_cmake/cmake)
[1.156s] -- Found Python3: /usr/bin/python3 (found version "3.10.12") found components: Interpreter 
[1.386s] -- Found rclcpp: 16.0.11 (/opt/ros/humble/share/rclcpp/cmake)
[1.451s] -- Found rosidl_generator_c: 3.1.6 (/opt/ros/humble/share/rosidl_generator_c/cmake)
[1.460s] -- Found rosidl_adapter: 3.1.6 (/opt/ros/humble/share/rosidl_adapter/cmake)
[1.473s] -- Found rosidl_generator_cpp: 3.1.6 (/opt/ros/humble/share/rosidl_generator_cpp/cmake)
[1.491s] -- Using all available rosidl_typesupport_c: rosidl_typesupport_fastrtps_c;rosidl_typesupport_introspection_c
[1.515s] -- Using all available rosidl_typesupport_cpp: rosidl_typesupport_fastrtps_cpp;rosidl_typesupport_introspection_cpp
[1.584s] -- Found rmw_implementation_cmake: 6.1.2 (/opt/ros/humble/share/rmw_implementation_cmake/cmake)
[1.589s] -- Found rmw_fastrtps_cpp: 6.2.7 (/opt/ros/humble/share/rmw_fastrtps_cpp/cmake)
[1.783s] -- Found OpenSSL: /usr/lib/x86_64-linux-gnu/libcrypto.so (found version "3.0.2")  
[1.838s] -- Found FastRTPS: /opt/ros/humble/include  
[1.902s] -- Using RMW implementation 'rmw_fastrtps_cpp' as default
[1.919s] -- Looking for pthread.h
[2.088s] -- Looking for pthread.h - found
[2.089s] -- Performing Test CMAKE_HAVE_LIBC_PTHREAD
[2.388s] -- Performing Test CMAKE_HAVE_LIBC_PTHREAD - Success
[2.393s] -- Found Threads: TRUE  
[2.529s] -- Found geometry_msgs: 4.2.4 (/opt/ros/humble/share/geometry_msgs/cmake)
[2.566s] -- Found sensor_msgs: 4.2.4 (/opt/ros/humble/share/sensor_msgs/cmake)
[2.610s] -- Found sri_interface: 0.0.0 (/home/pc/US_Teleop_ws/Touch_Diana_Teleop/install/sri_interface/share/sri_interface/cmake)
[2.641s] -- Found omni_msgs: 0.0.0 (/home/pc/US_Teleop_ws/Touch_Diana_Teleop/install/omni_msgs/share/omni_msgs/cmake)
[2.709s] -- Found serial: 1.2.1 (/usr/local/share/serial/cmake)
[2.731s] -- Found ament_lint_auto: 0.12.11 (/opt/ros/humble/share/ament_lint_auto/cmake)
[3.195s] -- Added test 'cppcheck' to perform static code analysis on C / C++ code
[3.197s] -- Configured cppcheck include dirs: /home/pc/US_Teleop_ws/Touch_Diana_Teleop/src/fts_ros2/srifts/include;/home/pc/US_Teleop_ws/Touch_Diana_Teleop/src/fts_ros2/srifts/include/srifts;/home/pc/US_Teleop_ws/Touch_Diana_Teleop/src/fts_ros2/srifts/install/sri_interface/include/sri_interface;/home/pc/US_Teleop_ws/Touch_Diana_Teleop/src/fts_ros2/srifts/install/omni_msgs/include/omni_msgs
[3.197s] -- Configured cppcheck exclude dirs and/or files: 
[3.203s] -- Added test 'lint_cmake' to check CMake code style
[3.208s] -- Added test 'uncrustify' to check C / C++ code style
[3.210s] -- Configured uncrustify additional arguments: 
[3.210s] -- Added test 'xmllint' to check XML markup files
[3.215s] -- Configuring done
[3.275s] -- Generating done
[3.297s] -- Build files have been written to: /home/pc/US_Teleop_ws/Touch_Diana_Teleop/build/srifts
[3.382s] Invoked command in '/home/pc/US_Teleop_ws/Touch_Diana_Teleop/build/srifts' returned '0': CMAKE_PREFIX_PATH=${CMAKE_PREFIX_PATH}:/opt/ros/humble LD_LIBRARY_PATH=/home/pc/US_Teleop_ws/Touch_Diana_Teleop/install/sri_interface/lib:/home/pc/US_Teleop_ws/Touch_Diana_Teleop/install/omni_msgs/lib:/usr/local/lib:/usr/local/lib:/home/pc/zyh/ultrasound/Diana_omni_ws/install/sri_interface/lib:/home/pc/zyh/ultrasound/Diana_omni_ws/install/omni_msgs/lib:/opt/ros/humble/opt/rviz_ogre_vendor/lib:/opt/ros/humble/lib/x86_64-linux-gnu:/opt/ros/humble/lib:/home/pc/TeachUI/Dianamed/TeachPendantUI:/home/pc/adm_ws/src/diana_manipulator/lib/dianamedlib:/home/pc/TeachUI/Dianamed/TeachPendantUI:/home/pc/adm_ws/src/diana_manipulator/lib/dianamedlib /usr/bin/cmake /home/pc/US_Teleop_ws/Touch_Diana_Teleop/src/fts_ros2/srifts -DCMAKE_INSTALL_PREFIX=/home/pc/US_Teleop_ws/Touch_Diana_Teleop/install/srifts
[3.386s] Invoking command in '/home/pc/US_Teleop_ws/Touch_Diana_Teleop/build/srifts': CMAKE_PREFIX_PATH=${CMAKE_PREFIX_PATH}:/opt/ros/humble LD_LIBRARY_PATH=/home/pc/US_Teleop_ws/Touch_Diana_Teleop/install/sri_interface/lib:/home/pc/US_Teleop_ws/Touch_Diana_Teleop/install/omni_msgs/lib:/usr/local/lib:/usr/local/lib:/home/pc/zyh/ultrasound/Diana_omni_ws/install/sri_interface/lib:/home/pc/zyh/ultrasound/Diana_omni_ws/install/omni_msgs/lib:/opt/ros/humble/opt/rviz_ogre_vendor/lib:/opt/ros/humble/lib/x86_64-linux-gnu:/opt/ros/humble/lib:/home/pc/TeachUI/Dianamed/TeachPendantUI:/home/pc/adm_ws/src/diana_manipulator/lib/dianamedlib:/home/pc/TeachUI/Dianamed/TeachPendantUI:/home/pc/adm_ws/src/diana_manipulator/lib/dianamedlib /usr/bin/cmake --build /home/pc/US_Teleop_ws/Touch_Diana_Teleop/build/srifts -- -j16 -l16
[3.685s] [ 25%] [32mBuilding CXX object CMakeFiles/forcesensor.dir/src/M8128_data.cpp.o[0m
[3.707s] [ 50%] [32mBuilding CXX object CMakeFiles/kalman.dir/src/kalman.cpp.o[0m
[13.257s] [ 75%] [32m[1mLinking CXX executable forcesensor[0m
[14.172s] [ 75%] Built target forcesensor
[20.426s] [100%] [32m[1mLinking CXX executable kalman[0m
[22.361s] [100%] Built target kalman
[22.394s] Invoked command in '/home/pc/US_Teleop_ws/Touch_Diana_Teleop/build/srifts' returned '0': CMAKE_PREFIX_PATH=${CMAKE_PREFIX_PATH}:/opt/ros/humble LD_LIBRARY_PATH=/home/pc/US_Teleop_ws/Touch_Diana_Teleop/install/sri_interface/lib:/home/pc/US_Teleop_ws/Touch_Diana_Teleop/install/omni_msgs/lib:/usr/local/lib:/usr/local/lib:/home/pc/zyh/ultrasound/Diana_omni_ws/install/sri_interface/lib:/home/pc/zyh/ultrasound/Diana_omni_ws/install/omni_msgs/lib:/opt/ros/humble/opt/rviz_ogre_vendor/lib:/opt/ros/humble/lib/x86_64-linux-gnu:/opt/ros/humble/lib:/home/pc/TeachUI/Dianamed/TeachPendantUI:/home/pc/adm_ws/src/diana_manipulator/lib/dianamedlib:/home/pc/TeachUI/Dianamed/TeachPendantUI:/home/pc/adm_ws/src/diana_manipulator/lib/dianamedlib /usr/bin/cmake --build /home/pc/US_Teleop_ws/Touch_Diana_Teleop/build/srifts -- -j16 -l16
[22.398s] Invoking command in '/home/pc/US_Teleop_ws/Touch_Diana_Teleop/build/srifts': CMAKE_PREFIX_PATH=${CMAKE_PREFIX_PATH}:/opt/ros/humble LD_LIBRARY_PATH=/home/pc/US_Teleop_ws/Touch_Diana_Teleop/install/sri_interface/lib:/home/pc/US_Teleop_ws/Touch_Diana_Teleop/install/omni_msgs/lib:/usr/local/lib:/usr/local/lib:/home/pc/zyh/ultrasound/Diana_omni_ws/install/sri_interface/lib:/home/pc/zyh/ultrasound/Diana_omni_ws/install/omni_msgs/lib:/opt/ros/humble/opt/rviz_ogre_vendor/lib:/opt/ros/humble/lib/x86_64-linux-gnu:/opt/ros/humble/lib:/home/pc/TeachUI/Dianamed/TeachPendantUI:/home/pc/adm_ws/src/diana_manipulator/lib/dianamedlib:/home/pc/TeachUI/Dianamed/TeachPendantUI:/home/pc/adm_ws/src/diana_manipulator/lib/dianamedlib /usr/bin/cmake --install /home/pc/US_Teleop_ws/Touch_Diana_Teleop/build/srifts
[22.415s] -- Install configuration: ""
[22.415s] -- Installing: /home/pc/US_Teleop_ws/Touch_Diana_Teleop/install/srifts/lib/srifts/forcesensor
[22.418s] -- Set runtime path of "/home/pc/US_Teleop_ws/Touch_Diana_Teleop/install/srifts/lib/srifts/forcesensor" to ""
[22.418s] -- Installing: /home/pc/US_Teleop_ws/Touch_Diana_Teleop/install/srifts/lib/srifts/kalman
[22.425s] -- Set runtime path of "/home/pc/US_Teleop_ws/Touch_Diana_Teleop/install/srifts/lib/srifts/kalman" to ""
[22.425s] -- Installing: /home/pc/US_Teleop_ws/Touch_Diana_Teleop/install/srifts/share/ament_index/resource_index/package_run_dependencies/srifts
[22.425s] -- Installing: /home/pc/US_Teleop_ws/Touch_Diana_Teleop/install/srifts/share/ament_index/resource_index/parent_prefix_path/srifts
[22.425s] -- Installing: /home/pc/US_Teleop_ws/Touch_Diana_Teleop/install/srifts/share/srifts/environment/ament_prefix_path.sh
[22.426s] -- Installing: /home/pc/US_Teleop_ws/Touch_Diana_Teleop/install/srifts/share/srifts/environment/ament_prefix_path.dsv
[22.426s] -- Installing: /home/pc/US_Teleop_ws/Touch_Diana_Teleop/install/srifts/share/srifts/environment/path.sh
[22.426s] -- Installing: /home/pc/US_Teleop_ws/Touch_Diana_Teleop/install/srifts/share/srifts/environment/path.dsv
[22.426s] -- Installing: /home/pc/US_Teleop_ws/Touch_Diana_Teleop/install/srifts/share/srifts/local_setup.bash
[22.426s] -- Installing: /home/pc/US_Teleop_ws/Touch_Diana_Teleop/install/srifts/share/srifts/local_setup.sh
[22.426s] -- Installing: /home/pc/US_Teleop_ws/Touch_Diana_Teleop/install/srifts/share/srifts/local_setup.zsh
[22.427s] -- Installing: /home/pc/US_Teleop_ws/Touch_Diana_Teleop/install/srifts/share/srifts/local_setup.dsv
[22.427s] -- Installing: /home/pc/US_Teleop_ws/Touch_Diana_Teleop/install/srifts/share/srifts/package.dsv
[22.427s] -- Installing: /home/pc/US_Teleop_ws/Touch_Diana_Teleop/install/srifts/share/ament_index/resource_index/packages/srifts
[22.427s] -- Installing: /home/pc/US_Teleop_ws/Touch_Diana_Teleop/install/srifts/share/srifts/cmake/sriftsConfig.cmake
[22.428s] -- Installing: /home/pc/US_Teleop_ws/Touch_Diana_Teleop/install/srifts/share/srifts/cmake/sriftsConfig-version.cmake
[22.428s] -- Installing: /home/pc/US_Teleop_ws/Touch_Diana_Teleop/install/srifts/share/srifts/package.xml
[22.434s] Invoked command in '/home/pc/US_Teleop_ws/Touch_Diana_Teleop/build/srifts' returned '0': CMAKE_PREFIX_PATH=${CMAKE_PREFIX_PATH}:/opt/ros/humble LD_LIBRARY_PATH=/home/pc/US_Teleop_ws/Touch_Diana_Teleop/install/sri_interface/lib:/home/pc/US_Teleop_ws/Touch_Diana_Teleop/install/omni_msgs/lib:/usr/local/lib:/usr/local/lib:/home/pc/zyh/ultrasound/Diana_omni_ws/install/sri_interface/lib:/home/pc/zyh/ultrasound/Diana_omni_ws/install/omni_msgs/lib:/opt/ros/humble/opt/rviz_ogre_vendor/lib:/opt/ros/humble/lib/x86_64-linux-gnu:/opt/ros/humble/lib:/home/pc/TeachUI/Dianamed/TeachPendantUI:/home/pc/adm_ws/src/diana_manipulator/lib/dianamedlib:/home/pc/TeachUI/Dianamed/TeachPendantUI:/home/pc/adm_ws/src/diana_manipulator/lib/dianamedlib /usr/bin/cmake --install /home/pc/US_Teleop_ws/Touch_Diana_Teleop/build/srifts
