[0.042s] Invoking command in '/home/pc/US_Teleop_ws/Touch_Diana_Teleop/build/omni_msgs': CMAKE_PREFIX_PATH=${CMAKE_PREFIX_PATH}:/opt/ros/humble /usr/bin/cmake --build /home/pc/US_Teleop_ws/Touch_Diana_Teleop/build/omni_msgs -- -j16 -l16
[0.136s] [35m[1mConsolidate compiler generated dependencies of target omni_msgs__rosidl_generator_c[0m
[0.173s] [  2%] Built target omni_msgs__cpp
[0.181s] [ 12%] Built target omni_msgs__rosidl_generator_c
[0.214s] [ 12%] Built target ament_cmake_python_copy_omni_msgs
[0.217s] [35m[1mConsolidate compiler generated dependencies of target omni_msgs__rosidl_typesupport_cpp[0m
[0.218s] [35m[1mConsolidate compiler generated dependencies of target omni_msgs__rosidl_typesupport_c[0m
[0.225s] [35m[1mConsolidate compiler generated dependencies of target omni_msgs__rosidl_typesupport_fastrtps_cpp[0m
[0.225s] [35m[1mConsolidate compiler generated dependencies of target omni_msgs__rosidl_typesupport_fastrtps_c[0m
[0.225s] [35m[1mConsolidate compiler generated dependencies of target omni_msgs__rosidl_typesupport_introspection_cpp[0m
[0.228s] [35m[1mConsolidate compiler generated dependencies of target omni_msgs__rosidl_typesupport_introspection_c[0m
[0.271s] [ 31%] Built target omni_msgs__rosidl_typesupport_cpp
[0.271s] [ 34%] Built target omni_msgs__rosidl_typesupport_c
[0.273s] [ 44%] Built target omni_msgs__rosidl_typesupport_fastrtps_cpp
[0.276s] [ 55%] Built target omni_msgs__rosidl_typesupport_introspection_cpp
[0.277s] [ 65%] Built target omni_msgs__rosidl_typesupport_introspection_c
[0.283s] [ 76%] Built target omni_msgs__rosidl_typesupport_fastrtps_c
[0.357s] [ 76%] Built target omni_msgs
[0.420s] [ 78%] Built target omni_msgs__py
[0.449s] [35m[1mConsolidate compiler generated dependencies of target omni_msgs__rosidl_generator_py[0m
[0.484s] [ 87%] Built target omni_msgs__rosidl_generator_py
[0.510s] [35m[1mConsolidate compiler generated dependencies of target omni_msgs__rosidl_typesupport_fastrtps_c__pyext[0m
[0.513s] [35m[1mConsolidate compiler generated dependencies of target omni_msgs__rosidl_typesupport_introspection_c__pyext[0m
[0.521s] [35m[1mConsolidate compiler generated dependencies of target omni_msgs__rosidl_typesupport_c__pyext[0m
[0.550s] [ 91%] Built target omni_msgs__rosidl_typesupport_fastrtps_c__pyext
[0.555s] [ 95%] Built target omni_msgs__rosidl_typesupport_introspection_c__pyext
[0.562s] [100%] Built target omni_msgs__rosidl_typesupport_c__pyext
[0.718s] running egg_info
[0.720s] writing omni_msgs.egg-info/PKG-INFO
[0.721s] writing dependency_links to omni_msgs.egg-info/dependency_links.txt
[0.721s] writing top-level names to omni_msgs.egg-info/top_level.txt
[0.726s] reading manifest file 'omni_msgs.egg-info/SOURCES.txt'
[0.726s] writing manifest file 'omni_msgs.egg-info/SOURCES.txt'
[0.848s] [100%] Built target ament_cmake_python_build_omni_msgs_egg
[0.905s] Invoked command in '/home/pc/US_Teleop_ws/Touch_Diana_Teleop/build/omni_msgs' returned '0': CMAKE_PREFIX_PATH=${CMAKE_PREFIX_PATH}:/opt/ros/humble /usr/bin/cmake --build /home/pc/US_Teleop_ws/Touch_Diana_Teleop/build/omni_msgs -- -j16 -l16
[0.909s] Invoking command in '/home/pc/US_Teleop_ws/Touch_Diana_Teleop/build/omni_msgs': CMAKE_PREFIX_PATH=${CMAKE_PREFIX_PATH}:/opt/ros/humble /usr/bin/cmake --install /home/pc/US_Teleop_ws/Touch_Diana_Teleop/build/omni_msgs
[0.929s] -- Install configuration: ""
[0.929s] -- Up-to-date: /home/pc/US_Teleop_ws/Touch_Diana_Teleop/install/omni_msgs/share/ament_index/resource_index/rosidl_interfaces/omni_msgs
[0.929s] -- Up-to-date: /home/pc/US_Teleop_ws/Touch_Diana_Teleop/install/omni_msgs/include/omni_msgs/omni_msgs
[0.930s] -- Up-to-date: /home/pc/US_Teleop_ws/Touch_Diana_Teleop/install/omni_msgs/include/omni_msgs/omni_msgs/msg
[0.930s] -- Up-to-date: /home/pc/US_Teleop_ws/Touch_Diana_Teleop/install/omni_msgs/include/omni_msgs/omni_msgs/msg/omni_feedback.h
[0.930s] -- Up-to-date: /home/pc/US_Teleop_ws/Touch_Diana_Teleop/install/omni_msgs/include/omni_msgs/omni_msgs/msg/omni_button_event.h
[0.930s] -- Up-to-date: /home/pc/US_Teleop_ws/Touch_Diana_Teleop/install/omni_msgs/include/omni_msgs/omni_msgs/msg/rosidl_generator_c__visibility_control.h
[0.930s] -- Up-to-date: /home/pc/US_Teleop_ws/Touch_Diana_Teleop/install/omni_msgs/include/omni_msgs/omni_msgs/msg/detail
[0.930s] -- Up-to-date: /home/pc/US_Teleop_ws/Touch_Diana_Teleop/install/omni_msgs/include/omni_msgs/omni_msgs/msg/detail/omni_feedback__type_support.h
[0.930s] -- Up-to-date: /home/pc/US_Teleop_ws/Touch_Diana_Teleop/install/omni_msgs/include/omni_msgs/omni_msgs/msg/detail/omni_button_event__functions.h
[0.930s] -- Up-to-date: /home/pc/US_Teleop_ws/Touch_Diana_Teleop/install/omni_msgs/include/omni_msgs/omni_msgs/msg/detail/omni_feedback__struct.h
[0.930s] -- Up-to-date: /home/pc/US_Teleop_ws/Touch_Diana_Teleop/install/omni_msgs/include/omni_msgs/omni_msgs/msg/detail/omni_button_event__type_support.h
[0.931s] -- Up-to-date: /home/pc/US_Teleop_ws/Touch_Diana_Teleop/install/omni_msgs/include/omni_msgs/omni_msgs/msg/detail/omni_state__struct.h
[0.931s] -- Up-to-date: /home/pc/US_Teleop_ws/Touch_Diana_Teleop/install/omni_msgs/include/omni_msgs/omni_msgs/msg/detail/omni_state__type_support.h
[0.931s] -- Up-to-date: /home/pc/US_Teleop_ws/Touch_Diana_Teleop/install/omni_msgs/include/omni_msgs/omni_msgs/msg/detail/omni_feedback__functions.h
[0.931s] -- Up-to-date: /home/pc/US_Teleop_ws/Touch_Diana_Teleop/install/omni_msgs/include/omni_msgs/omni_msgs/msg/detail/omni_state__functions.h
[0.931s] -- Up-to-date: /home/pc/US_Teleop_ws/Touch_Diana_Teleop/install/omni_msgs/include/omni_msgs/omni_msgs/msg/detail/omni_feedback__functions.c
[0.931s] -- Up-to-date: /home/pc/US_Teleop_ws/Touch_Diana_Teleop/install/omni_msgs/include/omni_msgs/omni_msgs/msg/detail/omni_button_event__struct.h
[0.931s] -- Up-to-date: /home/pc/US_Teleop_ws/Touch_Diana_Teleop/install/omni_msgs/include/omni_msgs/omni_msgs/msg/detail/omni_state__functions.c
[0.931s] -- Up-to-date: /home/pc/US_Teleop_ws/Touch_Diana_Teleop/install/omni_msgs/include/omni_msgs/omni_msgs/msg/detail/omni_button_event__functions.c
[0.931s] -- Up-to-date: /home/pc/US_Teleop_ws/Touch_Diana_Teleop/install/omni_msgs/include/omni_msgs/omni_msgs/msg/omni_state.h
[0.932s] -- Up-to-date: /home/pc/US_Teleop_ws/Touch_Diana_Teleop/install/omni_msgs/share/omni_msgs/environment/library_path.sh
[0.932s] -- Up-to-date: /home/pc/US_Teleop_ws/Touch_Diana_Teleop/install/omni_msgs/share/omni_msgs/environment/library_path.dsv
[0.933s] -- Up-to-date: /home/pc/US_Teleop_ws/Touch_Diana_Teleop/install/omni_msgs/lib/libomni_msgs__rosidl_generator_c.so
[0.933s] -- Up-to-date: /home/pc/US_Teleop_ws/Touch_Diana_Teleop/install/omni_msgs/include/omni_msgs/omni_msgs
[0.933s] -- Up-to-date: /home/pc/US_Teleop_ws/Touch_Diana_Teleop/install/omni_msgs/include/omni_msgs/omni_msgs/msg
[0.933s] -- Up-to-date: /home/pc/US_Teleop_ws/Touch_Diana_Teleop/install/omni_msgs/include/omni_msgs/omni_msgs/msg/rosidl_typesupport_fastrtps_c__visibility_control.h
[0.933s] -- Up-to-date: /home/pc/US_Teleop_ws/Touch_Diana_Teleop/install/omni_msgs/include/omni_msgs/omni_msgs/msg/detail
[0.933s] -- Up-to-date: /home/pc/US_Teleop_ws/Touch_Diana_Teleop/install/omni_msgs/include/omni_msgs/omni_msgs/msg/detail/omni_feedback__rosidl_typesupport_fastrtps_c.h
[0.933s] -- Up-to-date: /home/pc/US_Teleop_ws/Touch_Diana_Teleop/install/omni_msgs/include/omni_msgs/omni_msgs/msg/detail/omni_state__rosidl_typesupport_fastrtps_c.h
[0.933s] -- Up-to-date: /home/pc/US_Teleop_ws/Touch_Diana_Teleop/install/omni_msgs/include/omni_msgs/omni_msgs/msg/detail/omni_button_event__rosidl_typesupport_fastrtps_c.h
[0.934s] -- Up-to-date: /home/pc/US_Teleop_ws/Touch_Diana_Teleop/install/omni_msgs/lib/libomni_msgs__rosidl_typesupport_fastrtps_c.so
[0.934s] -- Up-to-date: /home/pc/US_Teleop_ws/Touch_Diana_Teleop/install/omni_msgs/include/omni_msgs/omni_msgs
[0.934s] -- Up-to-date: /home/pc/US_Teleop_ws/Touch_Diana_Teleop/install/omni_msgs/include/omni_msgs/omni_msgs/msg
[0.934s] -- Up-to-date: /home/pc/US_Teleop_ws/Touch_Diana_Teleop/install/omni_msgs/include/omni_msgs/omni_msgs/msg/rosidl_typesupport_introspection_c__visibility_control.h
[0.934s] -- Up-to-date: /home/pc/US_Teleop_ws/Touch_Diana_Teleop/install/omni_msgs/include/omni_msgs/omni_msgs/msg/detail
[0.934s] -- Up-to-date: /home/pc/US_Teleop_ws/Touch_Diana_Teleop/install/omni_msgs/include/omni_msgs/omni_msgs/msg/detail/omni_feedback__type_support.c
[0.934s] -- Up-to-date: /home/pc/US_Teleop_ws/Touch_Diana_Teleop/install/omni_msgs/include/omni_msgs/omni_msgs/msg/detail/omni_state__rosidl_typesupport_introspection_c.h
[0.934s] -- Up-to-date: /home/pc/US_Teleop_ws/Touch_Diana_Teleop/install/omni_msgs/include/omni_msgs/omni_msgs/msg/detail/omni_button_event__rosidl_typesupport_introspection_c.h
[0.934s] -- Up-to-date: /home/pc/US_Teleop_ws/Touch_Diana_Teleop/install/omni_msgs/include/omni_msgs/omni_msgs/msg/detail/omni_state__type_support.c
[0.934s] -- Up-to-date: /home/pc/US_Teleop_ws/Touch_Diana_Teleop/install/omni_msgs/include/omni_msgs/omni_msgs/msg/detail/omni_feedback__rosidl_typesupport_introspection_c.h
[0.934s] -- Up-to-date: /home/pc/US_Teleop_ws/Touch_Diana_Teleop/install/omni_msgs/include/omni_msgs/omni_msgs/msg/detail/omni_button_event__type_support.c
[0.935s] -- Up-to-date: /home/pc/US_Teleop_ws/Touch_Diana_Teleop/install/omni_msgs/lib/libomni_msgs__rosidl_typesupport_introspection_c.so
[0.935s] -- Up-to-date: /home/pc/US_Teleop_ws/Touch_Diana_Teleop/install/omni_msgs/lib/libomni_msgs__rosidl_typesupport_c.so
[0.935s] -- Up-to-date: /home/pc/US_Teleop_ws/Touch_Diana_Teleop/install/omni_msgs/include/omni_msgs/omni_msgs
[0.935s] -- Up-to-date: /home/pc/US_Teleop_ws/Touch_Diana_Teleop/install/omni_msgs/include/omni_msgs/omni_msgs/msg
[0.935s] -- Up-to-date: /home/pc/US_Teleop_ws/Touch_Diana_Teleop/install/omni_msgs/include/omni_msgs/omni_msgs/msg/omni_button_event.hpp
[0.935s] -- Up-to-date: /home/pc/US_Teleop_ws/Touch_Diana_Teleop/install/omni_msgs/include/omni_msgs/omni_msgs/msg/detail
[0.935s] -- Up-to-date: /home/pc/US_Teleop_ws/Touch_Diana_Teleop/install/omni_msgs/include/omni_msgs/omni_msgs/msg/detail/omni_state__struct.hpp
[0.935s] -- Up-to-date: /home/pc/US_Teleop_ws/Touch_Diana_Teleop/install/omni_msgs/include/omni_msgs/omni_msgs/msg/detail/omni_feedback__builder.hpp
[0.935s] -- Up-to-date: /home/pc/US_Teleop_ws/Touch_Diana_Teleop/install/omni_msgs/include/omni_msgs/omni_msgs/msg/detail/omni_button_event__type_support.hpp
[0.935s] -- Up-to-date: /home/pc/US_Teleop_ws/Touch_Diana_Teleop/install/omni_msgs/include/omni_msgs/omni_msgs/msg/detail/omni_button_event__traits.hpp
[0.935s] -- Up-to-date: /home/pc/US_Teleop_ws/Touch_Diana_Teleop/install/omni_msgs/include/omni_msgs/omni_msgs/msg/detail/omni_button_event__struct.hpp
[0.935s] -- Up-to-date: /home/pc/US_Teleop_ws/Touch_Diana_Teleop/install/omni_msgs/include/omni_msgs/omni_msgs/msg/detail/omni_state__type_support.hpp
[0.935s] -- Up-to-date: /home/pc/US_Teleop_ws/Touch_Diana_Teleop/install/omni_msgs/include/omni_msgs/omni_msgs/msg/detail/omni_button_event__builder.hpp
[0.935s] -- Up-to-date: /home/pc/US_Teleop_ws/Touch_Diana_Teleop/install/omni_msgs/include/omni_msgs/omni_msgs/msg/detail/omni_state__builder.hpp
[0.935s] -- Up-to-date: /home/pc/US_Teleop_ws/Touch_Diana_Teleop/install/omni_msgs/include/omni_msgs/omni_msgs/msg/detail/omni_feedback__struct.hpp
[0.936s] -- Up-to-date: /home/pc/US_Teleop_ws/Touch_Diana_Teleop/install/omni_msgs/include/omni_msgs/omni_msgs/msg/detail/omni_state__traits.hpp
[0.936s] -- Up-to-date: /home/pc/US_Teleop_ws/Touch_Diana_Teleop/install/omni_msgs/include/omni_msgs/omni_msgs/msg/detail/omni_feedback__type_support.hpp
[0.936s] -- Up-to-date: /home/pc/US_Teleop_ws/Touch_Diana_Teleop/install/omni_msgs/include/omni_msgs/omni_msgs/msg/detail/omni_feedback__traits.hpp
[0.936s] -- Up-to-date: /home/pc/US_Teleop_ws/Touch_Diana_Teleop/install/omni_msgs/include/omni_msgs/omni_msgs/msg/omni_feedback.hpp
[0.936s] -- Up-to-date: /home/pc/US_Teleop_ws/Touch_Diana_Teleop/install/omni_msgs/include/omni_msgs/omni_msgs/msg/rosidl_generator_cpp__visibility_control.hpp
[0.936s] -- Up-to-date: /home/pc/US_Teleop_ws/Touch_Diana_Teleop/install/omni_msgs/include/omni_msgs/omni_msgs/msg/omni_state.hpp
[0.936s] -- Up-to-date: /home/pc/US_Teleop_ws/Touch_Diana_Teleop/install/omni_msgs/include/omni_msgs/omni_msgs
[0.936s] -- Up-to-date: /home/pc/US_Teleop_ws/Touch_Diana_Teleop/install/omni_msgs/include/omni_msgs/omni_msgs/msg
[0.936s] -- Up-to-date: /home/pc/US_Teleop_ws/Touch_Diana_Teleop/install/omni_msgs/include/omni_msgs/omni_msgs/msg/detail
[0.936s] -- Up-to-date: /home/pc/US_Teleop_ws/Touch_Diana_Teleop/install/omni_msgs/include/omni_msgs/omni_msgs/msg/detail/omni_feedback__rosidl_typesupport_fastrtps_cpp.hpp
[0.936s] -- Up-to-date: /home/pc/US_Teleop_ws/Touch_Diana_Teleop/install/omni_msgs/include/omni_msgs/omni_msgs/msg/detail/omni_button_event__rosidl_typesupport_fastrtps_cpp.hpp
[0.936s] -- Up-to-date: /home/pc/US_Teleop_ws/Touch_Diana_Teleop/install/omni_msgs/include/omni_msgs/omni_msgs/msg/detail/omni_state__rosidl_typesupport_fastrtps_cpp.hpp
[0.936s] -- Up-to-date: /home/pc/US_Teleop_ws/Touch_Diana_Teleop/install/omni_msgs/include/omni_msgs/omni_msgs/msg/detail/dds_fastrtps
[0.936s] -- Up-to-date: /home/pc/US_Teleop_ws/Touch_Diana_Teleop/install/omni_msgs/include/omni_msgs/omni_msgs/msg/rosidl_typesupport_fastrtps_cpp__visibility_control.h
[0.936s] -- Up-to-date: /home/pc/US_Teleop_ws/Touch_Diana_Teleop/install/omni_msgs/lib/libomni_msgs__rosidl_typesupport_fastrtps_cpp.so
[0.936s] -- Up-to-date: /home/pc/US_Teleop_ws/Touch_Diana_Teleop/install/omni_msgs/include/omni_msgs/omni_msgs
[0.937s] -- Up-to-date: /home/pc/US_Teleop_ws/Touch_Diana_Teleop/install/omni_msgs/include/omni_msgs/omni_msgs/msg
[0.937s] -- Up-to-date: /home/pc/US_Teleop_ws/Touch_Diana_Teleop/install/omni_msgs/include/omni_msgs/omni_msgs/msg/detail
[0.937s] -- Up-to-date: /home/pc/US_Teleop_ws/Touch_Diana_Teleop/install/omni_msgs/include/omni_msgs/omni_msgs/msg/detail/omni_button_event__type_support.cpp
[0.937s] -- Up-to-date: /home/pc/US_Teleop_ws/Touch_Diana_Teleop/install/omni_msgs/include/omni_msgs/omni_msgs/msg/detail/omni_button_event__rosidl_typesupport_introspection_cpp.hpp
[0.937s] -- Up-to-date: /home/pc/US_Teleop_ws/Touch_Diana_Teleop/install/omni_msgs/include/omni_msgs/omni_msgs/msg/detail/omni_state__rosidl_typesupport_introspection_cpp.hpp
[0.937s] -- Up-to-date: /home/pc/US_Teleop_ws/Touch_Diana_Teleop/install/omni_msgs/include/omni_msgs/omni_msgs/msg/detail/omni_state__type_support.cpp
[0.937s] -- Up-to-date: /home/pc/US_Teleop_ws/Touch_Diana_Teleop/install/omni_msgs/include/omni_msgs/omni_msgs/msg/detail/omni_feedback__type_support.cpp
[0.937s] -- Up-to-date: /home/pc/US_Teleop_ws/Touch_Diana_Teleop/install/omni_msgs/include/omni_msgs/omni_msgs/msg/detail/omni_feedback__rosidl_typesupport_introspection_cpp.hpp
[0.937s] -- Up-to-date: /home/pc/US_Teleop_ws/Touch_Diana_Teleop/install/omni_msgs/lib/libomni_msgs__rosidl_typesupport_introspection_cpp.so
[0.937s] -- Up-to-date: /home/pc/US_Teleop_ws/Touch_Diana_Teleop/install/omni_msgs/lib/libomni_msgs__rosidl_typesupport_cpp.so
[0.937s] -- Up-to-date: /home/pc/US_Teleop_ws/Touch_Diana_Teleop/install/omni_msgs/share/omni_msgs/environment/pythonpath.sh
[0.937s] -- Up-to-date: /home/pc/US_Teleop_ws/Touch_Diana_Teleop/install/omni_msgs/share/omni_msgs/environment/pythonpath.dsv
[0.937s] -- Up-to-date: /home/pc/US_Teleop_ws/Touch_Diana_Teleop/install/omni_msgs/local/lib/python3.10/dist-packages/omni_msgs-0.0.0-py3.10.egg-info
[0.937s] -- Installing: /home/pc/US_Teleop_ws/Touch_Diana_Teleop/install/omni_msgs/local/lib/python3.10/dist-packages/omni_msgs-0.0.0-py3.10.egg-info/top_level.txt
[0.937s] -- Installing: /home/pc/US_Teleop_ws/Touch_Diana_Teleop/install/omni_msgs/local/lib/python3.10/dist-packages/omni_msgs-0.0.0-py3.10.egg-info/PKG-INFO
[0.937s] -- Installing: /home/pc/US_Teleop_ws/Touch_Diana_Teleop/install/omni_msgs/local/lib/python3.10/dist-packages/omni_msgs-0.0.0-py3.10.egg-info/dependency_links.txt
[0.938s] -- Installing: /home/pc/US_Teleop_ws/Touch_Diana_Teleop/install/omni_msgs/local/lib/python3.10/dist-packages/omni_msgs-0.0.0-py3.10.egg-info/SOURCES.txt
[0.938s] -- Up-to-date: /home/pc/US_Teleop_ws/Touch_Diana_Teleop/install/omni_msgs/local/lib/python3.10/dist-packages/omni_msgs
[0.938s] -- Up-to-date: /home/pc/US_Teleop_ws/Touch_Diana_Teleop/install/omni_msgs/local/lib/python3.10/dist-packages/omni_msgs/_omni_msgs_s.ep.rosidl_typesupport_introspection_c.c
[0.938s] -- Up-to-date: /home/pc/US_Teleop_ws/Touch_Diana_Teleop/install/omni_msgs/local/lib/python3.10/dist-packages/omni_msgs/omni_msgs_s__rosidl_typesupport_c.cpython-310-x86_64-linux-gnu.so
[0.938s] -- Up-to-date: /home/pc/US_Teleop_ws/Touch_Diana_Teleop/install/omni_msgs/local/lib/python3.10/dist-packages/omni_msgs/omni_msgs_s__rosidl_typesupport_introspection_c.cpython-310-x86_64-linux-gnu.so
[0.938s] -- Up-to-date: /home/pc/US_Teleop_ws/Touch_Diana_Teleop/install/omni_msgs/local/lib/python3.10/dist-packages/omni_msgs/__init__.py
[0.938s] -- Up-to-date: /home/pc/US_Teleop_ws/Touch_Diana_Teleop/install/omni_msgs/local/lib/python3.10/dist-packages/omni_msgs/_omni_msgs_s.ep.rosidl_typesupport_fastrtps_c.c
[0.938s] -- Up-to-date: /home/pc/US_Teleop_ws/Touch_Diana_Teleop/install/omni_msgs/local/lib/python3.10/dist-packages/omni_msgs/msg
[0.938s] -- Up-to-date: /home/pc/US_Teleop_ws/Touch_Diana_Teleop/install/omni_msgs/local/lib/python3.10/dist-packages/omni_msgs/msg/__init__.py
[0.938s] -- Up-to-date: /home/pc/US_Teleop_ws/Touch_Diana_Teleop/install/omni_msgs/local/lib/python3.10/dist-packages/omni_msgs/msg/_omni_state_s.c
[0.938s] -- Up-to-date: /home/pc/US_Teleop_ws/Touch_Diana_Teleop/install/omni_msgs/local/lib/python3.10/dist-packages/omni_msgs/msg/_omni_state.py
[0.938s] -- Up-to-date: /home/pc/US_Teleop_ws/Touch_Diana_Teleop/install/omni_msgs/local/lib/python3.10/dist-packages/omni_msgs/msg/_omni_button_event_s.c
[0.938s] -- Up-to-date: /home/pc/US_Teleop_ws/Touch_Diana_Teleop/install/omni_msgs/local/lib/python3.10/dist-packages/omni_msgs/msg/_omni_button_event.py
[0.938s] -- Up-to-date: /home/pc/US_Teleop_ws/Touch_Diana_Teleop/install/omni_msgs/local/lib/python3.10/dist-packages/omni_msgs/msg/_omni_feedback_s.c
[0.938s] -- Up-to-date: /home/pc/US_Teleop_ws/Touch_Diana_Teleop/install/omni_msgs/local/lib/python3.10/dist-packages/omni_msgs/msg/_omni_feedback.py
[0.938s] -- Up-to-date: /home/pc/US_Teleop_ws/Touch_Diana_Teleop/install/omni_msgs/local/lib/python3.10/dist-packages/omni_msgs/omni_msgs_s__rosidl_typesupport_fastrtps_c.cpython-310-x86_64-linux-gnu.so
[0.939s] -- Up-to-date: /home/pc/US_Teleop_ws/Touch_Diana_Teleop/install/omni_msgs/local/lib/python3.10/dist-packages/omni_msgs/_omni_msgs_s.ep.rosidl_typesupport_c.c
[0.939s] -- Up-to-date: /home/pc/US_Teleop_ws/Touch_Diana_Teleop/install/omni_msgs/local/lib/python3.10/dist-packages/omni_msgs/libomni_msgs__rosidl_generator_py.so
[0.985s] Listing '/home/pc/US_Teleop_ws/Touch_Diana_Teleop/install/omni_msgs/local/lib/python3.10/dist-packages/omni_msgs'...
[0.985s] Listing '/home/pc/US_Teleop_ws/Touch_Diana_Teleop/install/omni_msgs/local/lib/python3.10/dist-packages/omni_msgs/msg'...
[1.005s] -- Up-to-date: /home/pc/US_Teleop_ws/Touch_Diana_Teleop/install/omni_msgs/local/lib/python3.10/dist-packages/omni_msgs/omni_msgs_s__rosidl_typesupport_fastrtps_c.cpython-310-x86_64-linux-gnu.so
[1.005s] -- Up-to-date: /home/pc/US_Teleop_ws/Touch_Diana_Teleop/install/omni_msgs/local/lib/python3.10/dist-packages/omni_msgs/omni_msgs_s__rosidl_typesupport_introspection_c.cpython-310-x86_64-linux-gnu.so
[1.005s] -- Up-to-date: /home/pc/US_Teleop_ws/Touch_Diana_Teleop/install/omni_msgs/local/lib/python3.10/dist-packages/omni_msgs/omni_msgs_s__rosidl_typesupport_c.cpython-310-x86_64-linux-gnu.so
[1.006s] -- Up-to-date: /home/pc/US_Teleop_ws/Touch_Diana_Teleop/install/omni_msgs/lib/libomni_msgs__rosidl_generator_py.so
[1.006s] -- Up-to-date: /home/pc/US_Teleop_ws/Touch_Diana_Teleop/install/omni_msgs/share/omni_msgs/msg/OmniButtonEvent.idl
[1.006s] -- Up-to-date: /home/pc/US_Teleop_ws/Touch_Diana_Teleop/install/omni_msgs/share/omni_msgs/msg/OmniFeedback.idl
[1.006s] -- Up-to-date: /home/pc/US_Teleop_ws/Touch_Diana_Teleop/install/omni_msgs/share/omni_msgs/msg/OmniState.idl
[1.006s] -- Up-to-date: /home/pc/US_Teleop_ws/Touch_Diana_Teleop/install/omni_msgs/share/omni_msgs/msg/OmniButtonEvent.msg
[1.006s] -- Up-to-date: /home/pc/US_Teleop_ws/Touch_Diana_Teleop/install/omni_msgs/share/omni_msgs/msg/OmniFeedback.msg
[1.007s] -- Up-to-date: /home/pc/US_Teleop_ws/Touch_Diana_Teleop/install/omni_msgs/share/omni_msgs/msg/OmniState.msg
[1.007s] -- Up-to-date: /home/pc/US_Teleop_ws/Touch_Diana_Teleop/install/omni_msgs/share/ament_index/resource_index/package_run_dependencies/omni_msgs
[1.007s] -- Up-to-date: /home/pc/US_Teleop_ws/Touch_Diana_Teleop/install/omni_msgs/share/ament_index/resource_index/parent_prefix_path/omni_msgs
[1.007s] -- Up-to-date: /home/pc/US_Teleop_ws/Touch_Diana_Teleop/install/omni_msgs/share/omni_msgs/environment/ament_prefix_path.sh
[1.007s] -- Up-to-date: /home/pc/US_Teleop_ws/Touch_Diana_Teleop/install/omni_msgs/share/omni_msgs/environment/ament_prefix_path.dsv
[1.008s] -- Up-to-date: /home/pc/US_Teleop_ws/Touch_Diana_Teleop/install/omni_msgs/share/omni_msgs/environment/path.sh
[1.008s] -- Up-to-date: /home/pc/US_Teleop_ws/Touch_Diana_Teleop/install/omni_msgs/share/omni_msgs/environment/path.dsv
[1.008s] -- Up-to-date: /home/pc/US_Teleop_ws/Touch_Diana_Teleop/install/omni_msgs/share/omni_msgs/local_setup.bash
[1.009s] -- Up-to-date: /home/pc/US_Teleop_ws/Touch_Diana_Teleop/install/omni_msgs/share/omni_msgs/local_setup.sh
[1.009s] -- Up-to-date: /home/pc/US_Teleop_ws/Touch_Diana_Teleop/install/omni_msgs/share/omni_msgs/local_setup.zsh
[1.009s] -- Up-to-date: /home/pc/US_Teleop_ws/Touch_Diana_Teleop/install/omni_msgs/share/omni_msgs/local_setup.dsv
[1.009s] -- Installing: /home/pc/US_Teleop_ws/Touch_Diana_Teleop/install/omni_msgs/share/omni_msgs/package.dsv
[1.010s] -- Up-to-date: /home/pc/US_Teleop_ws/Touch_Diana_Teleop/install/omni_msgs/share/ament_index/resource_index/packages/omni_msgs
[1.010s] -- Up-to-date: /home/pc/US_Teleop_ws/Touch_Diana_Teleop/install/omni_msgs/share/omni_msgs/cmake/export_omni_msgs__rosidl_generator_cExport.cmake
[1.010s] -- Up-to-date: /home/pc/US_Teleop_ws/Touch_Diana_Teleop/install/omni_msgs/share/omni_msgs/cmake/export_omni_msgs__rosidl_generator_cExport-noconfig.cmake
[1.010s] -- Up-to-date: /home/pc/US_Teleop_ws/Touch_Diana_Teleop/install/omni_msgs/share/omni_msgs/cmake/export_omni_msgs__rosidl_typesupport_fastrtps_cExport.cmake
[1.010s] -- Up-to-date: /home/pc/US_Teleop_ws/Touch_Diana_Teleop/install/omni_msgs/share/omni_msgs/cmake/export_omni_msgs__rosidl_typesupport_fastrtps_cExport-noconfig.cmake
[1.010s] -- Up-to-date: /home/pc/US_Teleop_ws/Touch_Diana_Teleop/install/omni_msgs/share/omni_msgs/cmake/omni_msgs__rosidl_typesupport_introspection_cExport.cmake
[1.011s] -- Up-to-date: /home/pc/US_Teleop_ws/Touch_Diana_Teleop/install/omni_msgs/share/omni_msgs/cmake/omni_msgs__rosidl_typesupport_introspection_cExport-noconfig.cmake
[1.011s] -- Up-to-date: /home/pc/US_Teleop_ws/Touch_Diana_Teleop/install/omni_msgs/share/omni_msgs/cmake/omni_msgs__rosidl_typesupport_cExport.cmake
[1.011s] -- Up-to-date: /home/pc/US_Teleop_ws/Touch_Diana_Teleop/install/omni_msgs/share/omni_msgs/cmake/omni_msgs__rosidl_typesupport_cExport-noconfig.cmake
[1.011s] -- Up-to-date: /home/pc/US_Teleop_ws/Touch_Diana_Teleop/install/omni_msgs/share/omni_msgs/cmake/export_omni_msgs__rosidl_generator_cppExport.cmake
[1.011s] -- Up-to-date: /home/pc/US_Teleop_ws/Touch_Diana_Teleop/install/omni_msgs/share/omni_msgs/cmake/export_omni_msgs__rosidl_typesupport_fastrtps_cppExport.cmake
[1.011s] -- Up-to-date: /home/pc/US_Teleop_ws/Touch_Diana_Teleop/install/omni_msgs/share/omni_msgs/cmake/export_omni_msgs__rosidl_typesupport_fastrtps_cppExport-noconfig.cmake
[1.012s] -- Up-to-date: /home/pc/US_Teleop_ws/Touch_Diana_Teleop/install/omni_msgs/share/omni_msgs/cmake/omni_msgs__rosidl_typesupport_introspection_cppExport.cmake
[1.013s] -- Up-to-date: /home/pc/US_Teleop_ws/Touch_Diana_Teleop/install/omni_msgs/share/omni_msgs/cmake/omni_msgs__rosidl_typesupport_introspection_cppExport-noconfig.cmake
[1.013s] -- Up-to-date: /home/pc/US_Teleop_ws/Touch_Diana_Teleop/install/omni_msgs/share/omni_msgs/cmake/omni_msgs__rosidl_typesupport_cppExport.cmake
[1.013s] -- Up-to-date: /home/pc/US_Teleop_ws/Touch_Diana_Teleop/install/omni_msgs/share/omni_msgs/cmake/omni_msgs__rosidl_typesupport_cppExport-noconfig.cmake
[1.013s] -- Up-to-date: /home/pc/US_Teleop_ws/Touch_Diana_Teleop/install/omni_msgs/share/omni_msgs/cmake/export_omni_msgs__rosidl_generator_pyExport.cmake
[1.013s] -- Up-to-date: /home/pc/US_Teleop_ws/Touch_Diana_Teleop/install/omni_msgs/share/omni_msgs/cmake/export_omni_msgs__rosidl_generator_pyExport-noconfig.cmake
[1.013s] -- Up-to-date: /home/pc/US_Teleop_ws/Touch_Diana_Teleop/install/omni_msgs/share/omni_msgs/cmake/rosidl_cmake-extras.cmake
[1.013s] -- Up-to-date: /home/pc/US_Teleop_ws/Touch_Diana_Teleop/install/omni_msgs/share/omni_msgs/cmake/ament_cmake_export_dependencies-extras.cmake
[1.013s] -- Up-to-date: /home/pc/US_Teleop_ws/Touch_Diana_Teleop/install/omni_msgs/share/omni_msgs/cmake/ament_cmake_export_include_directories-extras.cmake
[1.013s] -- Up-to-date: /home/pc/US_Teleop_ws/Touch_Diana_Teleop/install/omni_msgs/share/omni_msgs/cmake/ament_cmake_export_libraries-extras.cmake
[1.013s] -- Up-to-date: /home/pc/US_Teleop_ws/Touch_Diana_Teleop/install/omni_msgs/share/omni_msgs/cmake/ament_cmake_export_targets-extras.cmake
[1.013s] -- Up-to-date: /home/pc/US_Teleop_ws/Touch_Diana_Teleop/install/omni_msgs/share/omni_msgs/cmake/rosidl_cmake_export_typesupport_targets-extras.cmake
[1.013s] -- Up-to-date: /home/pc/US_Teleop_ws/Touch_Diana_Teleop/install/omni_msgs/share/omni_msgs/cmake/rosidl_cmake_export_typesupport_libraries-extras.cmake
[1.013s] -- Up-to-date: /home/pc/US_Teleop_ws/Touch_Diana_Teleop/install/omni_msgs/share/omni_msgs/cmake/omni_msgsConfig.cmake
[1.014s] -- Up-to-date: /home/pc/US_Teleop_ws/Touch_Diana_Teleop/install/omni_msgs/share/omni_msgs/cmake/omni_msgsConfig-version.cmake
[1.014s] -- Up-to-date: /home/pc/US_Teleop_ws/Touch_Diana_Teleop/install/omni_msgs/share/omni_msgs/package.xml
[1.050s] Invoked command in '/home/pc/US_Teleop_ws/Touch_Diana_Teleop/build/omni_msgs' returned '0': CMAKE_PREFIX_PATH=${CMAKE_PREFIX_PATH}:/opt/ros/humble /usr/bin/cmake --install /home/pc/US_Teleop_ws/Touch_Diana_Teleop/build/omni_msgs
