[0.018s] Invoking command in '/home/pc/US_Teleop_ws/Touch_Diana_Teleop/build/omni_msgs': CMAKE_PREFIX_PATH=${CMAKE_PREFIX_PATH}:/opt/ros/humble /usr/bin/cmake /home/pc/US_Teleop_ws/Touch_Diana_Teleop/src/interfaces/omni_msgs -DCMAKE_INSTALL_PREFIX=/home/pc/US_Teleop_ws/Touch_Diana_Teleop/install/omni_msgs
[0.141s] -- The C compiler identification is GNU 11.4.0
[0.231s] -- The CXX compiler identification is GNU 11.4.0
[0.242s] -- Detecting C compiler ABI info
[0.357s] -- Detecting C compiler ABI info - done
[0.367s] -- Check for working C compiler: /usr/bin/cc - skipped
[0.367s] -- Detecting C compile features
[0.368s] -- Detecting C compile features - done
[0.371s] -- Detecting CXX compiler ABI info
[0.510s] -- Detecting CXX compiler ABI info - done
[0.520s] -- Check for working CXX compiler: /usr/bin/c++ - skipped
[0.520s] -- Detecting CXX compile features
[0.520s] -- Detecting CXX compile features - done
[0.526s] -- Found ament_cmake: 1.3.11 (/opt/ros/humble/share/ament_cmake/cmake)
[0.788s] -- Found Python3: /usr/bin/python3 (found version "3.10.12") found components: Interpreter 
[0.937s] -- Found rosidl_default_generators: 1.2.0 (/opt/ros/humble/share/rosidl_default_generators/cmake)
[0.945s] -- Using all available rosidl_typesupport_c: rosidl_typesupport_fastrtps_c;rosidl_typesupport_introspection_c
[0.958s] -- Found rosidl_adapter: 3.1.6 (/opt/ros/humble/share/rosidl_adapter/cmake)
[1.024s] -- Using all available rosidl_typesupport_cpp: rosidl_typesupport_fastrtps_cpp;rosidl_typesupport_introspection_cpp
[1.069s] -- Found geometry_msgs: 4.2.4 (/opt/ros/humble/share/geometry_msgs/cmake)
[1.611s] -- Found ament_cmake_ros: 0.10.0 (/opt/ros/humble/share/ament_cmake_ros/cmake)
[2.015s] -- Using all available rosidl_typesupport_c: rosidl_typesupport_fastrtps_c;rosidl_typesupport_introspection_c
[2.531s] -- Using all available rosidl_typesupport_cpp: rosidl_typesupport_fastrtps_cpp;rosidl_typesupport_introspection_cpp
[2.575s] -- Found PythonInterp: /usr/bin/python3 (found suitable version "3.10.12", minimum required is "3.6") 
[2.577s] -- Found python_cmake_module: 0.10.0 (/opt/ros/humble/share/python_cmake_module/cmake)
[2.628s] -- Found PythonLibs: /usr/lib/x86_64-linux-gnu/libpython3.10.so (found suitable version "3.10.12", minimum required is "3.5") 
[2.628s] -- Using PYTHON_EXECUTABLE: /usr/bin/python3
[2.628s] -- Using PYTHON_INCLUDE_DIRS: /usr/include/python3.10
[2.629s] -- Using PYTHON_LIBRARIES: /usr/lib/x86_64-linux-gnu/libpython3.10.so
[2.668s] -- Found PythonExtra: .so  
[2.759s] -- Found ament_lint_auto: 0.12.11 (/opt/ros/humble/share/ament_lint_auto/cmake)
[2.788s] -- Added test 'copyright' to check source files copyright and LICENSE
[2.790s] -- Added test 'lint_cmake' to check CMake code style
[2.791s] -- Added test 'xmllint' to check XML markup files
[2.795s] -- Configuring done
[2.849s] -- Generating done
[2.863s] -- Build files have been written to: /home/pc/US_Teleop_ws/Touch_Diana_Teleop/build/omni_msgs
[2.892s] Invoked command in '/home/pc/US_Teleop_ws/Touch_Diana_Teleop/build/omni_msgs' returned '0': CMAKE_PREFIX_PATH=${CMAKE_PREFIX_PATH}:/opt/ros/humble /usr/bin/cmake /home/pc/US_Teleop_ws/Touch_Diana_Teleop/src/interfaces/omni_msgs -DCMAKE_INSTALL_PREFIX=/home/pc/US_Teleop_ws/Touch_Diana_Teleop/install/omni_msgs
[2.895s] Invoking command in '/home/pc/US_Teleop_ws/Touch_Diana_Teleop/build/omni_msgs': CMAKE_PREFIX_PATH=${CMAKE_PREFIX_PATH}:/opt/ros/humble /usr/bin/cmake --build /home/pc/US_Teleop_ws/Touch_Diana_Teleop/build/omni_msgs -- -j16 -l16
[2.977s] [  2%] [34m[1mGenerating C code for ROS interfaces[0m
[3.001s] [  4%] [34m[1mGenerating C++ code for ROS interfaces[0m
[3.025s] [  4%] Built target ament_cmake_python_copy_omni_msgs
[3.361s] running egg_info
[3.362s] creating omni_msgs.egg-info
[3.362s] writing omni_msgs.egg-info/PKG-INFO
[3.363s] writing dependency_links to omni_msgs.egg-info/dependency_links.txt
[3.363s] writing top-level names to omni_msgs.egg-info/top_level.txt
[3.363s] writing manifest file 'omni_msgs.egg-info/SOURCES.txt'
[3.367s] reading manifest file 'omni_msgs.egg-info/SOURCES.txt'
[3.367s] writing manifest file 'omni_msgs.egg-info/SOURCES.txt'
[3.469s] [  4%] Built target ament_cmake_python_build_omni_msgs_egg
[3.582s] [  8%] [32mBuilding C object CMakeFiles/omni_msgs__rosidl_generator_c.dir/rosidl_generator_c/omni_msgs/msg/detail/omni_feedback__functions.c.o[0m
[3.582s] [  8%] [32mBuilding C object CMakeFiles/omni_msgs__rosidl_generator_c.dir/rosidl_generator_c/omni_msgs/msg/detail/omni_button_event__functions.c.o[0m
[3.582s] [ 10%] [32mBuilding C object CMakeFiles/omni_msgs__rosidl_generator_c.dir/rosidl_generator_c/omni_msgs/msg/detail/omni_state__functions.c.o[0m
[3.602s] [ 10%] Built target omni_msgs__cpp
[3.627s] [ 17%] [34m[1mGenerating C++ introspection for ROS interfaces[0m
[3.627s] [ 17%] [34m[1mGenerating C++ type support dispatch for ROS interfaces[0m
[3.627s] [ 17%] [34m[1mGenerating C++ type support for eProsima Fast-RTPS[0m
[3.686s] [ 19%] [32m[1mLinking C shared library libomni_msgs__rosidl_generator_c.so[0m
[3.803s] [ 19%] Built target omni_msgs__rosidl_generator_c
[3.835s] [ 21%] [34m[1mGenerating C type support for eProsima Fast-RTPS[0m
[3.837s] [ 25%] [34m[1mGenerating C introspection for ROS interfaces[0m
[3.837s] [ 25%] [34m[1mGenerating C type support dispatch for ROS interfaces[0m
[4.242s] [ 27%] [32mBuilding CXX object CMakeFiles/omni_msgs__rosidl_typesupport_introspection_cpp.dir/rosidl_typesupport_introspection_cpp/omni_msgs/msg/detail/omni_button_event__type_support.cpp.o[0m
[4.243s] [ 29%] [32mBuilding CXX object CMakeFiles/omni_msgs__rosidl_typesupport_introspection_cpp.dir/rosidl_typesupport_introspection_cpp/omni_msgs/msg/detail/omni_feedback__type_support.cpp.o[0m
[4.248s] [ 31%] [32mBuilding CXX object CMakeFiles/omni_msgs__rosidl_typesupport_introspection_cpp.dir/rosidl_typesupport_introspection_cpp/omni_msgs/msg/detail/omni_state__type_support.cpp.o[0m
[4.289s] [ 36%] [32mBuilding CXX object CMakeFiles/omni_msgs__rosidl_typesupport_cpp.dir/rosidl_typesupport_cpp/omni_msgs/msg/omni_feedback__type_support.cpp.o[0m
[4.289s] [ 36%] [32mBuilding CXX object CMakeFiles/omni_msgs__rosidl_typesupport_cpp.dir/rosidl_typesupport_cpp/omni_msgs/msg/omni_button_event__type_support.cpp.o[0m
[4.295s] [ 38%] [32mBuilding CXX object CMakeFiles/omni_msgs__rosidl_typesupport_cpp.dir/rosidl_typesupport_cpp/omni_msgs/msg/omni_state__type_support.cpp.o[0m
[4.320s] [ 40%] [32mBuilding CXX object CMakeFiles/omni_msgs__rosidl_typesupport_fastrtps_cpp.dir/rosidl_typesupport_fastrtps_cpp/omni_msgs/msg/detail/dds_fastrtps/omni_button_event__type_support.cpp.o[0m
[4.323s] [ 42%] [32mBuilding CXX object CMakeFiles/omni_msgs__rosidl_typesupport_fastrtps_cpp.dir/rosidl_typesupport_fastrtps_cpp/omni_msgs/msg/detail/dds_fastrtps/omni_feedback__type_support.cpp.o[0m
[4.325s] [ 44%] [32mBuilding CXX object CMakeFiles/omni_msgs__rosidl_typesupport_fastrtps_cpp.dir/rosidl_typesupport_fastrtps_cpp/omni_msgs/msg/detail/dds_fastrtps/omni_state__type_support.cpp.o[0m
[4.739s] [ 46%] [32mBuilding CXX object CMakeFiles/omni_msgs__rosidl_typesupport_fastrtps_c.dir/rosidl_typesupport_fastrtps_c/omni_msgs/msg/detail/omni_button_event__type_support_c.cpp.o[0m
[4.752s] [ 51%] [32mBuilding CXX object CMakeFiles/omni_msgs__rosidl_typesupport_c.dir/rosidl_typesupport_c/omni_msgs/msg/omni_state__type_support.cpp.o[0m
[4.752s] [ 51%] [32mBuilding CXX object CMakeFiles/omni_msgs__rosidl_typesupport_c.dir/rosidl_typesupport_c/omni_msgs/msg/omni_feedback__type_support.cpp.o[0m
[4.781s] [ 53%] [32mBuilding CXX object CMakeFiles/omni_msgs__rosidl_typesupport_c.dir/rosidl_typesupport_c/omni_msgs/msg/omni_button_event__type_support.cpp.o[0m
[4.783s] [ 55%] [32mBuilding CXX object CMakeFiles/omni_msgs__rosidl_typesupport_fastrtps_c.dir/rosidl_typesupport_fastrtps_c/omni_msgs/msg/detail/omni_feedback__type_support_c.cpp.o[0m
[4.821s] [ 57%] [32mBuilding CXX object CMakeFiles/omni_msgs__rosidl_typesupport_fastrtps_c.dir/rosidl_typesupport_fastrtps_c/omni_msgs/msg/detail/omni_state__type_support_c.cpp.o[0m
[4.890s] [ 59%] [32mBuilding C object CMakeFiles/omni_msgs__rosidl_typesupport_introspection_c.dir/rosidl_typesupport_introspection_c/omni_msgs/msg/detail/omni_button_event__type_support.c.o[0m
[4.949s] [ 61%] [32mBuilding C object CMakeFiles/omni_msgs__rosidl_typesupport_introspection_c.dir/rosidl_typesupport_introspection_c/omni_msgs/msg/detail/omni_feedback__type_support.c.o[0m
[4.980s] [ 63%] [32mBuilding C object CMakeFiles/omni_msgs__rosidl_typesupport_introspection_c.dir/rosidl_typesupport_introspection_c/omni_msgs/msg/detail/omni_state__type_support.c.o[0m
[5.004s] [ 65%] [32m[1mLinking CXX shared library libomni_msgs__rosidl_typesupport_c.so[0m
[5.274s] [ 68%] [32m[1mLinking C shared library libomni_msgs__rosidl_typesupport_introspection_c.so[0m
[5.322s] [ 68%] Built target omni_msgs__rosidl_typesupport_c
[5.534s] [ 70%] [32m[1mLinking CXX shared library libomni_msgs__rosidl_typesupport_cpp.so[0m
[5.565s] [ 70%] Built target omni_msgs__rosidl_typesupport_introspection_c
[5.757s] [ 70%] Built target omni_msgs__rosidl_typesupport_cpp
[5.944s] [ 72%] [32m[1mLinking CXX shared library libomni_msgs__rosidl_typesupport_fastrtps_cpp.so[0m
[6.018s] [ 74%] [32m[1mLinking CXX shared library libomni_msgs__rosidl_typesupport_introspection_cpp.so[0m
[6.340s] [ 76%] [32m[1mLinking CXX shared library libomni_msgs__rosidl_typesupport_fastrtps_c.so[0m
[6.472s] [ 76%] Built target omni_msgs__rosidl_typesupport_introspection_cpp
[6.565s] [ 76%] Built target omni_msgs__rosidl_typesupport_fastrtps_cpp
[6.937s] [ 76%] Built target omni_msgs__rosidl_typesupport_fastrtps_c
[7.022s] [ 76%] Built target omni_msgs
[7.111s] [ 78%] [34m[1mGenerating Python code for ROS interfaces[0m
[7.928s] [ 78%] Built target omni_msgs__py
[7.965s] [ 85%] [32mBuilding C object CMakeFiles/omni_msgs__rosidl_generator_py.dir/rosidl_generator_py/omni_msgs/msg/_omni_feedback_s.c.o[0m
[7.965s] [ 85%] [32mBuilding C object CMakeFiles/omni_msgs__rosidl_generator_py.dir/rosidl_generator_py/omni_msgs/msg/_omni_button_event_s.c.o[0m
[7.965s] [ 85%] [32mBuilding C object CMakeFiles/omni_msgs__rosidl_generator_py.dir/rosidl_generator_py/omni_msgs/msg/_omni_state_s.c.o[0m
[8.117s] [ 87%] [32m[1mLinking C shared library rosidl_generator_py/omni_msgs/libomni_msgs__rosidl_generator_py.so[0m
[8.198s] [ 87%] Built target omni_msgs__rosidl_generator_py
[8.238s] [ 93%] [32mBuilding C object CMakeFiles/omni_msgs__rosidl_typesupport_introspection_c__pyext.dir/rosidl_generator_py/omni_msgs/_omni_msgs_s.ep.rosidl_typesupport_introspection_c.c.o[0m
[8.238s] [ 93%] [32mBuilding C object CMakeFiles/omni_msgs__rosidl_typesupport_fastrtps_c__pyext.dir/rosidl_generator_py/omni_msgs/_omni_msgs_s.ep.rosidl_typesupport_fastrtps_c.c.o[0m
[8.238s] [ 93%] [32mBuilding C object CMakeFiles/omni_msgs__rosidl_typesupport_c__pyext.dir/rosidl_generator_py/omni_msgs/_omni_msgs_s.ep.rosidl_typesupport_c.c.o[0m
[8.410s] [100%] [32m[1mLinking C shared library rosidl_generator_py/omni_msgs/omni_msgs_s__rosidl_typesupport_fastrtps_c.cpython-310-x86_64-linux-gnu.so[0m
[8.410s] [100%] [32m[1mLinking C shared library rosidl_generator_py/omni_msgs/omni_msgs_s__rosidl_typesupport_introspection_c.cpython-310-x86_64-linux-gnu.so[0m
[8.410s] [100%] [32m[1mLinking C shared library rosidl_generator_py/omni_msgs/omni_msgs_s__rosidl_typesupport_c.cpython-310-x86_64-linux-gnu.so[0m
[8.485s] [100%] Built target omni_msgs__rosidl_typesupport_c__pyext
[8.485s] [100%] Built target omni_msgs__rosidl_typesupport_fastrtps_c__pyext
[8.485s] [100%] Built target omni_msgs__rosidl_typesupport_introspection_c__pyext
[8.508s] Invoked command in '/home/pc/US_Teleop_ws/Touch_Diana_Teleop/build/omni_msgs' returned '0': CMAKE_PREFIX_PATH=${CMAKE_PREFIX_PATH}:/opt/ros/humble /usr/bin/cmake --build /home/pc/US_Teleop_ws/Touch_Diana_Teleop/build/omni_msgs -- -j16 -l16
[8.525s] Invoking command in '/home/pc/US_Teleop_ws/Touch_Diana_Teleop/build/omni_msgs': CMAKE_PREFIX_PATH=${CMAKE_PREFIX_PATH}:/opt/ros/humble /usr/bin/cmake --install /home/pc/US_Teleop_ws/Touch_Diana_Teleop/build/omni_msgs
[8.539s] -- Install configuration: ""
[8.539s] -- Installing: /home/pc/US_Teleop_ws/Touch_Diana_Teleop/install/omni_msgs/share/ament_index/resource_index/rosidl_interfaces/omni_msgs
[8.539s] -- Installing: /home/pc/US_Teleop_ws/Touch_Diana_Teleop/install/omni_msgs/include/omni_msgs/omni_msgs
[8.540s] -- Installing: /home/pc/US_Teleop_ws/Touch_Diana_Teleop/install/omni_msgs/include/omni_msgs/omni_msgs/msg
[8.540s] -- Installing: /home/pc/US_Teleop_ws/Touch_Diana_Teleop/install/omni_msgs/include/omni_msgs/omni_msgs/msg/omni_feedback.h
[8.540s] -- Installing: /home/pc/US_Teleop_ws/Touch_Diana_Teleop/install/omni_msgs/include/omni_msgs/omni_msgs/msg/omni_button_event.h
[8.540s] -- Installing: /home/pc/US_Teleop_ws/Touch_Diana_Teleop/install/omni_msgs/include/omni_msgs/omni_msgs/msg/rosidl_generator_c__visibility_control.h
[8.540s] -- Installing: /home/pc/US_Teleop_ws/Touch_Diana_Teleop/install/omni_msgs/include/omni_msgs/omni_msgs/msg/detail
[8.540s] -- Installing: /home/pc/US_Teleop_ws/Touch_Diana_Teleop/install/omni_msgs/include/omni_msgs/omni_msgs/msg/detail/omni_feedback__type_support.h
[8.540s] -- Installing: /home/pc/US_Teleop_ws/Touch_Diana_Teleop/install/omni_msgs/include/omni_msgs/omni_msgs/msg/detail/omni_button_event__functions.h
[8.540s] -- Installing: /home/pc/US_Teleop_ws/Touch_Diana_Teleop/install/omni_msgs/include/omni_msgs/omni_msgs/msg/detail/omni_feedback__struct.h
[8.540s] -- Installing: /home/pc/US_Teleop_ws/Touch_Diana_Teleop/install/omni_msgs/include/omni_msgs/omni_msgs/msg/detail/omni_button_event__type_support.h
[8.540s] -- Installing: /home/pc/US_Teleop_ws/Touch_Diana_Teleop/install/omni_msgs/include/omni_msgs/omni_msgs/msg/detail/omni_state__struct.h
[8.541s] -- Installing: /home/pc/US_Teleop_ws/Touch_Diana_Teleop/install/omni_msgs/include/omni_msgs/omni_msgs/msg/detail/omni_state__type_support.h
[8.541s] -- Installing: /home/pc/US_Teleop_ws/Touch_Diana_Teleop/install/omni_msgs/include/omni_msgs/omni_msgs/msg/detail/omni_feedback__functions.h
[8.541s] -- Installing: /home/pc/US_Teleop_ws/Touch_Diana_Teleop/install/omni_msgs/include/omni_msgs/omni_msgs/msg/detail/omni_state__functions.h
[8.541s] -- Installing: /home/pc/US_Teleop_ws/Touch_Diana_Teleop/install/omni_msgs/include/omni_msgs/omni_msgs/msg/detail/omni_feedback__functions.c
[8.541s] -- Installing: /home/pc/US_Teleop_ws/Touch_Diana_Teleop/install/omni_msgs/include/omni_msgs/omni_msgs/msg/detail/omni_button_event__struct.h
[8.541s] -- Installing: /home/pc/US_Teleop_ws/Touch_Diana_Teleop/install/omni_msgs/include/omni_msgs/omni_msgs/msg/detail/omni_state__functions.c
[8.542s] -- Installing: /home/pc/US_Teleop_ws/Touch_Diana_Teleop/install/omni_msgs/include/omni_msgs/omni_msgs/msg/detail/omni_button_event__functions.c
[8.542s] -- Installing: /home/pc/US_Teleop_ws/Touch_Diana_Teleop/install/omni_msgs/include/omni_msgs/omni_msgs/msg/omni_state.h
[8.542s] -- Installing: /home/pc/US_Teleop_ws/Touch_Diana_Teleop/install/omni_msgs/share/omni_msgs/environment/library_path.sh
[8.542s] -- Installing: /home/pc/US_Teleop_ws/Touch_Diana_Teleop/install/omni_msgs/share/omni_msgs/environment/library_path.dsv
[8.543s] -- Installing: /home/pc/US_Teleop_ws/Touch_Diana_Teleop/install/omni_msgs/lib/libomni_msgs__rosidl_generator_c.so
[8.543s] -- Set runtime path of "/home/pc/US_Teleop_ws/Touch_Diana_Teleop/install/omni_msgs/lib/libomni_msgs__rosidl_generator_c.so" to ""
[8.543s] -- Up-to-date: /home/pc/US_Teleop_ws/Touch_Diana_Teleop/install/omni_msgs/include/omni_msgs/omni_msgs
[8.544s] -- Up-to-date: /home/pc/US_Teleop_ws/Touch_Diana_Teleop/install/omni_msgs/include/omni_msgs/omni_msgs/msg
[8.544s] -- Installing: /home/pc/US_Teleop_ws/Touch_Diana_Teleop/install/omni_msgs/include/omni_msgs/omni_msgs/msg/rosidl_typesupport_fastrtps_c__visibility_control.h
[8.544s] -- Up-to-date: /home/pc/US_Teleop_ws/Touch_Diana_Teleop/install/omni_msgs/include/omni_msgs/omni_msgs/msg/detail
[8.544s] -- Installing: /home/pc/US_Teleop_ws/Touch_Diana_Teleop/install/omni_msgs/include/omni_msgs/omni_msgs/msg/detail/omni_feedback__rosidl_typesupport_fastrtps_c.h
[8.544s] -- Installing: /home/pc/US_Teleop_ws/Touch_Diana_Teleop/install/omni_msgs/include/omni_msgs/omni_msgs/msg/detail/omni_state__rosidl_typesupport_fastrtps_c.h
[8.544s] -- Installing: /home/pc/US_Teleop_ws/Touch_Diana_Teleop/install/omni_msgs/include/omni_msgs/omni_msgs/msg/detail/omni_button_event__rosidl_typesupport_fastrtps_c.h
[8.544s] -- Installing: /home/pc/US_Teleop_ws/Touch_Diana_Teleop/install/omni_msgs/lib/libomni_msgs__rosidl_typesupport_fastrtps_c.so
[8.545s] -- Set runtime path of "/home/pc/US_Teleop_ws/Touch_Diana_Teleop/install/omni_msgs/lib/libomni_msgs__rosidl_typesupport_fastrtps_c.so" to ""
[8.545s] -- Up-to-date: /home/pc/US_Teleop_ws/Touch_Diana_Teleop/install/omni_msgs/include/omni_msgs/omni_msgs
[8.545s] -- Up-to-date: /home/pc/US_Teleop_ws/Touch_Diana_Teleop/install/omni_msgs/include/omni_msgs/omni_msgs/msg
[8.545s] -- Installing: /home/pc/US_Teleop_ws/Touch_Diana_Teleop/install/omni_msgs/include/omni_msgs/omni_msgs/msg/rosidl_typesupport_introspection_c__visibility_control.h
[8.545s] -- Up-to-date: /home/pc/US_Teleop_ws/Touch_Diana_Teleop/install/omni_msgs/include/omni_msgs/omni_msgs/msg/detail
[8.545s] -- Installing: /home/pc/US_Teleop_ws/Touch_Diana_Teleop/install/omni_msgs/include/omni_msgs/omni_msgs/msg/detail/omni_feedback__type_support.c
[8.545s] -- Installing: /home/pc/US_Teleop_ws/Touch_Diana_Teleop/install/omni_msgs/include/omni_msgs/omni_msgs/msg/detail/omni_state__rosidl_typesupport_introspection_c.h
[8.546s] -- Installing: /home/pc/US_Teleop_ws/Touch_Diana_Teleop/install/omni_msgs/include/omni_msgs/omni_msgs/msg/detail/omni_button_event__rosidl_typesupport_introspection_c.h
[8.546s] -- Installing: /home/pc/US_Teleop_ws/Touch_Diana_Teleop/install/omni_msgs/include/omni_msgs/omni_msgs/msg/detail/omni_state__type_support.c
[8.546s] -- Installing: /home/pc/US_Teleop_ws/Touch_Diana_Teleop/install/omni_msgs/include/omni_msgs/omni_msgs/msg/detail/omni_feedback__rosidl_typesupport_introspection_c.h
[8.546s] -- Installing: /home/pc/US_Teleop_ws/Touch_Diana_Teleop/install/omni_msgs/include/omni_msgs/omni_msgs/msg/detail/omni_button_event__type_support.c
[8.546s] -- Installing: /home/pc/US_Teleop_ws/Touch_Diana_Teleop/install/omni_msgs/lib/libomni_msgs__rosidl_typesupport_introspection_c.so
[8.547s] -- Set runtime path of "/home/pc/US_Teleop_ws/Touch_Diana_Teleop/install/omni_msgs/lib/libomni_msgs__rosidl_typesupport_introspection_c.so" to ""
[8.547s] -- Installing: /home/pc/US_Teleop_ws/Touch_Diana_Teleop/install/omni_msgs/lib/libomni_msgs__rosidl_typesupport_c.so
[8.548s] -- Set runtime path of "/home/pc/US_Teleop_ws/Touch_Diana_Teleop/install/omni_msgs/lib/libomni_msgs__rosidl_typesupport_c.so" to ""
[8.548s] -- Up-to-date: /home/pc/US_Teleop_ws/Touch_Diana_Teleop/install/omni_msgs/include/omni_msgs/omni_msgs
[8.548s] -- Up-to-date: /home/pc/US_Teleop_ws/Touch_Diana_Teleop/install/omni_msgs/include/omni_msgs/omni_msgs/msg
[8.548s] -- Installing: /home/pc/US_Teleop_ws/Touch_Diana_Teleop/install/omni_msgs/include/omni_msgs/omni_msgs/msg/omni_button_event.hpp
[8.548s] -- Up-to-date: /home/pc/US_Teleop_ws/Touch_Diana_Teleop/install/omni_msgs/include/omni_msgs/omni_msgs/msg/detail
[8.548s] -- Installing: /home/pc/US_Teleop_ws/Touch_Diana_Teleop/install/omni_msgs/include/omni_msgs/omni_msgs/msg/detail/omni_state__struct.hpp
[8.548s] -- Installing: /home/pc/US_Teleop_ws/Touch_Diana_Teleop/install/omni_msgs/include/omni_msgs/omni_msgs/msg/detail/omni_feedback__builder.hpp
[8.549s] -- Installing: /home/pc/US_Teleop_ws/Touch_Diana_Teleop/install/omni_msgs/include/omni_msgs/omni_msgs/msg/detail/omni_button_event__type_support.hpp
[8.549s] -- Installing: /home/pc/US_Teleop_ws/Touch_Diana_Teleop/install/omni_msgs/include/omni_msgs/omni_msgs/msg/detail/omni_button_event__traits.hpp
[8.549s] -- Installing: /home/pc/US_Teleop_ws/Touch_Diana_Teleop/install/omni_msgs/include/omni_msgs/omni_msgs/msg/detail/omni_button_event__struct.hpp
[8.549s] -- Installing: /home/pc/US_Teleop_ws/Touch_Diana_Teleop/install/omni_msgs/include/omni_msgs/omni_msgs/msg/detail/omni_state__type_support.hpp
[8.549s] -- Installing: /home/pc/US_Teleop_ws/Touch_Diana_Teleop/install/omni_msgs/include/omni_msgs/omni_msgs/msg/detail/omni_button_event__builder.hpp
[8.549s] -- Installing: /home/pc/US_Teleop_ws/Touch_Diana_Teleop/install/omni_msgs/include/omni_msgs/omni_msgs/msg/detail/omni_state__builder.hpp
[8.549s] -- Installing: /home/pc/US_Teleop_ws/Touch_Diana_Teleop/install/omni_msgs/include/omni_msgs/omni_msgs/msg/detail/omni_feedback__struct.hpp
[8.550s] -- Installing: /home/pc/US_Teleop_ws/Touch_Diana_Teleop/install/omni_msgs/include/omni_msgs/omni_msgs/msg/detail/omni_state__traits.hpp
[8.550s] -- Installing: /home/pc/US_Teleop_ws/Touch_Diana_Teleop/install/omni_msgs/include/omni_msgs/omni_msgs/msg/detail/omni_feedback__type_support.hpp
[8.550s] -- Installing: /home/pc/US_Teleop_ws/Touch_Diana_Teleop/install/omni_msgs/include/omni_msgs/omni_msgs/msg/detail/omni_feedback__traits.hpp
[8.550s] -- Installing: /home/pc/US_Teleop_ws/Touch_Diana_Teleop/install/omni_msgs/include/omni_msgs/omni_msgs/msg/omni_feedback.hpp
[8.550s] -- Installing: /home/pc/US_Teleop_ws/Touch_Diana_Teleop/install/omni_msgs/include/omni_msgs/omni_msgs/msg/rosidl_generator_cpp__visibility_control.hpp
[8.550s] -- Installing: /home/pc/US_Teleop_ws/Touch_Diana_Teleop/install/omni_msgs/include/omni_msgs/omni_msgs/msg/omni_state.hpp
[8.551s] -- Up-to-date: /home/pc/US_Teleop_ws/Touch_Diana_Teleop/install/omni_msgs/include/omni_msgs/omni_msgs
[8.551s] -- Up-to-date: /home/pc/US_Teleop_ws/Touch_Diana_Teleop/install/omni_msgs/include/omni_msgs/omni_msgs/msg
[8.551s] -- Up-to-date: /home/pc/US_Teleop_ws/Touch_Diana_Teleop/install/omni_msgs/include/omni_msgs/omni_msgs/msg/detail
[8.551s] -- Installing: /home/pc/US_Teleop_ws/Touch_Diana_Teleop/install/omni_msgs/include/omni_msgs/omni_msgs/msg/detail/omni_feedback__rosidl_typesupport_fastrtps_cpp.hpp
[8.551s] -- Installing: /home/pc/US_Teleop_ws/Touch_Diana_Teleop/install/omni_msgs/include/omni_msgs/omni_msgs/msg/detail/omni_button_event__rosidl_typesupport_fastrtps_cpp.hpp
[8.551s] -- Installing: /home/pc/US_Teleop_ws/Touch_Diana_Teleop/install/omni_msgs/include/omni_msgs/omni_msgs/msg/detail/omni_state__rosidl_typesupport_fastrtps_cpp.hpp
[8.551s] -- Installing: /home/pc/US_Teleop_ws/Touch_Diana_Teleop/install/omni_msgs/include/omni_msgs/omni_msgs/msg/detail/dds_fastrtps
[8.551s] -- Installing: /home/pc/US_Teleop_ws/Touch_Diana_Teleop/install/omni_msgs/include/omni_msgs/omni_msgs/msg/rosidl_typesupport_fastrtps_cpp__visibility_control.h
[8.552s] -- Installing: /home/pc/US_Teleop_ws/Touch_Diana_Teleop/install/omni_msgs/lib/libomni_msgs__rosidl_typesupport_fastrtps_cpp.so
[8.552s] -- Set runtime path of "/home/pc/US_Teleop_ws/Touch_Diana_Teleop/install/omni_msgs/lib/libomni_msgs__rosidl_typesupport_fastrtps_cpp.so" to ""
[8.552s] -- Up-to-date: /home/pc/US_Teleop_ws/Touch_Diana_Teleop/install/omni_msgs/include/omni_msgs/omni_msgs
[8.552s] -- Up-to-date: /home/pc/US_Teleop_ws/Touch_Diana_Teleop/install/omni_msgs/include/omni_msgs/omni_msgs/msg
[8.552s] -- Up-to-date: /home/pc/US_Teleop_ws/Touch_Diana_Teleop/install/omni_msgs/include/omni_msgs/omni_msgs/msg/detail
[8.553s] -- Installing: /home/pc/US_Teleop_ws/Touch_Diana_Teleop/install/omni_msgs/include/omni_msgs/omni_msgs/msg/detail/omni_button_event__type_support.cpp
[8.553s] -- Installing: /home/pc/US_Teleop_ws/Touch_Diana_Teleop/install/omni_msgs/include/omni_msgs/omni_msgs/msg/detail/omni_button_event__rosidl_typesupport_introspection_cpp.hpp
[8.553s] -- Installing: /home/pc/US_Teleop_ws/Touch_Diana_Teleop/install/omni_msgs/include/omni_msgs/omni_msgs/msg/detail/omni_state__rosidl_typesupport_introspection_cpp.hpp
[8.553s] -- Installing: /home/pc/US_Teleop_ws/Touch_Diana_Teleop/install/omni_msgs/include/omni_msgs/omni_msgs/msg/detail/omni_state__type_support.cpp
[8.553s] -- Installing: /home/pc/US_Teleop_ws/Touch_Diana_Teleop/install/omni_msgs/include/omni_msgs/omni_msgs/msg/detail/omni_feedback__type_support.cpp
[8.553s] -- Installing: /home/pc/US_Teleop_ws/Touch_Diana_Teleop/install/omni_msgs/include/omni_msgs/omni_msgs/msg/detail/omni_feedback__rosidl_typesupport_introspection_cpp.hpp
[8.553s] -- Installing: /home/pc/US_Teleop_ws/Touch_Diana_Teleop/install/omni_msgs/lib/libomni_msgs__rosidl_typesupport_introspection_cpp.so
[8.554s] -- Set runtime path of "/home/pc/US_Teleop_ws/Touch_Diana_Teleop/install/omni_msgs/lib/libomni_msgs__rosidl_typesupport_introspection_cpp.so" to ""
[8.554s] -- Installing: /home/pc/US_Teleop_ws/Touch_Diana_Teleop/install/omni_msgs/lib/libomni_msgs__rosidl_typesupport_cpp.so
[8.554s] -- Set runtime path of "/home/pc/US_Teleop_ws/Touch_Diana_Teleop/install/omni_msgs/lib/libomni_msgs__rosidl_typesupport_cpp.so" to ""
[8.555s] -- Installing: /home/pc/US_Teleop_ws/Touch_Diana_Teleop/install/omni_msgs/share/omni_msgs/environment/pythonpath.sh
[8.555s] -- Installing: /home/pc/US_Teleop_ws/Touch_Diana_Teleop/install/omni_msgs/share/omni_msgs/environment/pythonpath.dsv
[8.555s] -- Installing: /home/pc/US_Teleop_ws/Touch_Diana_Teleop/install/omni_msgs/local/lib/python3.10/dist-packages/omni_msgs-0.0.0-py3.10.egg-info
[8.555s] -- Installing: /home/pc/US_Teleop_ws/Touch_Diana_Teleop/install/omni_msgs/local/lib/python3.10/dist-packages/omni_msgs-0.0.0-py3.10.egg-info/top_level.txt
[8.555s] -- Installing: /home/pc/US_Teleop_ws/Touch_Diana_Teleop/install/omni_msgs/local/lib/python3.10/dist-packages/omni_msgs-0.0.0-py3.10.egg-info/PKG-INFO
[8.555s] -- Installing: /home/pc/US_Teleop_ws/Touch_Diana_Teleop/install/omni_msgs/local/lib/python3.10/dist-packages/omni_msgs-0.0.0-py3.10.egg-info/dependency_links.txt
[8.556s] -- Installing: /home/pc/US_Teleop_ws/Touch_Diana_Teleop/install/omni_msgs/local/lib/python3.10/dist-packages/omni_msgs-0.0.0-py3.10.egg-info/SOURCES.txt
[8.556s] -- Installing: /home/pc/US_Teleop_ws/Touch_Diana_Teleop/install/omni_msgs/local/lib/python3.10/dist-packages/omni_msgs
[8.556s] -- Installing: /home/pc/US_Teleop_ws/Touch_Diana_Teleop/install/omni_msgs/local/lib/python3.10/dist-packages/omni_msgs/_omni_msgs_s.ep.rosidl_typesupport_introspection_c.c
[8.556s] -- Installing: /home/pc/US_Teleop_ws/Touch_Diana_Teleop/install/omni_msgs/local/lib/python3.10/dist-packages/omni_msgs/omni_msgs_s__rosidl_typesupport_c.cpython-310-x86_64-linux-gnu.so
[8.557s] -- Installing: /home/pc/US_Teleop_ws/Touch_Diana_Teleop/install/omni_msgs/local/lib/python3.10/dist-packages/omni_msgs/omni_msgs_s__rosidl_typesupport_introspection_c.cpython-310-x86_64-linux-gnu.so
[8.557s] -- Installing: /home/pc/US_Teleop_ws/Touch_Diana_Teleop/install/omni_msgs/local/lib/python3.10/dist-packages/omni_msgs/__init__.py
[8.557s] -- Installing: /home/pc/US_Teleop_ws/Touch_Diana_Teleop/install/omni_msgs/local/lib/python3.10/dist-packages/omni_msgs/_omni_msgs_s.ep.rosidl_typesupport_fastrtps_c.c
[8.557s] -- Installing: /home/pc/US_Teleop_ws/Touch_Diana_Teleop/install/omni_msgs/local/lib/python3.10/dist-packages/omni_msgs/msg
[8.557s] -- Installing: /home/pc/US_Teleop_ws/Touch_Diana_Teleop/install/omni_msgs/local/lib/python3.10/dist-packages/omni_msgs/msg/__init__.py
[8.558s] -- Installing: /home/pc/US_Teleop_ws/Touch_Diana_Teleop/install/omni_msgs/local/lib/python3.10/dist-packages/omni_msgs/msg/_omni_state_s.c
[8.558s] -- Installing: /home/pc/US_Teleop_ws/Touch_Diana_Teleop/install/omni_msgs/local/lib/python3.10/dist-packages/omni_msgs/msg/_omni_state.py
[8.558s] -- Installing: /home/pc/US_Teleop_ws/Touch_Diana_Teleop/install/omni_msgs/local/lib/python3.10/dist-packages/omni_msgs/msg/_omni_button_event_s.c
[8.558s] -- Installing: /home/pc/US_Teleop_ws/Touch_Diana_Teleop/install/omni_msgs/local/lib/python3.10/dist-packages/omni_msgs/msg/_omni_button_event.py
[8.558s] -- Installing: /home/pc/US_Teleop_ws/Touch_Diana_Teleop/install/omni_msgs/local/lib/python3.10/dist-packages/omni_msgs/msg/_omni_feedback_s.c
[8.558s] -- Installing: /home/pc/US_Teleop_ws/Touch_Diana_Teleop/install/omni_msgs/local/lib/python3.10/dist-packages/omni_msgs/msg/_omni_feedback.py
[8.559s] -- Installing: /home/pc/US_Teleop_ws/Touch_Diana_Teleop/install/omni_msgs/local/lib/python3.10/dist-packages/omni_msgs/omni_msgs_s__rosidl_typesupport_fastrtps_c.cpython-310-x86_64-linux-gnu.so
[8.559s] -- Installing: /home/pc/US_Teleop_ws/Touch_Diana_Teleop/install/omni_msgs/local/lib/python3.10/dist-packages/omni_msgs/_omni_msgs_s.ep.rosidl_typesupport_c.c
[8.559s] -- Installing: /home/pc/US_Teleop_ws/Touch_Diana_Teleop/install/omni_msgs/local/lib/python3.10/dist-packages/omni_msgs/libomni_msgs__rosidl_generator_py.so
[8.615s] Listing '/home/pc/US_Teleop_ws/Touch_Diana_Teleop/install/omni_msgs/local/lib/python3.10/dist-packages/omni_msgs'...
[8.615s] Compiling '/home/pc/US_Teleop_ws/Touch_Diana_Teleop/install/omni_msgs/local/lib/python3.10/dist-packages/omni_msgs/__init__.py'...
[8.616s] Listing '/home/pc/US_Teleop_ws/Touch_Diana_Teleop/install/omni_msgs/local/lib/python3.10/dist-packages/omni_msgs/msg'...
[8.616s] Compiling '/home/pc/US_Teleop_ws/Touch_Diana_Teleop/install/omni_msgs/local/lib/python3.10/dist-packages/omni_msgs/msg/__init__.py'...
[8.616s] Compiling '/home/pc/US_Teleop_ws/Touch_Diana_Teleop/install/omni_msgs/local/lib/python3.10/dist-packages/omni_msgs/msg/_omni_button_event.py'...
[8.616s] Compiling '/home/pc/US_Teleop_ws/Touch_Diana_Teleop/install/omni_msgs/local/lib/python3.10/dist-packages/omni_msgs/msg/_omni_feedback.py'...
[8.616s] Compiling '/home/pc/US_Teleop_ws/Touch_Diana_Teleop/install/omni_msgs/local/lib/python3.10/dist-packages/omni_msgs/msg/_omni_state.py'...
[8.633s] -- Installing: /home/pc/US_Teleop_ws/Touch_Diana_Teleop/install/omni_msgs/local/lib/python3.10/dist-packages/omni_msgs/omni_msgs_s__rosidl_typesupport_fastrtps_c.cpython-310-x86_64-linux-gnu.so
[8.633s] -- Set runtime path of "/home/pc/US_Teleop_ws/Touch_Diana_Teleop/install/omni_msgs/local/lib/python3.10/dist-packages/omni_msgs/omni_msgs_s__rosidl_typesupport_fastrtps_c.cpython-310-x86_64-linux-gnu.so" to ""
[8.633s] -- Installing: /home/pc/US_Teleop_ws/Touch_Diana_Teleop/install/omni_msgs/local/lib/python3.10/dist-packages/omni_msgs/omni_msgs_s__rosidl_typesupport_introspection_c.cpython-310-x86_64-linux-gnu.so
[8.633s] -- Set runtime path of "/home/pc/US_Teleop_ws/Touch_Diana_Teleop/install/omni_msgs/local/lib/python3.10/dist-packages/omni_msgs/omni_msgs_s__rosidl_typesupport_introspection_c.cpython-310-x86_64-linux-gnu.so" to ""
[8.634s] -- Installing: /home/pc/US_Teleop_ws/Touch_Diana_Teleop/install/omni_msgs/local/lib/python3.10/dist-packages/omni_msgs/omni_msgs_s__rosidl_typesupport_c.cpython-310-x86_64-linux-gnu.so
[8.634s] -- Set runtime path of "/home/pc/US_Teleop_ws/Touch_Diana_Teleop/install/omni_msgs/local/lib/python3.10/dist-packages/omni_msgs/omni_msgs_s__rosidl_typesupport_c.cpython-310-x86_64-linux-gnu.so" to ""
[8.634s] -- Installing: /home/pc/US_Teleop_ws/Touch_Diana_Teleop/install/omni_msgs/lib/libomni_msgs__rosidl_generator_py.so
[8.635s] -- Set runtime path of "/home/pc/US_Teleop_ws/Touch_Diana_Teleop/install/omni_msgs/lib/libomni_msgs__rosidl_generator_py.so" to ""
[8.635s] -- Installing: /home/pc/US_Teleop_ws/Touch_Diana_Teleop/install/omni_msgs/share/omni_msgs/msg/OmniButtonEvent.idl
[8.635s] -- Installing: /home/pc/US_Teleop_ws/Touch_Diana_Teleop/install/omni_msgs/share/omni_msgs/msg/OmniFeedback.idl
[8.635s] -- Installing: /home/pc/US_Teleop_ws/Touch_Diana_Teleop/install/omni_msgs/share/omni_msgs/msg/OmniState.idl
[8.635s] -- Installing: /home/pc/US_Teleop_ws/Touch_Diana_Teleop/install/omni_msgs/share/omni_msgs/msg/OmniButtonEvent.msg
[8.636s] -- Installing: /home/pc/US_Teleop_ws/Touch_Diana_Teleop/install/omni_msgs/share/omni_msgs/msg/OmniFeedback.msg
[8.636s] -- Installing: /home/pc/US_Teleop_ws/Touch_Diana_Teleop/install/omni_msgs/share/omni_msgs/msg/OmniState.msg
[8.636s] -- Installing: /home/pc/US_Teleop_ws/Touch_Diana_Teleop/install/omni_msgs/share/ament_index/resource_index/package_run_dependencies/omni_msgs
[8.636s] -- Installing: /home/pc/US_Teleop_ws/Touch_Diana_Teleop/install/omni_msgs/share/ament_index/resource_index/parent_prefix_path/omni_msgs
[8.637s] -- Installing: /home/pc/US_Teleop_ws/Touch_Diana_Teleop/install/omni_msgs/share/omni_msgs/environment/ament_prefix_path.sh
[8.637s] -- Installing: /home/pc/US_Teleop_ws/Touch_Diana_Teleop/install/omni_msgs/share/omni_msgs/environment/ament_prefix_path.dsv
[8.637s] -- Installing: /home/pc/US_Teleop_ws/Touch_Diana_Teleop/install/omni_msgs/share/omni_msgs/environment/path.sh
[8.637s] -- Installing: /home/pc/US_Teleop_ws/Touch_Diana_Teleop/install/omni_msgs/share/omni_msgs/environment/path.dsv
[8.637s] -- Installing: /home/pc/US_Teleop_ws/Touch_Diana_Teleop/install/omni_msgs/share/omni_msgs/local_setup.bash
[8.637s] -- Installing: /home/pc/US_Teleop_ws/Touch_Diana_Teleop/install/omni_msgs/share/omni_msgs/local_setup.sh
[8.638s] -- Installing: /home/pc/US_Teleop_ws/Touch_Diana_Teleop/install/omni_msgs/share/omni_msgs/local_setup.zsh
[8.638s] -- Installing: /home/pc/US_Teleop_ws/Touch_Diana_Teleop/install/omni_msgs/share/omni_msgs/local_setup.dsv
[8.638s] -- Installing: /home/pc/US_Teleop_ws/Touch_Diana_Teleop/install/omni_msgs/share/omni_msgs/package.dsv
[8.638s] -- Installing: /home/pc/US_Teleop_ws/Touch_Diana_Teleop/install/omni_msgs/share/ament_index/resource_index/packages/omni_msgs
[8.638s] -- Installing: /home/pc/US_Teleop_ws/Touch_Diana_Teleop/install/omni_msgs/share/omni_msgs/cmake/export_omni_msgs__rosidl_generator_cExport.cmake
[8.639s] -- Installing: /home/pc/US_Teleop_ws/Touch_Diana_Teleop/install/omni_msgs/share/omni_msgs/cmake/export_omni_msgs__rosidl_generator_cExport-noconfig.cmake
[8.639s] -- Installing: /home/pc/US_Teleop_ws/Touch_Diana_Teleop/install/omni_msgs/share/omni_msgs/cmake/export_omni_msgs__rosidl_typesupport_fastrtps_cExport.cmake
[8.639s] -- Installing: /home/pc/US_Teleop_ws/Touch_Diana_Teleop/install/omni_msgs/share/omni_msgs/cmake/export_omni_msgs__rosidl_typesupport_fastrtps_cExport-noconfig.cmake
[8.639s] -- Installing: /home/pc/US_Teleop_ws/Touch_Diana_Teleop/install/omni_msgs/share/omni_msgs/cmake/omni_msgs__rosidl_typesupport_introspection_cExport.cmake
[8.640s] -- Installing: /home/pc/US_Teleop_ws/Touch_Diana_Teleop/install/omni_msgs/share/omni_msgs/cmake/omni_msgs__rosidl_typesupport_introspection_cExport-noconfig.cmake
[8.640s] -- Installing: /home/pc/US_Teleop_ws/Touch_Diana_Teleop/install/omni_msgs/share/omni_msgs/cmake/omni_msgs__rosidl_typesupport_cExport.cmake
[8.640s] -- Installing: /home/pc/US_Teleop_ws/Touch_Diana_Teleop/install/omni_msgs/share/omni_msgs/cmake/omni_msgs__rosidl_typesupport_cExport-noconfig.cmake
[8.640s] -- Installing: /home/pc/US_Teleop_ws/Touch_Diana_Teleop/install/omni_msgs/share/omni_msgs/cmake/export_omni_msgs__rosidl_generator_cppExport.cmake
[8.640s] -- Installing: /home/pc/US_Teleop_ws/Touch_Diana_Teleop/install/omni_msgs/share/omni_msgs/cmake/export_omni_msgs__rosidl_typesupport_fastrtps_cppExport.cmake
[8.641s] -- Installing: /home/pc/US_Teleop_ws/Touch_Diana_Teleop/install/omni_msgs/share/omni_msgs/cmake/export_omni_msgs__rosidl_typesupport_fastrtps_cppExport-noconfig.cmake
[8.641s] -- Installing: /home/pc/US_Teleop_ws/Touch_Diana_Teleop/install/omni_msgs/share/omni_msgs/cmake/omni_msgs__rosidl_typesupport_introspection_cppExport.cmake
[8.641s] -- Installing: /home/pc/US_Teleop_ws/Touch_Diana_Teleop/install/omni_msgs/share/omni_msgs/cmake/omni_msgs__rosidl_typesupport_introspection_cppExport-noconfig.cmake
[8.641s] -- Installing: /home/pc/US_Teleop_ws/Touch_Diana_Teleop/install/omni_msgs/share/omni_msgs/cmake/omni_msgs__rosidl_typesupport_cppExport.cmake
[8.641s] -- Installing: /home/pc/US_Teleop_ws/Touch_Diana_Teleop/install/omni_msgs/share/omni_msgs/cmake/omni_msgs__rosidl_typesupport_cppExport-noconfig.cmake
[8.642s] -- Installing: /home/pc/US_Teleop_ws/Touch_Diana_Teleop/install/omni_msgs/share/omni_msgs/cmake/export_omni_msgs__rosidl_generator_pyExport.cmake
[8.642s] -- Installing: /home/pc/US_Teleop_ws/Touch_Diana_Teleop/install/omni_msgs/share/omni_msgs/cmake/export_omni_msgs__rosidl_generator_pyExport-noconfig.cmake
[8.642s] -- Installing: /home/pc/US_Teleop_ws/Touch_Diana_Teleop/install/omni_msgs/share/omni_msgs/cmake/rosidl_cmake-extras.cmake
[8.642s] -- Installing: /home/pc/US_Teleop_ws/Touch_Diana_Teleop/install/omni_msgs/share/omni_msgs/cmake/ament_cmake_export_dependencies-extras.cmake
[8.642s] -- Installing: /home/pc/US_Teleop_ws/Touch_Diana_Teleop/install/omni_msgs/share/omni_msgs/cmake/ament_cmake_export_include_directories-extras.cmake
[8.643s] -- Installing: /home/pc/US_Teleop_ws/Touch_Diana_Teleop/install/omni_msgs/share/omni_msgs/cmake/ament_cmake_export_libraries-extras.cmake
[8.643s] -- Installing: /home/pc/US_Teleop_ws/Touch_Diana_Teleop/install/omni_msgs/share/omni_msgs/cmake/ament_cmake_export_targets-extras.cmake
[8.643s] -- Installing: /home/pc/US_Teleop_ws/Touch_Diana_Teleop/install/omni_msgs/share/omni_msgs/cmake/rosidl_cmake_export_typesupport_targets-extras.cmake
[8.643s] -- Installing: /home/pc/US_Teleop_ws/Touch_Diana_Teleop/install/omni_msgs/share/omni_msgs/cmake/rosidl_cmake_export_typesupport_libraries-extras.cmake
[8.643s] -- Installing: /home/pc/US_Teleop_ws/Touch_Diana_Teleop/install/omni_msgs/share/omni_msgs/cmake/omni_msgsConfig.cmake
[8.644s] -- Installing: /home/pc/US_Teleop_ws/Touch_Diana_Teleop/install/omni_msgs/share/omni_msgs/cmake/omni_msgsConfig-version.cmake
[8.644s] -- Installing: /home/pc/US_Teleop_ws/Touch_Diana_Teleop/install/omni_msgs/share/omni_msgs/package.xml
[8.650s] Invoked command in '/home/pc/US_Teleop_ws/Touch_Diana_Teleop/build/omni_msgs' returned '0': CMAKE_PREFIX_PATH=${CMAKE_PREFIX_PATH}:/opt/ros/humble /usr/bin/cmake --install /home/pc/US_Teleop_ws/Touch_Diana_Teleop/build/omni_msgs
